#
# There is insufficient memory for the Java Runtime Environment to continue.
# Native memory allocation (mmap) failed to map 32505856 bytes for Failed to commit area from 0x0000000089800000 to 0x000000008b700000 of length 32505856.
# Possible reasons:
#   The system is out of physical RAM or swap space
#   The process is running with CompressedOops enabled, and the Java Heap may be blocking the growth of the native heap
# Possible solutions:
#   Reduce memory load on the system
#   Increase physical memory or swap space
#   Check if swap backing store is full
#   Decrease Java heap size (-Xmx/-Xms)
#   Decrease number of Java threads
#   Decrease Java thread stack sizes (-Xss)
#   Set larger code cache with -XX:ReservedCodeCacheSize=
#   JVM is running with Unscaled Compressed Oops mode in which the Java heap is
#     placed in the first 4GB address space. The Java Heap base address is the
#     maximum limit for the native heap growth. Please use -XX:HeapBaseMinAddress
#     to set the Java Heap base and to place the Java Heap above 4GB virtual address.
# This output file may be truncated or incomplete.
#
#  Out of Memory Error (./src/hotspot/os/windows/os_windows.cpp:3301), pid=18164, tid=544
#
# JRE version: OpenJDK Runtime Environment (11.0.10) (build 11.0.10+0-b96-7249189)
# Java VM: OpenJDK 64-Bit Server VM (11.0.10+0-b96-7249189, mixed mode, tiered, compressed oops, g1 gc, windows-amd64)
# No core dump will be written. Minidumps are not enabled by default on client versions of Windows
#

---------------  S U M M A R Y ------------

Command Line: --add-opens=java.base/java.util=ALL-UNNAMED --add-opens=java.base/java.lang=ALL-UNNAMED --add-opens=java.base/java.lang.invoke=ALL-UNNAMED --add-opens=java.base/java.util=ALL-UNNAMED --add-opens=java.prefs/java.util.prefs=ALL-UNNAMED --add-opens=java.prefs/java.util.prefs=ALL-UNNAMED --add-opens=java.base/java.nio.charset=ALL-UNNAMED --add-opens=java.base/java.net=ALL-UNNAMED --add-opens=java.base/java.util.concurrent.atomic=ALL-UNNAMED -Xmx2048m -Dfile.encoding=UTF-8 -Duser.country=US -Duser.language=en -Duser.variant org.gradle.launcher.daemon.bootstrap.GradleDaemon 7.0.2

Host: Intel(R) Core(TM) i7-10750H CPU @ 2.60GHz, 12 cores, 7G,  Windows 10 , 64 bit Build 19041 (10.0.19041.1348)
Time: Mon Dec  6 10:06:46 2021 China Standard Time elapsed time: 10.403599 seconds (0d 0h 0m 10s)

---------------  T H R E A D  ---------------

Current thread (0x000002804d2a9800):  VMThread "VM Thread" [stack: 0x000000812f600000,0x000000812f700000] [id=544]

Stack: [0x000000812f600000,0x000000812f700000]
[error occurred during error reporting (printing stack bounds), id 0xc0000005, EXCEPTION_ACCESS_VIOLATION (0xc0000005) at pc=0x00000280364f0f2d]

Native frames: (J=compiled Java code, j=interpreted, Vv=VM code, C=native code)
V  [jvm.dll+0x5ecfaa]
V  [jvm.dll+0x722bd5]
V  [jvm.dll+0x72412d]
V  [jvm.dll+0x724745]
V  [jvm.dll+0x7246fb]
V  [jvm.dll+0x5ec348]
V  [jvm.dll+0x5ecad8]
C  [ntdll.dll+0xa20cf]
C  [ntdll.dll+0x51454]
C  [ntdll.dll+0xa0bfe]
C  0x00000280364f0f2d

VM_Operation (0x0000008131cfea70): G1CollectForAllocation, mode: safepoint, requested by thread 0x000002804fad3800


---------------  P R O C E S S  ---------------

Threads class SMR info:
_java_thread_list=0x000002805659b730, length=75, elements={
0x0000028032a03000, 0x000002804d2ae000, 0x000002804d2b3800, 0x000002804dc24000,
0x000002804dc25000, 0x000002804dc27000, 0x000002804dc32800, 0x000002804d2ce000,
0x000002804d2d4000, 0x000002804dd9b800, 0x000002804fb50800, 0x000002804efd6800,
0x000002804e049000, 0x000002804de1f800, 0x000002804fc78800, 0x000002804f27c000,
0x000002804fbc5800, 0x000002804f347000, 0x000002804fda4800, 0x000002804fad8800,
0x000002804fad9000, 0x000002804fad4800, 0x000002804fad5000, 0x0000028051244800,
0x000002804fad6000, 0x000002804fad6800, 0x000002804fad3800, 0x000002804fad7800,
0x000002804fada000, 0x00000280517a3000, 0x00000280536d1000, 0x00000280536d1800,
0x00000280536d2800, 0x00000280536d4000, 0x00000280536d5000, 0x00000280536d5800,
0x00000280536d0000, 0x00000280536da800, 0x00000280536db800, 0x00000280536d7800,
0x00000280536dc000, 0x00000280536d6800, 0x00000280536d8000, 0x00000280536dd000,
0x00000280536de000, 0x00000280536d9000, 0x00000280536da000, 0x0000028054ec0000,
0x0000028054ebd800, 0x0000028054ebe800, 0x0000028054eba800, 0x0000028054ec1000,
0x0000028054ebc800, 0x0000028054ebc000, 0x0000028054ebb000, 0x0000028054ec4000,
0x0000028054ec5000, 0x0000028054ebf000, 0x0000028054ec5800, 0x0000028054ec6800,
0x0000028054ec7800, 0x0000028054ec8000, 0x0000028054ec2800, 0x0000028054ec9000,
0x0000028054ec3800, 0x0000028056a86000, 0x0000028056a82000, 0x0000028056a82800,
0x0000028056a80800, 0x0000028056a83800, 0x0000028056a81000, 0x0000028056a84800,
0x0000028056a85000, 0x0000028056a8a000, 0x0000028056a8b000
}

Java Threads: ( => current thread )
  0x0000028032a03000 JavaThread "main" [_thread_blocked, id=3624, stack(0x000000812f000000,0x000000812f100000)]
  0x000002804d2ae000 JavaThread "Reference Handler" daemon [_thread_blocked, id=16388, stack(0x000000812f700000,0x000000812f800000)]
  0x000002804d2b3800 JavaThread "Finalizer" daemon [_thread_blocked, id=11352, stack(0x000000812f800000,0x000000812f900000)]
  0x000002804dc24000 JavaThread "Signal Dispatcher" daemon [_thread_blocked, id=1076, stack(0x000000812f900000,0x000000812fa00000)]
  0x000002804dc25000 JavaThread "Attach Listener" daemon [_thread_blocked, id=17936, stack(0x000000812fa00000,0x000000812fb00000)]
  0x000002804dc27000 JavaThread "Service Thread" daemon [_thread_blocked, id=18560, stack(0x000000812fb00000,0x000000812fc00000)]
  0x000002804dc32800 JavaThread "C2 CompilerThread0" daemon [_thread_in_native, id=9952, stack(0x000000812fc00000,0x000000812fd00000)]
  0x000002804d2ce000 JavaThread "C1 CompilerThread0" daemon [_thread_blocked, id=17988, stack(0x000000812fd00000,0x000000812fe00000)]
  0x000002804d2d4000 JavaThread "Sweeper thread" daemon [_thread_blocked, id=11660, stack(0x000000812fe00000,0x000000812ff00000)]
  0x000002804dd9b800 JavaThread "Common-Cleaner" daemon [_thread_blocked, id=5184, stack(0x000000812ff00000,0x0000008130000000)]
  0x000002804fb50800 JavaThread "Daemon health stats" [_thread_blocked, id=17528, stack(0x0000008130500000,0x0000008130600000)]
  0x000002804efd6800 JavaThread "Incoming local TCP Connector on port 56025" [_thread_in_native, id=4308, stack(0x0000008130100000,0x0000008130200000)]
  0x000002804e049000 JavaThread "Daemon periodic checks" [_thread_blocked, id=3628, stack(0x0000008130200000,0x0000008130300000)]
  0x000002804de1f800 JavaThread "Daemon" [_thread_blocked, id=14852, stack(0x0000008130600000,0x0000008130700000)]
  0x000002804fc78800 JavaThread "Handler for socket connection from /127.0.0.1:56025 to /127.0.0.1:56026" [_thread_in_native, id=5728, stack(0x0000008130700000,0x0000008130800000)]
  0x000002804f27c000 JavaThread "Cancel handler" [_thread_blocked, id=15744, stack(0x0000008130800000,0x0000008130900000)]
  0x000002804fbc5800 JavaThread "Daemon worker" [_thread_blocked, id=8988, stack(0x0000008130900000,0x0000008130a00000)]
  0x000002804f347000 JavaThread "Asynchronous log dispatcher for DefaultDaemonConnection: socket connection from /127.0.0.1:56025 to /127.0.0.1:56026" [_thread_blocked, id=15208, stack(0x0000008130a00000,0x0000008130b00000)]
  0x000002804fda4800 JavaThread "Stdin handler" [_thread_blocked, id=17064, stack(0x0000008130b00000,0x0000008130c00000)]
  0x000002804fad8800 JavaThread "Daemon client event forwarder" [_thread_blocked, id=12968, stack(0x0000008130c00000,0x0000008130d00000)]
  0x000002804fad9000 JavaThread "Cache worker for file hash cache (C:\Users\user\.gradle\caches\7.0.2\fileHashes)" [_thread_blocked, id=18320, stack(0x0000008131400000,0x0000008131500000)]
  0x000002804fad4800 JavaThread "File lock request listener" [_thread_in_native, id=3312, stack(0x0000008131500000,0x0000008131600000)]
  0x000002804fad5000 JavaThread "Cache worker for journal cache (C:\Users\user\.gradle\caches\journal-1)" [_thread_blocked, id=9244, stack(0x0000008131800000,0x0000008131900000)]
  0x0000028051244800 JavaThread "C2 CompilerThread1" daemon [_thread_blocked, id=12052, stack(0x0000008131900000,0x0000008131a00000)]
  0x000002804fad6000 JavaThread "Cache worker for file hash cache (C:\Users\user\Documents\GitHub\UASProject\.gradle\7.0.2\fileHashes)" [_thread_blocked, id=2260, stack(0x0000008131a00000,0x0000008131b00000)]
  0x000002804fad6800 JavaThread "File watcher server" daemon [_thread_blocked, id=13044, stack(0x0000008131b00000,0x0000008131c00000)]
  0x000002804fad3800 JavaThread "File watcher consumer" daemon [_thread_blocked, id=11308, stack(0x0000008131c00000,0x0000008131d00000)]
  0x000002804fad7800 JavaThread "Cache worker for checksums cache (C:\Users\user\Documents\GitHub\UASProject\.gradle\checksums)" [_thread_blocked, id=15596, stack(0x0000008131d00000,0x0000008131e00000)]
  0x000002804fada000 JavaThread "Cache worker for cache directory md-supplier (C:\Users\user\.gradle\caches\7.0.2\md-supplier)" [_thread_blocked, id=15144, stack(0x0000008131e00000,0x0000008131f00000)]
  0x00000280517a3000 JavaThread "C2 CompilerThread2" daemon [_thread_in_native, id=19232, stack(0x0000008131f00000,0x0000008132000000)]
  0x00000280536d1000 JavaThread "Cache worker for cache directory md-rule (C:\Users\user\.gradle\caches\7.0.2\md-rule)" [_thread_blocked, id=8728, stack(0x0000008132000000,0x0000008132100000)]
  0x00000280536d1800 JavaThread "Cache worker for execution history cache (C:\Users\user\.gradle\caches\7.0.2\executionHistory)" [_thread_blocked, id=10700, stack(0x0000008132100000,0x0000008132200000)]
  0x00000280536d2800 JavaThread "jar transforms" [_thread_blocked, id=18944, stack(0x0000008132200000,0x0000008132300000)]
  0x00000280536d4000 JavaThread "jar transforms Thread 2" [_thread_blocked, id=7668, stack(0x0000008132300000,0x0000008132400000)]
  0x00000280536d5000 JavaThread "Cache worker for file content cache (C:\Users\user\.gradle\caches\7.0.2\fileContent)" [_thread_blocked, id=12660, stack(0x0000008132400000,0x0000008132500000)]
  0x00000280536d5800 JavaThread "Cache worker for dependencies-accessors (C:\Users\user\Documents\GitHub\UASProject\.gradle\7.0.2\dependencies-accessors)" [_thread_blocked, id=8660, stack(0x0000008132500000,0x0000008132600000)]
  0x00000280536d0000 JavaThread "jar transforms Thread 3" [_thread_blocked, id=8984, stack(0x0000008132600000,0x0000008132700000)]
  0x00000280536da800 JavaThread "Cache worker for Build Output Cleanup Cache (C:\Users\user\Documents\GitHub\UASProject\.gradle\buildOutputCleanup)" [_thread_blocked, id=17944, stack(0x0000008132700000,0x0000008132800000)]
  0x00000280536db800 JavaThread "Build operations" [_thread_blocked, id=7208, stack(0x0000008132800000,0x0000008132900000)]
  0x00000280536d7800 JavaThread "Build operations Thread 2" [_thread_blocked, id=17648, stack(0x0000008132900000,0x0000008132a00000)]
  0x00000280536dc000 JavaThread "Build operations Thread 3" [_thread_blocked, id=15964, stack(0x0000008132a00000,0x0000008132b00000)]
  0x00000280536d6800 JavaThread "Build operations Thread 4" [_thread_blocked, id=13356, stack(0x0000008132b00000,0x0000008132c00000)]
  0x00000280536d8000 JavaThread "Build operations Thread 5" [_thread_blocked, id=14664, stack(0x0000008132c00000,0x0000008132d00000)]
  0x00000280536dd000 JavaThread "Build operations Thread 6" [_thread_blocked, id=8328, stack(0x0000008132d00000,0x0000008132e00000)]
  0x00000280536de000 JavaThread "Build operations Thread 7" [_thread_blocked, id=19284, stack(0x0000008132e00000,0x0000008132f00000)]
  0x00000280536d9000 JavaThread "Build operations Thread 8" [_thread_blocked, id=18920, stack(0x0000008132f00000,0x0000008133000000)]
  0x00000280536da000 JavaThread "Build operations Thread 9" [_thread_blocked, id=13860, stack(0x0000008133000000,0x0000008133100000)]
  0x0000028054ec0000 JavaThread "Build operations Thread 10" [_thread_blocked, id=2168, stack(0x0000008133100000,0x0000008133200000)]
  0x0000028054ebd800 JavaThread "Build operations Thread 11" [_thread_blocked, id=12536, stack(0x0000008133200000,0x0000008133300000)]
  0x0000028054ebe800 JavaThread "Build operations Thread 12" [_thread_blocked, id=16592, stack(0x0000008133300000,0x0000008133400000)]
  0x0000028054eba800 JavaThread "jar transforms Thread 4" [_thread_blocked, id=18916, stack(0x0000008133400000,0x0000008133500000)]
  0x0000028054ec1000 JavaThread "jar transforms Thread 5" [_thread_blocked, id=18740, stack(0x0000008133500000,0x0000008133600000)]
  0x0000028054ebc800 JavaThread "jar transforms Thread 6" [_thread_blocked, id=12480, stack(0x0000008133600000,0x0000008133700000)]
  0x0000028054ebc000 JavaThread "jar transforms Thread 7" [_thread_blocked, id=15612, stack(0x0000008133700000,0x0000008133800000)]
  0x0000028054ebb000 JavaThread "jar transforms Thread 8" [_thread_blocked, id=14708, stack(0x0000008133800000,0x0000008133900000)]
  0x0000028054ec4000 JavaThread "jar transforms Thread 9" [_thread_blocked, id=13180, stack(0x0000008133900000,0x0000008133a00000)]
  0x0000028054ec5000 JavaThread "jar transforms Thread 10" [_thread_blocked, id=18900, stack(0x0000008133a00000,0x0000008133b00000)]
  0x0000028054ebf000 JavaThread "jar transforms Thread 11" [_thread_blocked, id=15648, stack(0x0000008133b00000,0x0000008133c00000)]
  0x0000028054ec5800 JavaThread "jar transforms Thread 12" [_thread_blocked, id=17104, stack(0x0000008133c00000,0x0000008133d00000)]
  0x0000028054ec6800 JavaThread "Memory manager" [_thread_blocked, id=9316, stack(0x0000008133d00000,0x0000008133e00000)]
  0x0000028054ec7800 JavaThread "build event listener" [_thread_blocked, id=18624, stack(0x0000008133e00000,0x0000008133f00000)]
  0x0000028054ec8000 JavaThread "Execution worker for ':'" [_thread_blocked, id=15216, stack(0x0000008133f00000,0x0000008134000000)]
  0x0000028054ec2800 JavaThread "Execution worker for ':' Thread 2" [_thread_blocked, id=14008, stack(0x0000008134000000,0x0000008134100000)]
  0x0000028054ec9000 JavaThread "Execution worker for ':' Thread 3" [_thread_blocked, id=4520, stack(0x0000008134100000,0x0000008134200000)]
  0x0000028054ec3800 JavaThread "Execution worker for ':' Thread 4" [_thread_blocked, id=6516, stack(0x0000008134200000,0x0000008134300000)]
  0x0000028056a86000 JavaThread "Execution worker for ':' Thread 5" [_thread_blocked, id=18980, stack(0x0000008134300000,0x0000008134400000)]
  0x0000028056a82000 JavaThread "Execution worker for ':' Thread 6" [_thread_blocked, id=19020, stack(0x0000008134400000,0x0000008134500000)]
  0x0000028056a82800 JavaThread "Execution worker for ':' Thread 7" [_thread_blocked, id=12200, stack(0x0000008134500000,0x0000008134600000)]
  0x0000028056a80800 JavaThread "Execution worker for ':' Thread 8" [_thread_blocked, id=1084, stack(0x0000008134600000,0x0000008134700000)]
  0x0000028056a83800 JavaThread "Execution worker for ':' Thread 9" [_thread_blocked, id=12332, stack(0x0000008134700000,0x0000008134800000)]
  0x0000028056a81000 JavaThread "Execution worker for ':' Thread 10" [_thread_blocked, id=7856, stack(0x0000008134800000,0x0000008134900000)]
  0x0000028056a84800 JavaThread "Execution worker for ':' Thread 11" [_thread_blocked, id=9100, stack(0x0000008134900000,0x0000008134a00000)]
  0x0000028056a85000 JavaThread "Cache worker for execution history cache (C:\Users\user\Documents\GitHub\UASProject\.gradle\7.0.2\executionHistory)" [_thread_blocked, id=12008, stack(0x0000008134a00000,0x0000008134b00000)]
  0x0000028056a8a000 JavaThread "WorkerExecutor Queue" [_thread_blocked, id=4200, stack(0x0000008134b00000,0x0000008134c00000)]
  0x0000028056a8b000 JavaThread "WorkerExecutor Queue Thread 2" [_thread_blocked, id=6364, stack(0x0000008134c00000,0x0000008134d00000)]

Other Threads:
=>0x000002804d2a9800 VMThread "VM Thread" [stack: 0x000000812f600000,0x000000812f700000] [id=544]
  0x000002804ddb4000 WatcherThread [stack: 0x0000008130000000,0x0000008130100000] [id=17856]
  0x0000028032a1c800 GCTaskThread "GC Thread#0" [stack: 0x000000812f100000,0x000000812f200000] [id=10252]
  0x000002804e6d9000 GCTaskThread "GC Thread#1" [stack: 0x0000008130300000,0x0000008130400000] [id=12712]
  0x000002804e873800 GCTaskThread "GC Thread#2" [stack: 0x0000008130400000,0x0000008130500000] [id=9544]
  0x00000280504d4000 GCTaskThread "GC Thread#3" [stack: 0x0000008130d00000,0x0000008130e00000] [id=13532]
  0x000002804fd19800 GCTaskThread "GC Thread#4" [stack: 0x0000008130e00000,0x0000008130f00000] [id=6860]
  0x000002804fd1a800 GCTaskThread "GC Thread#5" [stack: 0x0000008130f00000,0x0000008131000000] [id=18776]
  0x0000028050459800 GCTaskThread "GC Thread#6" [stack: 0x0000008131000000,0x0000008131100000] [id=18708]
  0x000002805045a800 GCTaskThread "GC Thread#7" [stack: 0x0000008131100000,0x0000008131200000] [id=19124]
  0x000002805051e800 GCTaskThread "GC Thread#8" [stack: 0x0000008131200000,0x0000008131300000] [id=8864]
  0x000002805051f000 GCTaskThread "GC Thread#9" [stack: 0x0000008131300000,0x0000008131400000] [id=5664]
  0x0000028032a4e800 ConcurrentGCThread "G1 Main Marker" [stack: 0x000000812f200000,0x000000812f300000] [id=13168]
  0x0000028032a50000 ConcurrentGCThread "G1 Conc#0" [stack: 0x000000812f300000,0x000000812f400000] [id=12292]
  0x000002804f5e4000 ConcurrentGCThread "G1 Conc#1" [stack: 0x0000008131600000,0x0000008131700000] [id=18828]
  0x0000028050102800 ConcurrentGCThread "G1 Conc#2" [stack: 0x0000008131700000,0x0000008131800000] [id=18724]
  0x0000028032ad9800 ConcurrentGCThread "G1 Refine#0" [stack: 0x000000812f400000,0x000000812f500000] [id=4048]
  0x000002804d101800 ConcurrentGCThread "G1 Young RemSet Sampling" [stack: 0x000000812f500000,0x000000812f600000] [id=5100]

Threads with active compile tasks:
C2 CompilerThread0  10430 9393       4       com.android.utils.XmlUtils::append (647 bytes)
C2 CompilerThread1  10430 9450       4       org.gradle.internal.file.DefaultFileHierarchySet$Node::isChildOfOrThis (110 bytes)
C2 CompilerThread2  10430 9195 % !   4       com.android.ide.common.resources.DataMerger::mergeData @ 247 (611 bytes)

VM state:at safepoint (normal execution)

VM Mutex/Monitor currently owned by a thread:  ([mutex/lock_event])
[0x00000280329ffc70] Threads_lock - owner thread: 0x000002804d2a9800
[0x00000280329ffd90] Heap_lock - owner thread: 0x000002804fad3800

Heap address: 0x0000000080000000, size: 2048 MB, Compressed Oops mode: 32-bit
Narrow klass base: 0x0000000000000000, Narrow klass shift: 3
Compressed class space size: 1073741824 Address: 0x0000000100000000

Heap:
 garbage-first heap   total 187392K, used 86947K [0x0000000080000000, 0x0000000100000000)
  region size 1024K, 3 young (3072K), 3 survivors (3072K)
 Metaspace       used 81662K, capacity 83909K, committed 84300K, reserved 1122304K
  class space    used 10662K, capacity 11488K, committed 11596K, reserved 1048576K
Heap Regions: E=young(eden), S=young(survivor), O=old, HS=humongous(starts), HC=humongous(continues), CS=collection set, F=free, A=archive, TAMS=top-at-mark-start (previous, next)
|   0|0x0000000080000000, 0x0000000080100000, 0x0000000080100000|100%| O|  |TAMS 0x0000000080100000, 0x0000000080000000| Untracked 
|   1|0x0000000080100000, 0x0000000080200000, 0x0000000080200000|100%| O|  |TAMS 0x0000000080200000, 0x0000000080100000| Untracked 
|   2|0x0000000080200000, 0x0000000080300000, 0x0000000080300000|100%| O|  |TAMS 0x0000000080300000, 0x0000000080200000| Untracked 
|   3|0x0000000080300000, 0x0000000080400000, 0x0000000080400000|100%|HS|  |TAMS 0x0000000080400000, 0x0000000080300000| Complete 
|   4|0x0000000080400000, 0x0000000080500000, 0x0000000080500000|100%|HC|  |TAMS 0x0000000080500000, 0x0000000080400000| Complete 
|   5|0x0000000080500000, 0x0000000080600000, 0x0000000080600000|100%|HC|  |TAMS 0x0000000080600000, 0x0000000080500000| Complete 
|   6|0x0000000080600000, 0x0000000080700000, 0x0000000080700000|100%| O|  |TAMS 0x0000000080700000, 0x0000000080600000| Untracked 
|   7|0x0000000080700000, 0x0000000080800000, 0x0000000080800000|100%| O|  |TAMS 0x0000000080800000, 0x0000000080700000| Untracked 
|   8|0x0000000080800000, 0x0000000080900000, 0x0000000080900000|100%| O|  |TAMS 0x0000000080900000, 0x0000000080800000| Untracked 
|   9|0x0000000080900000, 0x0000000080a00000, 0x0000000080a00000|100%| O|  |TAMS 0x0000000080a00000, 0x0000000080900000| Untracked 
|  10|0x0000000080a00000, 0x0000000080b00000, 0x0000000080b00000|100%| O|  |TAMS 0x0000000080b00000, 0x0000000080a00000| Untracked 
|  11|0x0000000080b00000, 0x0000000080c00000, 0x0000000080c00000|100%| O|  |TAMS 0x0000000080c00000, 0x0000000080b00000| Untracked 
|  12|0x0000000080c00000, 0x0000000080d00000, 0x0000000080d00000|100%| O|  |TAMS 0x0000000080d00000, 0x0000000080c00000| Untracked 
|  13|0x0000000080d00000, 0x0000000080e00000, 0x0000000080e00000|100%| O|  |TAMS 0x0000000080e00000, 0x0000000080d00000| Untracked 
|  14|0x0000000080e00000, 0x0000000080f00000, 0x0000000080f00000|100%| O|  |TAMS 0x0000000080f00000, 0x0000000080e00000| Untracked 
|  15|0x0000000080f00000, 0x0000000081000000, 0x0000000081000000|100%| O|  |TAMS 0x0000000081000000, 0x0000000080f00000| Untracked 
|  16|0x0000000081000000, 0x0000000081100000, 0x0000000081100000|100%|HS|  |TAMS 0x0000000081100000, 0x0000000081000000| Complete 
|  17|0x0000000081100000, 0x0000000081200000, 0x0000000081200000|100%| O|  |TAMS 0x0000000081200000, 0x0000000081100000| Untracked 
|  18|0x0000000081200000, 0x0000000081300000, 0x0000000081300000|100%| O|  |TAMS 0x0000000081300000, 0x0000000081200000| Untracked 
|  19|0x0000000081300000, 0x0000000081400000, 0x0000000081400000|100%| O|  |TAMS 0x0000000081400000, 0x0000000081300000| Untracked 
|  20|0x0000000081400000, 0x0000000081500000, 0x0000000081500000|100%| O|  |TAMS 0x0000000081500000, 0x0000000081400000| Untracked 
|  21|0x0000000081500000, 0x0000000081600000, 0x0000000081600000|100%| O|  |TAMS 0x0000000081600000, 0x0000000081500000| Untracked 
|  22|0x0000000081600000, 0x0000000081700000, 0x0000000081700000|100%| O|  |TAMS 0x0000000081700000, 0x0000000081600000| Untracked 
|  23|0x0000000081700000, 0x0000000081800000, 0x0000000081800000|100%| O|  |TAMS 0x0000000081800000, 0x0000000081700000| Untracked 
|  24|0x0000000081800000, 0x0000000081900000, 0x0000000081900000|100%| O|  |TAMS 0x0000000081900000, 0x0000000081800000| Untracked 
|  25|0x0000000081900000, 0x0000000081a00000, 0x0000000081a00000|100%| O|  |TAMS 0x0000000081a00000, 0x0000000081900000| Untracked 
|  26|0x0000000081a00000, 0x0000000081b00000, 0x0000000081b00000|100%| O|  |TAMS 0x0000000081b00000, 0x0000000081a00000| Untracked 
|  27|0x0000000081b00000, 0x0000000081c00000, 0x0000000081c00000|100%|HS|  |TAMS 0x0000000081c00000, 0x0000000081b00000| Complete 
|  28|0x0000000081c00000, 0x0000000081d00000, 0x0000000081d00000|100%|HS|  |TAMS 0x0000000081d00000, 0x0000000081c00000| Complete 
|  29|0x0000000081d00000, 0x0000000081e00000, 0x0000000081e00000|100%|HC|  |TAMS 0x0000000081e00000, 0x0000000081d00000| Complete 
|  30|0x0000000081e00000, 0x0000000081f00000, 0x0000000081f00000|100%| O|  |TAMS 0x0000000081f00000, 0x0000000081e00000| Untracked 
|  31|0x0000000081f00000, 0x0000000082000000, 0x0000000082000000|100%| O|  |TAMS 0x0000000082000000, 0x0000000081f00000| Untracked 
|  32|0x0000000082000000, 0x0000000082100000, 0x0000000082100000|100%| O|  |TAMS 0x0000000082100000, 0x0000000082000000| Untracked 
|  33|0x0000000082100000, 0x0000000082200000, 0x0000000082200000|100%| O|  |TAMS 0x0000000082200000, 0x0000000082100000| Untracked 
|  34|0x0000000082200000, 0x0000000082300000, 0x0000000082300000|100%| O|  |TAMS 0x0000000082300000, 0x0000000082200000| Untracked 
|  35|0x0000000082300000, 0x0000000082400000, 0x0000000082400000|100%| O|  |TAMS 0x0000000082400000, 0x0000000082300000| Untracked 
|  36|0x0000000082400000, 0x0000000082500000, 0x0000000082500000|100%| O|  |TAMS 0x0000000082500000, 0x0000000082400000| Untracked 
|  37|0x0000000082500000, 0x0000000082600000, 0x0000000082600000|100%| O|  |TAMS 0x0000000082600000, 0x0000000082500000| Untracked 
|  38|0x0000000082600000, 0x0000000082700000, 0x0000000082700000|100%| O|  |TAMS 0x0000000082700000, 0x0000000082600000| Untracked 
|  39|0x0000000082700000, 0x0000000082800000, 0x0000000082800000|100%| O|  |TAMS 0x0000000082800000, 0x0000000082700000| Untracked 
|  40|0x0000000082800000, 0x0000000082900000, 0x0000000082900000|100%| O|  |TAMS 0x0000000082900000, 0x0000000082800000| Untracked 
|  41|0x0000000082900000, 0x0000000082a00000, 0x0000000082a00000|100%| O|  |TAMS 0x0000000082a00000, 0x0000000082900000| Untracked 
|  42|0x0000000082a00000, 0x0000000082b00000, 0x0000000082b00000|100%| O|  |TAMS 0x0000000082b00000, 0x0000000082a00000| Untracked 
|  43|0x0000000082b00000, 0x0000000082c00000, 0x0000000082c00000|100%| O|  |TAMS 0x0000000082c00000, 0x0000000082b00000| Untracked 
|  44|0x0000000082c00000, 0x0000000082d00000, 0x0000000082d00000|100%| O|  |TAMS 0x0000000082d00000, 0x0000000082c00000| Untracked 
|  45|0x0000000082d00000, 0x0000000082e00000, 0x0000000082e00000|100%| O|  |TAMS 0x0000000082e00000, 0x0000000082d00000| Untracked 
|  46|0x0000000082e00000, 0x0000000082f00000, 0x0000000082f00000|100%| O|  |TAMS 0x0000000082f00000, 0x0000000082e00000| Untracked 
|  47|0x0000000082f00000, 0x0000000083000000, 0x0000000083000000|100%| O|  |TAMS 0x0000000083000000, 0x0000000082f00000| Untracked 
|  48|0x0000000083000000, 0x0000000083100000, 0x0000000083100000|100%| O|  |TAMS 0x0000000083100000, 0x0000000083000000| Untracked 
|  49|0x0000000083100000, 0x0000000083200000, 0x0000000083200000|100%| O|  |TAMS 0x0000000083200000, 0x0000000083100000| Untracked 
|  50|0x0000000083200000, 0x0000000083300000, 0x0000000083300000|100%| O|  |TAMS 0x0000000083300000, 0x0000000083200000| Untracked 
|  51|0x0000000083300000, 0x0000000083400000, 0x0000000083400000|100%| O|  |TAMS 0x0000000083400000, 0x0000000083300000| Untracked 
|  52|0x0000000083400000, 0x0000000083500000, 0x0000000083500000|100%| O|  |TAMS 0x0000000083500000, 0x0000000083400000| Untracked 
|  53|0x0000000083500000, 0x0000000083600000, 0x0000000083600000|100%| O|  |TAMS 0x0000000083600000, 0x0000000083500000| Untracked 
|  54|0x0000000083600000, 0x0000000083700000, 0x0000000083700000|100%| O|  |TAMS 0x0000000083600000, 0x0000000083600000| Untracked 
|  55|0x0000000083700000, 0x0000000083800000, 0x0000000083800000|100%| O|  |TAMS 0x0000000083800000, 0x0000000083700000| Untracked 
|  56|0x0000000083800000, 0x0000000083900000, 0x0000000083900000|100%| O|  |TAMS 0x0000000083900000, 0x0000000083800000| Untracked 
|  57|0x0000000083900000, 0x0000000083a00000, 0x0000000083a00000|100%| O|  |TAMS 0x0000000083a00000, 0x0000000083900000| Untracked 
|  58|0x0000000083a00000, 0x0000000083b00000, 0x0000000083b00000|100%| O|  |TAMS 0x0000000083b00000, 0x0000000083a00000| Untracked 
|  59|0x0000000083b00000, 0x0000000083c00000, 0x0000000083c00000|100%| O|  |TAMS 0x0000000083c00000, 0x0000000083b00000| Untracked 
|  60|0x0000000083c00000, 0x0000000083d00000, 0x0000000083d00000|100%| O|  |TAMS 0x0000000083d00000, 0x0000000083c00000| Untracked 
|  61|0x0000000083d00000, 0x0000000083e00000, 0x0000000083e00000|100%| O|  |TAMS 0x0000000083e00000, 0x0000000083d00000| Untracked 
|  62|0x0000000083e00000, 0x0000000083f00000, 0x0000000083f00000|100%| O|  |TAMS 0x0000000083e00000, 0x0000000083e00000| Untracked 
|  63|0x0000000083f00000, 0x0000000084000000, 0x0000000084000000|100%|HS|  |TAMS 0x0000000084000000, 0x0000000083f00000| Complete 
|  64|0x0000000084000000, 0x0000000084100000, 0x0000000084100000|100%| O|  |TAMS 0x0000000084000000, 0x0000000084000000| Untracked 
|  65|0x0000000084100000, 0x0000000084100000, 0x0000000084200000|  0%| F|  |TAMS 0x0000000084100000, 0x0000000084100000| Untracked 
|  66|0x0000000084200000, 0x0000000084200000, 0x0000000084300000|  0%| F|  |TAMS 0x0000000084200000, 0x0000000084200000| Untracked 
|  67|0x0000000084300000, 0x0000000084400000, 0x0000000084400000|100%| O|  |TAMS 0x0000000084300000, 0x0000000084300000| Untracked 
|  68|0x0000000084400000, 0x0000000084500000, 0x0000000084500000|100%| O|  |TAMS 0x0000000084500000, 0x0000000084400000| Untracked 
|  69|0x0000000084500000, 0x0000000084600000, 0x0000000084600000|100%| O|  |TAMS 0x0000000084600000, 0x0000000084500000| Untracked 
|  70|0x0000000084600000, 0x0000000084700000, 0x0000000084700000|100%| O|  |TAMS 0x0000000084700000, 0x0000000084600000| Untracked 
|  71|0x0000000084700000, 0x0000000084800000, 0x0000000084800000|100%| O|  |TAMS 0x0000000084800000, 0x0000000084700000| Untracked 
|  72|0x0000000084800000, 0x0000000084900000, 0x0000000084900000|100%| O|  |TAMS 0x0000000084900000, 0x0000000084800000| Untracked 
|  73|0x0000000084900000, 0x0000000084a00000, 0x0000000084a00000|100%| O|  |TAMS 0x0000000084a00000, 0x0000000084900000| Untracked 
|  74|0x0000000084a00000, 0x0000000084b00000, 0x0000000084b00000|100%| O|  |TAMS 0x0000000084b00000, 0x0000000084a00000| Untracked 
|  75|0x0000000084b00000, 0x0000000084c00000, 0x0000000084c00000|100%| O|  |TAMS 0x0000000084c00000, 0x0000000084b00000| Untracked 
|  76|0x0000000084c00000, 0x0000000084d00000, 0x0000000084d00000|100%| O|  |TAMS 0x0000000084d00000, 0x0000000084c00000| Untracked 
|  77|0x0000000084d00000, 0x0000000084e00000, 0x0000000084e00000|100%| O|  |TAMS 0x0000000084e00000, 0x0000000084d00000| Untracked 
|  78|0x0000000084e00000, 0x0000000084f00000, 0x0000000084f00000|100%| O|  |TAMS 0x0000000084f00000, 0x0000000084e00000| Untracked 
|  79|0x0000000084f00000, 0x0000000084f00000, 0x0000000085000000|  0%| F|  |TAMS 0x0000000084f00000, 0x0000000084f00000| Untracked 
|  80|0x0000000085000000, 0x0000000085000000, 0x0000000085100000|  0%| F|  |TAMS 0x0000000085000000, 0x0000000085000000| Untracked 
|  81|0x0000000085100000, 0x0000000085100000, 0x0000000085200000|  0%| F|  |TAMS 0x0000000085100000, 0x0000000085100000| Untracked 
|  82|0x0000000085200000, 0x0000000085200000, 0x0000000085300000|  0%| F|  |TAMS 0x0000000085200000, 0x0000000085200000| Untracked 
|  83|0x0000000085300000, 0x0000000085400000, 0x0000000085400000|100%| O|  |TAMS 0x0000000085300000, 0x0000000085300000| Untracked 
|  84|0x0000000085400000, 0x0000000085500000, 0x0000000085500000|100%| O|  |TAMS 0x0000000085400000, 0x0000000085400000| Untracked 
|  85|0x0000000085500000, 0x0000000085600000, 0x0000000085600000|100%| O|  |TAMS 0x0000000085500000, 0x0000000085500000| Untracked 
|  86|0x0000000085600000, 0x0000000085700000, 0x0000000085700000|100%| O|  |TAMS 0x0000000085600000, 0x0000000085600000| Untracked 
|  87|0x0000000085700000, 0x00000000857e8e00, 0x0000000085800000| 90%| O|  |TAMS 0x0000000085700000, 0x0000000085700000| Untracked 
|  88|0x0000000085800000, 0x0000000085800000, 0x0000000085900000|  0%| F|  |TAMS 0x0000000085800000, 0x0000000085800000| Untracked 
|  89|0x0000000085900000, 0x0000000085900000, 0x0000000085a00000|  0%| F|  |TAMS 0x0000000085900000, 0x0000000085900000| Untracked 
|  90|0x0000000085a00000, 0x0000000085a00000, 0x0000000085b00000|  0%| F|  |TAMS 0x0000000085a00000, 0x0000000085a00000| Untracked 
|  91|0x0000000085b00000, 0x0000000085b00000, 0x0000000085c00000|  0%| F|  |TAMS 0x0000000085b00000, 0x0000000085b00000| Untracked 
|  92|0x0000000085c00000, 0x0000000085c00000, 0x0000000085d00000|  0%| F|  |TAMS 0x0000000085c00000, 0x0000000085c00000| Untracked 
|  93|0x0000000085d00000, 0x0000000085d00000, 0x0000000085e00000|  0%| F|  |TAMS 0x0000000085d00000, 0x0000000085d00000| Untracked 
|  94|0x0000000085e00000, 0x0000000085e00000, 0x0000000085f00000|  0%| F|  |TAMS 0x0000000085e00000, 0x0000000085e00000| Untracked 
|  95|0x0000000085f00000, 0x0000000085f00000, 0x0000000086000000|  0%| F|  |TAMS 0x0000000085f00000, 0x0000000085f00000| Untracked 
|  96|0x0000000086000000, 0x0000000086000000, 0x0000000086100000|  0%| F|  |TAMS 0x0000000086000000, 0x0000000086000000| Untracked 
|  97|0x0000000086100000, 0x0000000086100000, 0x0000000086200000|  0%| F|  |TAMS 0x0000000086100000, 0x0000000086100000| Untracked 
|  98|0x0000000086200000, 0x0000000086200000, 0x0000000086300000|  0%| F|  |TAMS 0x0000000086200000, 0x0000000086200000| Untracked 
|  99|0x0000000086300000, 0x0000000086300000, 0x0000000086400000|  0%| F|  |TAMS 0x0000000086300000, 0x0000000086300000| Untracked 
| 100|0x0000000086400000, 0x0000000086400000, 0x0000000086500000|  0%| F|  |TAMS 0x0000000086400000, 0x0000000086400000| Untracked 
| 101|0x0000000086500000, 0x0000000086500000, 0x0000000086600000|  0%| F|  |TAMS 0x0000000086500000, 0x0000000086500000| Untracked 
| 102|0x0000000086600000, 0x0000000086600000, 0x0000000086700000|  0%| F|  |TAMS 0x0000000086600000, 0x0000000086600000| Untracked 
| 103|0x0000000086700000, 0x0000000086700000, 0x0000000086800000|  0%| F|  |TAMS 0x0000000086700000, 0x0000000086700000| Untracked 
| 104|0x0000000086800000, 0x0000000086800000, 0x0000000086900000|  0%| F|  |TAMS 0x0000000086800000, 0x0000000086800000| Untracked 
| 105|0x0000000086900000, 0x0000000086900000, 0x0000000086a00000|  0%| F|  |TAMS 0x0000000086900000, 0x0000000086900000| Untracked 
| 106|0x0000000086a00000, 0x0000000086b00000, 0x0000000086b00000|100%| S|CS|TAMS 0x0000000086a00000, 0x0000000086a00000| Complete 
| 107|0x0000000086b00000, 0x0000000086c00000, 0x0000000086c00000|100%| S|CS|TAMS 0x0000000086b00000, 0x0000000086b00000| Complete 
| 108|0x0000000086c00000, 0x0000000086c00000, 0x0000000086d00000|  0%| F|  |TAMS 0x0000000086c00000, 0x0000000086c00000| Untracked 
| 109|0x0000000086d00000, 0x0000000086d00000, 0x0000000086e00000|  0%| F|  |TAMS 0x0000000086d00000, 0x0000000086d00000| Untracked 
| 110|0x0000000086e00000, 0x0000000086e00000, 0x0000000086f00000|  0%| F|  |TAMS 0x0000000086e00000, 0x0000000086e00000| Untracked 
| 111|0x0000000086f00000, 0x0000000086f00000, 0x0000000087000000|  0%| F|  |TAMS 0x0000000086f00000, 0x0000000086f00000| Untracked 
| 112|0x0000000087000000, 0x0000000087000000, 0x0000000087100000|  0%| F|  |TAMS 0x0000000087000000, 0x0000000087000000| Untracked 
| 113|0x0000000087100000, 0x0000000087100000, 0x0000000087200000|  0%| F|  |TAMS 0x0000000087100000, 0x0000000087100000| Untracked 
| 114|0x0000000087200000, 0x0000000087200000, 0x0000000087300000|  0%| F|  |TAMS 0x0000000087200000, 0x0000000087200000| Untracked 
| 115|0x0000000087300000, 0x0000000087300000, 0x0000000087400000|  0%| F|  |TAMS 0x0000000087300000, 0x0000000087300000| Untracked 
| 116|0x0000000087400000, 0x0000000087500000, 0x0000000087500000|100%| S|CS|TAMS 0x0000000087400000, 0x0000000087400000| Complete 
| 117|0x0000000087500000, 0x0000000087500000, 0x0000000087600000|  0%| F|  |TAMS 0x0000000087500000, 0x0000000087500000| Untracked 
| 118|0x0000000087600000, 0x0000000087600000, 0x0000000087700000|  0%| F|  |TAMS 0x0000000087600000, 0x0000000087600000| Untracked 
| 119|0x0000000087700000, 0x0000000087700000, 0x0000000087800000|  0%| F|  |TAMS 0x0000000087700000, 0x0000000087700000| Untracked 
| 120|0x0000000087800000, 0x0000000087800000, 0x0000000087900000|  0%| F|  |TAMS 0x0000000087800000, 0x0000000087800000| Untracked 
| 121|0x0000000087900000, 0x0000000087900000, 0x0000000087a00000|  0%| F|  |TAMS 0x0000000087900000, 0x0000000087900000| Untracked 
| 122|0x0000000087a00000, 0x0000000087a00000, 0x0000000087b00000|  0%| F|  |TAMS 0x0000000087a00000, 0x0000000087a00000| Untracked 
| 123|0x0000000087b00000, 0x0000000087b00000, 0x0000000087c00000|  0%| F|  |TAMS 0x0000000087b00000, 0x0000000087b00000| Untracked 
| 124|0x0000000087c00000, 0x0000000087c00000, 0x0000000087d00000|  0%| F|  |TAMS 0x0000000087c00000, 0x0000000087c00000| Untracked 
| 125|0x0000000087d00000, 0x0000000087d00000, 0x0000000087e00000|  0%| F|  |TAMS 0x0000000087d00000, 0x0000000087d00000| Untracked 
| 126|0x0000000087e00000, 0x0000000087e00000, 0x0000000087f00000|  0%| F|  |TAMS 0x0000000087e00000, 0x0000000087e00000| Untracked 
| 127|0x0000000087f00000, 0x0000000087f00000, 0x0000000088000000|  0%| F|  |TAMS 0x0000000087f00000, 0x0000000087f00000| Untracked 
| 128|0x0000000088000000, 0x0000000088000000, 0x0000000088100000|  0%| F|  |TAMS 0x0000000088000000, 0x0000000088000000| Untracked 
| 129|0x0000000088100000, 0x0000000088100000, 0x0000000088200000|  0%| F|  |TAMS 0x0000000088100000, 0x0000000088100000| Untracked 
| 130|0x0000000088200000, 0x0000000088200000, 0x0000000088300000|  0%| F|  |TAMS 0x0000000088200000, 0x0000000088200000| Untracked 
| 131|0x0000000088300000, 0x0000000088300000, 0x0000000088400000|  0%| F|  |TAMS 0x0000000088300000, 0x0000000088300000| Untracked 
| 132|0x0000000088400000, 0x0000000088400000, 0x0000000088500000|  0%| F|  |TAMS 0x0000000088400000, 0x0000000088400000| Untracked 
| 133|0x0000000088500000, 0x0000000088500000, 0x0000000088600000|  0%| F|  |TAMS 0x0000000088500000, 0x0000000088500000| Untracked 
| 134|0x0000000088600000, 0x0000000088600000, 0x0000000088700000|  0%| F|  |TAMS 0x0000000088600000, 0x0000000088600000| Untracked 
| 135|0x0000000088700000, 0x0000000088700000, 0x0000000088800000|  0%| F|  |TAMS 0x0000000088700000, 0x0000000088700000| Untracked 
| 136|0x0000000088800000, 0x0000000088800000, 0x0000000088900000|  0%| F|  |TAMS 0x0000000088800000, 0x0000000088800000| Untracked 
| 137|0x0000000088900000, 0x0000000088900000, 0x0000000088a00000|  0%| F|  |TAMS 0x0000000088900000, 0x0000000088900000| Untracked 
| 138|0x0000000088a00000, 0x0000000088a00000, 0x0000000088b00000|  0%| F|  |TAMS 0x0000000088a00000, 0x0000000088a00000| Untracked 
| 139|0x0000000088b00000, 0x0000000088b00000, 0x0000000088c00000|  0%| F|  |TAMS 0x0000000088b00000, 0x0000000088b00000| Untracked 
| 140|0x0000000088c00000, 0x0000000088c00000, 0x0000000088d00000|  0%| F|  |TAMS 0x0000000088c00000, 0x0000000088c00000| Untracked 
| 141|0x0000000088d00000, 0x0000000088d00000, 0x0000000088e00000|  0%| F|  |TAMS 0x0000000088d00000, 0x0000000088d00000| Untracked 
| 142|0x0000000088e00000, 0x0000000088e00000, 0x0000000088f00000|  0%| F|  |TAMS 0x0000000088e00000, 0x0000000088e00000| Untracked 
| 143|0x0000000088f00000, 0x0000000088f00000, 0x0000000089000000|  0%| F|  |TAMS 0x0000000088f00000, 0x0000000088f00000| Untracked 
| 144|0x0000000089000000, 0x0000000089000000, 0x0000000089100000|  0%| F|  |TAMS 0x0000000089000000, 0x0000000089000000| Untracked 
| 145|0x0000000089100000, 0x0000000089100000, 0x0000000089200000|  0%| F|  |TAMS 0x0000000089100000, 0x0000000089100000| Untracked 
| 146|0x0000000089200000, 0x0000000089200000, 0x0000000089300000|  0%| F|  |TAMS 0x0000000089200000, 0x0000000089200000| Untracked 
| 147|0x0000000089300000, 0x0000000089300000, 0x0000000089400000|  0%| F|  |TAMS 0x0000000089300000, 0x0000000089300000| Untracked 
| 148|0x0000000089400000, 0x0000000089400000, 0x0000000089500000|  0%| F|  |TAMS 0x0000000089400000, 0x0000000089400000| Untracked 
| 149|0x0000000089500000, 0x0000000089500000, 0x0000000089600000|  0%| F|  |TAMS 0x0000000089500000, 0x0000000089500000| Untracked 
| 150|0x0000000089600000, 0x0000000089600000, 0x0000000089700000|  0%| F|  |TAMS 0x0000000089600000, 0x0000000089600000| Untracked 
| 151|0x0000000089700000, 0x0000000089700000, 0x0000000089800000|  0%| F|  |TAMS 0x0000000089700000, 0x0000000089700000| Untracked 

Card table byte_map: [0x0000028045e40000,0x0000028046240000] _byte_map_base: 0x0000028045a40000

Marking Bits (Prev, Next): (CMBitMap*) 0x0000028032a459a8, (CMBitMap*) 0x0000028032a459e0
 Prev Bits: [0x0000028046640000, 0x0000028048640000)
 Next Bits: [0x0000028048640000, 0x000002804a640000)

Polling page: 0x00000280321e0000

Metaspace:

Usage:
  Non-class:     70.72 MB capacity,    69.34 MB ( 98%) used,     1.15 MB (  2%) free+waste,   246.63 KB ( <1%) overhead. 
      Class:     11.22 MB capacity,    10.41 MB ( 93%) used,   710.02 KB (  6%) free+waste,   115.69 KB (  1%) overhead. 
       Both:     81.94 MB capacity,    79.75 MB ( 97%) used,     1.84 MB (  2%) free+waste,   362.31 KB ( <1%) overhead. 

Virtual space:
  Non-class space:       72.00 MB reserved,      71.00 MB ( 99%) committed 
      Class space:        1.00 GB reserved,      11.32 MB (  1%) committed 
             Both:        1.07 GB reserved,      82.32 MB (  8%) committed 

Chunk freelists:
   Non-Class:  91.00 KB
       Class:  64.00 KB
        Both:  155.00 KB

MaxMetaspaceSize: 17179869184.00 GB
CompressedClassSpaceSize: 1.00 GB

CodeHeap 'non-profiled nmethods': size=120000Kb used=6149Kb max_used=6149Kb free=113850Kb
 bounds [0x000002803dfc0000, 0x000002803e5d0000, 0x00000280454f0000]
CodeHeap 'profiled nmethods': size=120000Kb used=19987Kb max_used=19987Kb free=100012Kb
 bounds [0x0000028036a90000, 0x0000028037e20000, 0x000002803dfc0000]
CodeHeap 'non-nmethods': size=5760Kb used=2273Kb max_used=2326Kb free=3486Kb
 bounds [0x00000280364f0000, 0x0000028036760000, 0x0000028036a90000]
 total_blobs=10287 nmethods=9415 adapters=783
 compilation: enabled
              stopped_count=0, restarted_count=0
 full_count=0

Compilation events (20 events):
Event: 10.368 Thread 0x000002804d2ce000 9468       2       com.google.gson.stream.JsonWriter::close (95 bytes)
Event: 10.369 Thread 0x000002804d2ce000 nmethod 9468 0x0000028037e12b10 code [0x0000028037e12d60, 0x0000028037e133d8]
Event: 10.370 Thread 0x000002804d2ce000 9469       1       com.android.ide.common.blame.MergingLogPersistUtil$SourcePositionsSerializer::access$100 (5 bytes)
Event: 10.371 Thread 0x000002804d2ce000 nmethod 9469 0x000002803e5bd090 code [0x000002803e5bd240, 0x000002803e5bd2d8]
Event: 10.371 Thread 0x000002804d2ce000 9470       1       com.android.ide.common.blame.MergingLogPersistUtil$SourcePositionsSerializer::access$200 (5 bytes)
Event: 10.371 Thread 0x000002804d2ce000 nmethod 9470 0x000002803e5bd390 code [0x000002803e5bd540, 0x000002803e5bd5d8]
Event: 10.371 Thread 0x000002804d2ce000 9471       1       com.android.ide.common.blame.MergingLogPersistUtil$SourcePositionsSerializer::access$300 (5 bytes)
Event: 10.371 Thread 0x000002804d2ce000 nmethod 9471 0x000002803e5bd690 code [0x000002803e5bd840, 0x000002803e5bd8d8]
Event: 10.371 Thread 0x000002804d2ce000 9472       1       com.android.ide.common.blame.MergingLogPersistUtil$SourcePositionsSerializer::access$400 (5 bytes)
Event: 10.371 Thread 0x000002804d2ce000 nmethod 9472 0x000002803e5bd990 code [0x000002803e5bdb40, 0x000002803e5bdbd8]
Event: 10.371 Thread 0x000002804d2ce000 9473       1       com.android.ide.common.blame.MergingLogPersistUtil$SourcePositionsSerializer::access$500 (5 bytes)
Event: 10.371 Thread 0x000002804d2ce000 nmethod 9473 0x000002803e5bdc90 code [0x000002803e5bde40, 0x000002803e5bded8]
Event: 10.371 Thread 0x000002804d2ce000 9474       2       com.google.gson.stream.JsonWriter::beginObject (12 bytes)
Event: 10.372 Thread 0x000002804d2ce000 nmethod 9474 0x0000028037e13790 code [0x0000028037e13980, 0x0000028037e13b88]
Event: 10.372 Thread 0x000002804d2ce000 9475       2       com.google.gson.stream.JsonWriter::endObject (9 bytes)
Event: 10.372 Thread 0x000002804d2ce000 nmethod 9475 0x0000028037e13d10 code [0x0000028037e13ec0, 0x0000028037e13fe8]
Event: 10.372 Thread 0x000002804d2ce000 9476   !   2       org.gradle.internal.watch.vfs.impl.WatchingVirtualFileSystem$3::handleChange (63 bytes)
Event: 10.373 Thread 0x000002804d2ce000 nmethod 9476 0x0000028037e14090 code [0x0000028037e14300, 0x0000028037e14868]
Event: 10.375 Thread 0x0000028051244800 nmethod 9414 0x000002803e5bdf90 code [0x000002803e5be220, 0x000002803e5c04a0]
Event: 10.375 Thread 0x0000028051244800 9450       4       org.gradle.internal.file.DefaultFileHierarchySet$Node::isChildOfOrThis (110 bytes)

GC Heap History (20 events):
Event: 3.774 GC heap after
{Heap after GC invocations=8 (full 0):
 garbage-first heap   total 129024K, used 27127K [0x0000000080000000, 0x0000000100000000)
  region size 1024K, 9 young (9216K), 9 survivors (9216K)
 Metaspace       used 39525K, capacity 40430K, committed 40524K, reserved 1085440K
  class space    used 5062K, capacity 5390K, committed 5452K, reserved 1048576K
}
Event: 4.321 GC heap before
{Heap before GC invocations=8 (full 0):
 garbage-first heap   total 129024K, used 89591K [0x0000000080000000, 0x0000000100000000)
  region size 1024K, 69 young (70656K), 9 survivors (9216K)
 Metaspace       used 45132K, capacity 46238K, committed 46412K, reserved 1089536K
  class space    used 5808K, capacity 6192K, committed 6220K, reserved 1048576K
}
Event: 4.330 GC heap after
{Heap after GC invocations=9 (full 0):
 garbage-first heap   total 155648K, used 28997K [0x0000000080000000, 0x0000000100000000)
  region size 1024K, 3 young (3072K), 3 survivors (3072K)
 Metaspace       used 45132K, capacity 46238K, committed 46412K, reserved 1089536K
  class space    used 5808K, capacity 6192K, committed 6220K, reserved 1048576K
}
Event: 5.265 GC heap before
{Heap before GC invocations=9 (full 0):
 garbage-first heap   total 155648K, used 106821K [0x0000000080000000, 0x0000000100000000)
  region size 1024K, 76 young (77824K), 3 survivors (3072K)
 Metaspace       used 50006K, capacity 51391K, committed 51532K, reserved 1093632K
  class space    used 6395K, capacity 6891K, committed 6988K, reserved 1048576K
}
Event: 5.271 GC heap after
{Heap after GC invocations=10 (full 0):
 garbage-first heap   total 155648K, used 42346K [0x0000000080000000, 0x0000000100000000)
  region size 1024K, 10 young (10240K), 10 survivors (10240K)
 Metaspace       used 50006K, capacity 51391K, committed 51532K, reserved 1093632K
  class space    used 6395K, capacity 6891K, committed 6988K, reserved 1048576K
}
Event: 5.974 GC heap before
{Heap before GC invocations=10 (full 0):
 garbage-first heap   total 155648K, used 95594K [0x0000000080000000, 0x0000000100000000)
  region size 1024K, 63 young (64512K), 10 survivors (10240K)
 Metaspace       used 58375K, capacity 59971K, committed 60236K, reserved 1101824K
  class space    used 7428K, capacity 7998K, committed 8012K, reserved 1048576K
}
Event: 5.987 GC heap after
{Heap after GC invocations=11 (full 0):
 garbage-first heap   total 155648K, used 45993K [0x0000000080000000, 0x0000000100000000)
  region size 1024K, 4 young (4096K), 4 survivors (4096K)
 Metaspace       used 58375K, capacity 59971K, committed 60236K, reserved 1101824K
  class space    used 7428K, capacity 7998K, committed 8012K, reserved 1048576K
}
Event: 6.591 GC heap before
{Heap before GC invocations=12 (full 0):
 garbage-first heap   total 155648K, used 108457K [0x0000000080000000, 0x0000000100000000)
  region size 1024K, 65 young (66560K), 4 survivors (4096K)
 Metaspace       used 63254K, capacity 64969K, committed 65100K, reserved 1105920K
  class space    used 8069K, capacity 8669K, committed 8780K, reserved 1048576K
}
Event: 6.597 GC heap after
{Heap after GC invocations=13 (full 0):
 garbage-first heap   total 155648K, used 50855K [0x0000000080000000, 0x0000000100000000)
  region size 1024K, 8 young (8192K), 8 survivors (8192K)
 Metaspace       used 63254K, capacity 64969K, committed 65100K, reserved 1105920K
  class space    used 8069K, capacity 8669K, committed 8780K, reserved 1048576K
}
Event: 7.266 GC heap before
{Heap before GC invocations=13 (full 0):
 garbage-first heap   total 155648K, used 113319K [0x0000000080000000, 0x0000000100000000)
  region size 1024K, 69 young (70656K), 8 survivors (8192K)
 Metaspace       used 69267K, capacity 70954K, committed 71116K, reserved 1110016K
  class space    used 9011K, capacity 9651K, committed 9676K, reserved 1048576K
}
Event: 7.273 GC heap after
{Heap after GC invocations=14 (full 0):
 garbage-first heap   total 155648K, used 55151K [0x0000000080000000, 0x0000000100000000)
  region size 1024K, 5 young (5120K), 5 survivors (5120K)
 Metaspace       used 69267K, capacity 70954K, committed 71116K, reserved 1110016K
  class space    used 9011K, capacity 9651K, committed 9676K, reserved 1048576K
}
Event: 8.036 GC heap before
{Heap before GC invocations=14 (full 0):
 garbage-first heap   total 155648K, used 116591K [0x0000000080000000, 0x0000000100000000)
  region size 1024K, 65 young (66560K), 5 survivors (5120K)
 Metaspace       used 75765K, capacity 77599K, committed 77644K, reserved 1116160K
  class space    used 9897K, capacity 10543K, committed 10572K, reserved 1048576K
}
Event: 8.043 GC heap after
{Heap after GC invocations=15 (full 0):
 garbage-first heap   total 155648K, used 59029K [0x0000000080000000, 0x0000000100000000)
  region size 1024K, 9 young (9216K), 9 survivors (9216K)
 Metaspace       used 75765K, capacity 77599K, committed 77644K, reserved 1116160K
  class space    used 9897K, capacity 10543K, committed 10572K, reserved 1048576K
}
Event: 8.728 GC heap before
{Heap before GC invocations=15 (full 0):
 garbage-first heap   total 155648K, used 118421K [0x0000000080000000, 0x0000000100000000)
  region size 1024K, 68 young (69632K), 9 survivors (9216K)
 Metaspace       used 79707K, capacity 82035K, committed 82380K, reserved 1120256K
  class space    used 10511K, capacity 11366K, committed 11468K, reserved 1048576K
}
Event: 8.735 GC heap after
{Heap after GC invocations=16 (full 0):
 garbage-first heap   total 155648K, used 62715K [0x0000000080000000, 0x0000000100000000)
  region size 1024K, 8 young (8192K), 8 survivors (8192K)
 Metaspace       used 79707K, capacity 82035K, committed 82380K, reserved 1120256K
  class space    used 10511K, capacity 11366K, committed 11468K, reserved 1048576K
}
Event: 9.522 GC heap before
{Heap before GC invocations=16 (full 0):
 garbage-first heap   total 155648K, used 122107K [0x0000000080000000, 0x0000000100000000)
  region size 1024K, 66 young (67584K), 8 survivors (8192K)
 Metaspace       used 81122K, capacity 83469K, committed 83788K, reserved 1122304K
  class space    used 10635K, capacity 11491K, committed 11596K, reserved 1048576K
}
Event: 9.533 GC heap after
{Heap after GC invocations=17 (full 0):
 garbage-first heap   total 155648K, used 72443K [0x0000000080000000, 0x0000000100000000)
  region size 1024K, 9 young (9216K), 9 survivors (9216K)
 Metaspace       used 81122K, capacity 83469K, committed 83788K, reserved 1122304K
  class space    used 10635K, capacity 11491K, committed 11596K, reserved 1048576K
}
Event: 9.942 GC heap before
{Heap before GC invocations=17 (full 0):
 garbage-first heap   total 155648K, used 113403K [0x0000000080000000, 0x0000000100000000)
  region size 1024K, 45 young (46080K), 9 survivors (9216K)
 Metaspace       used 81570K, capacity 83858K, committed 84044K, reserved 1122304K
  class space    used 10668K, capacity 11493K, committed 11596K, reserved 1048576K
}
Event: 9.975 GC heap after
{Heap after GC invocations=18 (full 0):
 garbage-first heap   total 155648K, used 84992K [0x0000000080000000, 0x0000000100000000)
  region size 1024K, 8 young (8192K), 8 survivors (8192K)
 Metaspace       used 81570K, capacity 83858K, committed 84044K, reserved 1122304K
  class space    used 10668K, capacity 11493K, committed 11596K, reserved 1048576K
}
Event: 10.392 GC heap before
{Heap before GC invocations=19 (full 0):
 garbage-first heap   total 155648K, used 124928K [0x0000000080000000, 0x0000000100000000)
  region size 1024K, 43 young (44032K), 8 survivors (8192K)
 Metaspace       used 81662K, capacity 83909K, committed 84300K, reserved 1122304K
  class space    used 10662K, capacity 11488K, committed 11596K, reserved 1048576K
}

Deoptimization events (20 events):
Event: 10.197 Thread 0x0000028056a82800 DEOPT PACKING pc=0x0000028037855bc4 sp=0x00000081345f96c0
Event: 10.197 Thread 0x0000028056a82800 DEOPT UNPACKING pc=0x00000280365176ce sp=0x00000081345f8c60 mode 0
Event: 10.206 Thread 0x0000028056a82800 DEOPT PACKING pc=0x0000028037de975e sp=0x00000081345f9960
Event: 10.206 Thread 0x0000028056a82800 DEOPT UNPACKING pc=0x00000280365176ce sp=0x00000081345f8df8 mode 0
Event: 10.241 Thread 0x0000028056a82800 DEOPT PACKING pc=0x0000028036d9b0a7 sp=0x00000081345f9b70
Event: 10.241 Thread 0x0000028056a82800 DEOPT UNPACKING pc=0x00000280365176ce sp=0x00000081345f90e8 mode 0
Event: 10.250 Thread 0x0000028056a82800 DEOPT PACKING pc=0x0000028036d9b0a7 sp=0x00000081345f9b70
Event: 10.250 Thread 0x0000028056a82800 DEOPT UNPACKING pc=0x00000280365176ce sp=0x00000081345f90e8 mode 0
Event: 10.269 Thread 0x0000028056a82800 DEOPT PACKING pc=0x0000028036d9b20f sp=0x00000081345f9b70
Event: 10.269 Thread 0x0000028056a82800 DEOPT UNPACKING pc=0x00000280365176ce sp=0x00000081345f90e8 mode 0
Event: 10.278 Thread 0x0000028056a82800 DEOPT PACKING pc=0x0000028036d9b0a7 sp=0x00000081345f9b70
Event: 10.278 Thread 0x0000028056a82800 DEOPT UNPACKING pc=0x00000280365176ce sp=0x00000081345f90e8 mode 0
Event: 10.280 Thread 0x0000028056a82800 DEOPT PACKING pc=0x0000028036d9b20f sp=0x00000081345f9b70
Event: 10.280 Thread 0x0000028056a82800 DEOPT UNPACKING pc=0x00000280365176ce sp=0x00000081345f90e8 mode 0
Event: 10.283 Thread 0x0000028056a82800 DEOPT PACKING pc=0x0000028036d9b0a7 sp=0x00000081345f9b70
Event: 10.283 Thread 0x0000028056a82800 DEOPT UNPACKING pc=0x00000280365176ce sp=0x00000081345f90e8 mode 0
Event: 10.293 Thread 0x0000028056a82800 DEOPT PACKING pc=0x0000028037cc9d93 sp=0x00000081345f9f50
Event: 10.293 Thread 0x0000028056a82800 DEOPT UNPACKING pc=0x00000280365176ce sp=0x00000081345f9410 mode 0
Event: 10.342 Thread 0x0000028056a82800 DEOPT PACKING pc=0x0000028037e09358 sp=0x00000081345fa030
Event: 10.342 Thread 0x0000028056a82800 DEOPT UNPACKING pc=0x00000280365176ce sp=0x00000081345f9548 mode 0

Classes redefined (0 events):
No events

Internal exceptions (20 events):
Event: 8.244 Thread 0x0000028054ec3800 Exception <a 'java/lang/IncompatibleClassChangeError'{0x0000000088aca138}: Found class java.lang.Object, but interface was expected> (0x0000000088aca138) thrown at [./src/hotspot/share/interpreter/linkResolver.cpp, line 839]
Event: 8.266 Thread 0x0000028054ec3800 Exception <a 'java/lang/NoSuchMethodError'{0x00000000888445c0}: 'void java.lang.invoke.DirectMethodHandle$Holder.invokeVirtual(java.lang.Object, java.lang.Object)'> (0x00000000888445c0) thrown at [./src/hotspot/share/interpreter/linkResolver.cpp, line 773]
Event: 8.320 Thread 0x0000028054ec3800 Exception <a 'java/lang/NoSuchMethodError'{0x00000000885a1770}: 'void java.lang.invoke.DirectMethodHandle$Holder.invokeStatic(java.lang.Object, java.lang.Object, java.lang.Object, java.lang.Object, java.lang.Object, java.lang.Object, java.lang.Object)'> (0x00000000885a1770) thrown at [./src/hotspot/share/interpreter/linkResolver.cpp, line 773]
Event: 8.330 Thread 0x000002804fad8800 Exception <a 'java/lang/NoSuchMethodError'{0x00000000884fddd0}: <clinit>> (0x00000000884fddd0) thrown at [./src/hotspot/share/prims/jni.cpp, line 1362]
Event: 8.345 Thread 0x0000028054ec3800 Exception <a 'sun/nio/fs/WindowsException'{0x00000000883cd488}> (0x00000000883cd488) thrown at [./src/hotspot/share/prims/jni.cpp, line 615]
Event: 8.345 Thread 0x0000028054ec3800 Exception <a 'sun/nio/fs/WindowsException'{0x00000000883ce338}> (0x00000000883ce338) thrown at [./src/hotspot/share/prims/jni.cpp, line 615]
Event: 8.375 Thread 0x0000028056a8a000 Exception <a 'sun/nio/fs/WindowsException'{0x00000000881de248}> (0x00000000881de248) thrown at [./src/hotspot/share/prims/jni.cpp, line 615]
Event: 8.564 Thread 0x00000280536d6800 Exception <a 'java/lang/NoSuchMethodError'{0x0000000087610c70}: 'java.lang.Object java.lang.invoke.DirectMethodHandle$Holder.invokeSpecialIFC(java.lang.Object, java.lang.Object, java.lang.Object)'> (0x0000000087610c70) thrown at [./src/hotspot/share/interpreter/linkResolver.cpp, line 773]
Event: 8.564 Thread 0x00000280536da000 Exception <a 'java/lang/NoSuchMethodError'{0x00000000876ca148}: 'java.lang.Object java.lang.invoke.DirectMethodHandle$Holder.invokeSpecialIFC(java.lang.Object, java.lang.Object, java.lang.Object)'> (0x00000000876ca148) thrown at [./src/hotspot/share/interpreter/linkResolver.cpp, line 773]
Event: 8.564 Thread 0x00000280536de000 Exception <a 'java/lang/NoSuchMethodError'{0x00000000876b98e0}: 'java.lang.Object java.lang.invoke.DirectMethodHandle$Holder.invokeSpecialIFC(java.lang.Object, java.lang.Object, java.lang.Object)'> (0x00000000876b98e0) thrown at [./src/hotspot/share/interpreter/linkResolver.cpp, line 773]
Event: 8.564 Thread 0x00000280536d7800 Exception <a 'java/lang/NoSuchMethodError'{0x00000000876708f0}: 'java.lang.Object java.lang.invoke.DirectMethodHandle$Holder.invokeSpecialIFC(java.lang.Object, java.lang.Object, java.lang.Object)'> (0x00000000876708f0) thrown at [./src/hotspot/share/interpreter/linkResolver.cpp, line 773]
Event: 8.564 Thread 0x0000028054ebe800 Exception <a 'java/lang/NoSuchMethodError'{0x00000000877e4130}: 'java.lang.Object java.lang.invoke.DirectMethodHandle$Holder.invokeSpecialIFC(java.lang.Object, java.lang.Object, java.lang.Object)'> (0x00000000877e4130) thrown at [./src/hotspot/share/interpreter/linkResolver.cpp, line 773]
Event: 8.564 Thread 0x00000280536d9000 Exception <a 'java/lang/NoSuchMethodError'{0x000000008767eb40}: 'java.lang.Object java.lang.invoke.DirectMethodHandle$Holder.invokeSpecialIFC(java.lang.Object, java.lang.Object, java.lang.Object)'> (0x000000008767eb40) thrown at [./src/hotspot/share/interpreter/linkResolver.cpp, line 773]
Event: 8.564 Thread 0x00000280536db800 Exception <a 'java/lang/NoSuchMethodError'{0x0000000087620a08}: 'java.lang.Object java.lang.invoke.DirectMethodHandle$Holder.invokeSpecialIFC(java.lang.Object, java.lang.Object, java.lang.Object)'> (0x0000000087620a08) thrown at [./src/hotspot/share/interpreter/linkResolver.cpp, line 773]
Event: 8.564 Thread 0x0000028054ec9000 Exception <a 'java/lang/NoSuchMethodError'{0x00000000876437c8}: 'java.lang.Object java.lang.invoke.DirectMethodHandle$Holder.invokeSpecialIFC(java.lang.Object, java.lang.Object, java.lang.Object)'> (0x00000000876437c8) thrown at [./src/hotspot/share/interpreter/linkResolver.cpp, line 773]
Event: 8.564 Thread 0x00000280536dd000 Exception <a 'java/lang/NoSuchMethodError'{0x000000008769dc00}: 'java.lang.Object java.lang.invoke.DirectMethodHandle$Holder.invokeSpecialIFC(java.lang.Object, java.lang.Object, java.lang.Object)'> (0x000000008769dc00) thrown at [./src/hotspot/share/interpreter/linkResolver.cpp, line 773]
Event: 8.564 Thread 0x00000280536d8000 Exception <a 'java/lang/NoSuchMethodError'{0x000000008768dca8}: 'java.lang.Object java.lang.invoke.DirectMethodHandle$Holder.invokeSpecialIFC(java.lang.Object, java.lang.Object, java.lang.Object)'> (0x000000008768dca8) thrown at [./src/hotspot/share/interpreter/linkResolver.cpp, line 773]
Event: 8.593 Thread 0x00000280536d9000 Exception <a 'java/lang/NoSuchMethodError'{0x00000000873cb2d8}: 'int java.lang.invoke.DirectMethodHandle$Holder.invokeStaticInit(java.lang.Object, java.lang.Object, java.lang.Object, java.lang.Object, java.lang.Object)'> (0x00000000873cb2d8) thrown at [./src/hotspot/share/interpreter/linkResolver.cpp, line 773]
Event: 8.811 Thread 0x0000028054ec9000 Exception <a 'java/lang/NoSuchMethodError'{0x0000000088ce1738}: <clinit>> (0x0000000088ce1738) thrown at [./src/hotspot/share/prims/jni.cpp, line 1362]
Event: 9.849 Thread 0x0000028056a82800 Implicit null exception at 0x000002803e556b20 to 0x000002803e5578d0

Events (20 events):
Event: 9.991 loading class com/android/ide/common/blame/MergingLogPersistUtil$SourcePositionsSerializer$JsonTypeAdapter done
Event: 10.036 Executing VM operation: CGC_Operation
Event: 10.048 Executing VM operation: CGC_Operation done
Event: 10.078 Executing VM operation: CGC_Operation
Event: 10.078 Executing VM operation: CGC_Operation done
Event: 10.321 loading class com/google/common/cache/LocalCache$EntrySet
Event: 10.321 loading class com/google/common/cache/LocalCache$EntrySet done
Event: 10.322 loading class com/google/common/cache/LocalCache$AbstractCacheSet
Event: 10.322 loading class com/google/common/cache/LocalCache$AbstractCacheSet done
Event: 10.322 loading class com/google/common/cache/LocalCache$EntryIterator
Event: 10.322 loading class com/google/common/cache/LocalCache$EntryIterator done
Event: 10.323 loading class com/google/common/cache/LocalCache$HashIterator
Event: 10.323 loading class com/google/common/cache/LocalCache$HashIterator done
Event: 10.323 loading class com/google/common/cache/LocalCache$WriteThroughEntry
Event: 10.323 loading class com/google/common/cache/LocalCache$WriteThroughEntry done
Event: 10.325 loading class com/android/ide/common/blame/MergingLogPersistUtil$SourcePositionsSerializer
Event: 10.325 loading class com/android/ide/common/blame/MergingLogPersistUtil$SourcePositionsSerializer done
Event: 10.326 loading class com/android/ide/common/blame/MergingLogPersistUtil$SourcePositionsSerializer$Kind
Event: 10.326 loading class com/android/ide/common/blame/MergingLogPersistUtil$SourcePositionsSerializer$Kind done
Event: 10.391 Executing VM operation: G1CollectForAllocation


Dynamic libraries:
0x00007ff7859a0000 - 0x00007ff7859aa000 	C:\Program Files\Android\Android Studio\jre\bin\java.exe
0x00007ffb8a1b0000 - 0x00007ffb8a3a5000 	C:\Windows\SYSTEM32\ntdll.dll
0x00007ffb4cb40000 - 0x00007ffb4cb56000 	C:\Program Files\Avast Software\Avast\aswhook.dll
0x00007ffb897e0000 - 0x00007ffb8989e000 	C:\Windows\System32\KERNEL32.DLL
0x00007ffb87b20000 - 0x00007ffb87de8000 	C:\Windows\System32\KERNELBASE.dll
0x00007ffb87e20000 - 0x00007ffb87f20000 	C:\Windows\System32\ucrtbase.dll
0x00007ffb6d180000 - 0x00007ffb6d199000 	C:\Program Files\Android\Android Studio\jre\bin\jli.dll
0x00007ffb6cff0000 - 0x00007ffb6d007000 	C:\Program Files\Android\Android Studio\jre\bin\VCRUNTIME140.dll
0x00007ffb88200000 - 0x00007ffb883a1000 	C:\Windows\System32\USER32.dll
0x00007ffb757d0000 - 0x00007ffb75a6a000 	C:\Windows\WinSxS\amd64_microsoft.windows.common-controls_6595b64144ccf1df_6.0.19041.1110_none_60b5254171f9507e\COMCTL32.dll
0x00007ffb87df0000 - 0x00007ffb87e12000 	C:\Windows\System32\win32u.dll
0x00007ffb89b20000 - 0x00007ffb89bbe000 	C:\Windows\System32\msvcrt.dll
0x00007ffb89450000 - 0x00007ffb8947b000 	C:\Windows\System32\GDI32.dll
0x00007ffb878d0000 - 0x00007ffb879db000 	C:\Windows\System32\gdi32full.dll
0x00007ffb87f20000 - 0x00007ffb87fbd000 	C:\Windows\System32\msvcp_win.dll
0x00007ffb89d60000 - 0x00007ffb89d90000 	C:\Windows\System32\IMM32.DLL
0x00007ffb17770000 - 0x00007ffb1780d000 	C:\Program Files\Android\Android Studio\jre\bin\msvcp140.dll
0x00007ffb15880000 - 0x00007ffb1634f000 	C:\Program Files\Android\Android Studio\jre\bin\server\jvm.dll
0x00007ffb893a0000 - 0x00007ffb8944c000 	C:\Windows\System32\ADVAPI32.dll
0x00007ffb89ee0000 - 0x00007ffb89f7b000 	C:\Windows\System32\sechost.dll
0x00007ffb89bd0000 - 0x00007ffb89cfa000 	C:\Windows\System32\RPCRT4.dll
0x00007ffb89bc0000 - 0x00007ffb89bc8000 	C:\Windows\System32\PSAPI.DLL
0x00007ffb738c0000 - 0x00007ffb738c9000 	C:\Windows\SYSTEM32\WSOCK32.dll
0x00007ffb7a140000 - 0x00007ffb7a167000 	C:\Windows\SYSTEM32\WINMM.dll
0x00007ffb82770000 - 0x00007ffb8277a000 	C:\Windows\SYSTEM32\VERSION.dll
0x00007ffb89db0000 - 0x00007ffb89e1b000 	C:\Windows\System32\WS2_32.dll
0x00007ffb857d0000 - 0x00007ffb857e2000 	C:\Windows\SYSTEM32\kernel.appcore.dll
0x00007ffb7b990000 - 0x00007ffb7b9a1000 	C:\Program Files\Android\Android Studio\jre\bin\verify.dll
0x00007ffb7a170000 - 0x00007ffb7a354000 	C:\Windows\SYSTEM32\DBGHELP.DLL
0x00007ffb79f60000 - 0x00007ffb79f8c000 	C:\Windows\SYSTEM32\dbgcore.DLL
0x00007ffb87a90000 - 0x00007ffb87b13000 	C:\Windows\System32\bcryptPrimitives.dll
0x00007ffb7b960000 - 0x00007ffb7b989000 	C:\Program Files\Android\Android Studio\jre\bin\java.dll
0x00007ffb84ff0000 - 0x00007ffb84ffb000 	C:\Program Files\Android\Android Studio\jre\bin\jimage.dll
0x00007ffb79d00000 - 0x00007ffb79d18000 	C:\Program Files\Android\Android Studio\jre\bin\zip.dll
0x00007ffb88830000 - 0x00007ffb88f6f000 	C:\Windows\System32\SHELL32.dll
0x00007ffb859d0000 - 0x00007ffb86160000 	C:\Windows\SYSTEM32\windows.storage.dll
0x00007ffb89480000 - 0x00007ffb897d5000 	C:\Windows\System32\combase.dll
0x00007ffb87320000 - 0x00007ffb8734e000 	C:\Windows\SYSTEM32\Wldp.dll
0x00007ffb899d0000 - 0x00007ffb89a7d000 	C:\Windows\System32\SHCORE.dll
0x00007ffb89e20000 - 0x00007ffb89e75000 	C:\Windows\System32\shlwapi.dll
0x00007ffb87810000 - 0x00007ffb8782f000 	C:\Windows\SYSTEM32\profapi.dll
0x00007ffb79b70000 - 0x00007ffb79b8a000 	C:\Program Files\Android\Android Studio\jre\bin\net.dll
0x00007ffb7aa30000 - 0x00007ffb7ab3c000 	C:\Windows\SYSTEM32\WINHTTP.dll
0x00007ffb87080000 - 0x00007ffb870ea000 	C:\Windows\system32\mswsock.dll
0x00007ffb79860000 - 0x00007ffb79874000 	C:\Program Files\Android\Android Studio\jre\bin\nio.dll
0x00007ffb74f30000 - 0x00007ffb74f57000 	C:\Users\user\.gradle\native\8bec1ad78214c89d9ad589b4d07fe93259594b29d510b10fafb7a158f7737e5d\windows-amd64\native-platform.dll
0x00007ffb6eb00000 - 0x00007ffb6ec3d000 	C:\Users\user\.gradle\native\53dbd7edfb1c66fb8903c78663c9afc45aea4f116125fa6feffd364cf09443e8\windows-amd64\native-platform-file-events.dll
0x00007ffb82ca0000 - 0x00007ffb82caa000 	C:\Program Files\Android\Android Studio\jre\bin\management.dll
0x00007ffb7bc10000 - 0x00007ffb7bc1c000 	C:\Program Files\Android\Android Studio\jre\bin\management_ext.dll
0x00007ffb87280000 - 0x00007ffb87298000 	C:\Windows\SYSTEM32\CRYPTSP.dll
0x00007ffb86990000 - 0x00007ffb869c4000 	C:\Windows\system32\rsaenh.dll
0x00007ffb87fc0000 - 0x00007ffb87fe7000 	C:\Windows\System32\bcrypt.dll
0x00007ffb87790000 - 0x00007ffb877be000 	C:\Windows\SYSTEM32\USERENV.dll
0x00007ffb87270000 - 0x00007ffb8727c000 	C:\Windows\SYSTEM32\CRYPTBASE.dll
0x00007ffb86d20000 - 0x00007ffb86d5b000 	C:\Windows\SYSTEM32\IPHLPAPI.DLL
0x00007ffb8a160000 - 0x00007ffb8a168000 	C:\Windows\System32\NSI.dll
0x00007ffb81d20000 - 0x00007ffb81d37000 	C:\Windows\SYSTEM32\dhcpcsvc6.DLL
0x00007ffb81e90000 - 0x00007ffb81ead000 	C:\Windows\SYSTEM32\dhcpcsvc.DLL
0x00007ffb86d60000 - 0x00007ffb86e2b000 	C:\Windows\SYSTEM32\DNSAPI.dll

dbghelp: loaded successfully - version: 4.0.5 - missing functions: none
symbol engine: initialized successfully - sym options: 0x614 - pdb path: .;C:\Program Files\Android\Android Studio\jre\bin;C:\Windows\SYSTEM32;C:\Program Files\Avast Software\Avast;C:\Windows\WinSxS\amd64_microsoft.windows.common-controls_6595b64144ccf1df_6.0.19041.1110_none_60b5254171f9507e;C:\Program Files\Android\Android Studio\jre\bin\server;C:\Users\user\.gradle\native\8bec1ad78214c89d9ad589b4d07fe93259594b29d510b10fafb7a158f7737e5d\windows-amd64;C:\Users\user\.gradle\native\53dbd7edfb1c66fb8903c78663c9afc45aea4f116125fa6feffd364cf09443e8\windows-amd64

VM Arguments:
jvm_args: --add-opens=java.base/java.util=ALL-UNNAMED --add-opens=java.base/java.lang=ALL-UNNAMED --add-opens=java.base/java.lang.invoke=ALL-UNNAMED --add-opens=java.base/java.util=ALL-UNNAMED --add-opens=java.prefs/java.util.prefs=ALL-UNNAMED --add-opens=java.prefs/java.util.prefs=ALL-UNNAMED --add-opens=java.base/java.nio.charset=ALL-UNNAMED --add-opens=java.base/java.net=ALL-UNNAMED --add-opens=java.base/java.util.concurrent.atomic=ALL-UNNAMED -Xmx2048m -Dfile.encoding=UTF-8 -Duser.country=US -Duser.language=en -Duser.variant 
java_command: org.gradle.launcher.daemon.bootstrap.GradleDaemon 7.0.2
java_class_path (initial): C:\Users\user\.gradle\wrapper\dists\gradle-7.0.2-bin\857tjihv64xamwrf0h14cai3r\gradle-7.0.2\lib\gradle-launcher-7.0.2.jar
Launcher Type: SUN_STANDARD

[Global flags]
     intx CICompilerCount                          = 4                                         {product} {ergonomic}
     uint ConcGCThreads                            = 3                                         {product} {ergonomic}
     uint G1ConcRefinementThreads                  = 10                                        {product} {ergonomic}
   size_t G1HeapRegionSize                         = 1048576                                   {product} {ergonomic}
    uintx GCDrainStackTargetSize                   = 64                                        {product} {ergonomic}
   size_t InitialHeapSize                          = 132120576                                 {product} {ergonomic}
   size_t MarkStackSize                            = 4194304                                   {product} {ergonomic}
   size_t MaxHeapSize                              = 2147483648                                {product} {command line}
   size_t MaxNewSize                               = 1287651328                                {product} {ergonomic}
   size_t MinHeapDeltaBytes                        = 1048576                                   {product} {ergonomic}
    uintx NonNMethodCodeHeapSize                   = 5836300                                {pd product} {ergonomic}
    uintx NonProfiledCodeHeapSize                  = 122910970                              {pd product} {ergonomic}
    uintx ProfiledCodeHeapSize                     = 122910970                              {pd product} {ergonomic}
    uintx ReservedCodeCacheSize                    = 251658240                              {pd product} {ergonomic}
     bool SegmentedCodeCache                       = true                                      {product} {ergonomic}
     bool UseCompressedClassPointers               = true                                 {lp64_product} {ergonomic}
     bool UseCompressedOops                        = true                                 {lp64_product} {ergonomic}
     bool UseG1GC                                  = true                                      {product} {ergonomic}
     bool UseLargePagesIndividualAllocation        = false                                  {pd product} {ergonomic}

Logging:
Log output configuration:
 #0: stdout all=warning uptime,level,tags
 #1: stderr all=off uptime,level,tags

Environment Variables:
JAVA_HOME=C:\Users\user\AppData\Local\Programs\Eclipse Adoptium\jdk-11.0.13.8-hotspot\
PATH=C:\Program Files (x86)\Common Files\Oracle\Java\javapath;C:\Windows\system32;C:\Windows;C:\Windows\System32\Wbem;C:\Windows\System32\WindowsPowerShell\v1.0\;C:\Windows\System32\OpenSSH\;C:\Program Files (x86)\NVIDIA Corporation\PhysX\Common;C:\Program Files\NVIDIA Corporation\NVIDIA NvDLISR;C:\Program Files\Git\cmd;C:\Program Files\nodejs\;C:\ProgramData\chocolatey\bin;C:\Users\user\AppData\Local\Programs\Eclipse Adoptium\jdk-11.0.13.8-hotspot\bin;C:\Users\user\AppData\Local\Microsoft\WindowsApps;C:\Users\user\AppData\Local\Programs\Microsoft VS Code\bin;C:\Users\user\AppData\Local\GitHubDesktop\bin;C:\xampp\php;C:\Users\user\AppData\Local\ComposerSetup\bin;C:\Users\user\AppData\Roaming\Composer\vendor\bin;C:\Users\user\AppData\Roaming\npm
USERNAME=user
OS=Windows_NT
PROCESSOR_IDENTIFIER=Intel64 Family 6 Model 165 Stepping 2, GenuineIntel



---------------  S Y S T E M  ---------------

OS: Windows 10 , 64 bit Build 19041 (10.0.19041.1348)
OS uptime: 0 days 15:52 hours

CPU:total 12 (initial active 12) (6 cores per cpu, 2 threads per core) family 6 model 165 stepping 2 microcode 0xc8, cmov, cx8, fxsr, mmx, sse, sse2, sse3, ssse3, sse4.1, sse4.2, popcnt, avx, avx2, aes, clmul, erms, 3dnowpref, lzcnt, ht, tsc, tscinvbit, bmi1, bmi2, adx, fma

Memory: 4k page, system-wide physical 8013M (505M free)
TotalPageFile size 16666M (AvailPageFile size 30M)
current process WorkingSet (physical memory assigned to process): 403M, peak: 416M
current process commit charge ("private bytes"): 446M, peak: 476M

vm_info: OpenJDK 64-Bit Server VM (11.0.10+0-b96-7249189) for windows-amd64 JRE (11.0.10+0-b96-7249189), built on Mar 31 2021 21:44:00 by "builder" with MS VC++ 14.0 (VS2015)

END.
