#
# There is insufficient memory for the Java Runtime Environment to continue.
# Native memory allocation (malloc) failed to allocate 1385136 bytes for Chunk::new
# Possible reasons:
#   The system is out of physical RAM or swap space
#   The process is running with CompressedOops enabled, and the Java Heap may be blocking the growth of the native heap
# Possible solutions:
#   Reduce memory load on the system
#   Increase physical memory or swap space
#   Check if swap backing store is full
#   Decrease Java heap size (-Xmx/-Xms)
#   Decrease number of Java threads
#   Decrease Java thread stack sizes (-Xss)
#   Set larger code cache with -XX:ReservedCodeCacheSize=
#   JVM is running with Unscaled Compressed Oops mode in which the Java heap is
#     placed in the first 4GB address space. The Java Heap base address is the
#     maximum limit for the native heap growth. Please use -XX:HeapBaseMinAddress
#     to set the Java Heap base and to place the Java Heap above 4GB virtual address.
# This output file may be truncated or incomplete.
#
#  Out of Memory Error (./src/hotspot/share/memory/arena.cpp:197), pid=18548, tid=13368
#
# JRE version: OpenJDK Runtime Environment (11.0.10) (build 11.0.10+0-b96-7249189)
# Java VM: OpenJDK 64-Bit Server VM (11.0.10+0-b96-7249189, mixed mode, tiered, compressed oops, g1 gc, windows-amd64)
# No core dump will be written. Minidumps are not enabled by default on client versions of Windows
#

---------------  S U M M A R Y ------------

Command Line: --add-opens=java.base/java.util=ALL-UNNAMED --add-opens=java.base/java.lang=ALL-UNNAMED --add-opens=java.base/java.lang.invoke=ALL-UNNAMED --add-opens=java.base/java.util=ALL-UNNAMED --add-opens=java.prefs/java.util.prefs=ALL-UNNAMED --add-opens=java.prefs/java.util.prefs=ALL-UNNAMED --add-opens=java.base/java.nio.charset=ALL-UNNAMED --add-opens=java.base/java.net=ALL-UNNAMED --add-opens=java.base/java.util.concurrent.atomic=ALL-UNNAMED -Xmx2048m -Dfile.encoding=UTF-8 -Duser.country=US -Duser.language=en -Duser.variant org.gradle.launcher.daemon.bootstrap.GradleDaemon 7.0.2

Host: Intel(R) Core(TM) i7-10750H CPU @ 2.60GHz, 12 cores, 7G,  Windows 10 , 64 bit Build 19041 (10.0.19041.1348)
Time: Mon Dec  6 10:07:43 2021 China Standard Time elapsed time: 9.095395 seconds (0d 0h 0m 9s)

---------------  T H R E A D  ---------------

Current thread (0x000001fa93c47000):  JavaThread "C2 CompilerThread2" daemon [_thread_in_native, id=13368, stack(0x000000a57ab00000,0x000000a57ac00000)]


Current CompileTask:
C2:   9095 9651  s!   4       jdk.internal.loader.URLClassPath::getLoader (194 bytes)

Stack: [0x000000a57ab00000,0x000000a57ac00000]
Native frames: (J=compiled Java code, j=interpreted, Vv=VM code, C=native code)
V  [jvm.dll+0x5ecfaa]
V  [jvm.dll+0x722bd5]
V  [jvm.dll+0x72412d]
V  [jvm.dll+0x7247e3]
V  [jvm.dll+0x242928]
V  [jvm.dll+0xbc4fc]
V  [jvm.dll+0xbca0c]
V  [jvm.dll+0x352d3b]
V  [jvm.dll+0x320ad3]
V  [jvm.dll+0x31ffca]
V  [jvm.dll+0x1fb602]
V  [jvm.dll+0x1fa7f4]
V  [jvm.dll+0x18354c]
V  [jvm.dll+0x208ee7]
V  [jvm.dll+0x207731]
V  [jvm.dll+0x6eb1cf]
V  [jvm.dll+0x6e3d45]
V  [jvm.dll+0x5ebe96]
C  [ucrtbase.dll+0x21bb2]
C  [KERNEL32.DLL+0x17034]
C  [ntdll.dll+0x52651]


---------------  P R O C E S S  ---------------

Threads class SMR info:
_java_thread_list=0x000001fa949fde70, length=85, elements={
0x000001faf6361800, 0x000001faffc21800, 0x000001faffc23000, 0x000001fa91846000,
0x000001fa91847000, 0x000001fa91849800, 0x000001fa9184e800, 0x000001fa91851800,
0x000001faffc45000, 0x000001fa919a6000, 0x000001fa91bfc000, 0x000001fa9356c000,
0x000001fa9387f000, 0x000001fa928c4000, 0x000001fa934e6000, 0x000001fa93944000,
0x000001fa93b73800, 0x000001fa936fe000, 0x000001fa9356b000, 0x000001fa9407d800,
0x000001fa9407e000, 0x000001fa9407f000, 0x000001fa94084000, 0x000001fa94083000,
0x000001fa9407f800, 0x000001fa94080800, 0x000001fa94081800, 0x000001fa94082000,
0x000001fa96b60000, 0x000001fa93c47000, 0x000001fa96b60800, 0x000001fa96b5b000,
0x000001fa96b5e000, 0x000001fa96b61800, 0x000001fa96b5f000, 0x000001fa96b64800,
0x000001fa96b69000, 0x000001fa96b68000, 0x000001fa96b64000, 0x000001fa96b63000,
0x000001fa96b67000, 0x000001fa96b69800, 0x000001fa96b65800, 0x000001fa96b66800,
0x000001fa95450000, 0x000001fa95451000, 0x000001fa95451800, 0x000001fa95452800,
0x000001fa9544f800, 0x000001fa95455000, 0x000001fa95456000, 0x000001fa95453800,
0x000001fa95454000, 0x000001fa982cd000, 0x000001fa982cd800, 0x000001fa982ce800,
0x000001fa982ca800, 0x000001fa982c9000, 0x000001fa982cf800, 0x000001fa982cc000,
0x000001fa982d1000, 0x000001fa982cb000, 0x000001fa982d6000, 0x000001fa982d6800,
0x000001fa982d2000, 0x000001fa982d7800, 0x000001fa982d2800, 0x000001fa982d3800,
0x000001fa982d4000, 0x000001fa982d5000, 0x000001fa97084000, 0x000001fa97082800,
0x000001fa97085000, 0x000001fa97085800, 0x000001fa97080000, 0x000001fa97086800,
0x000001fa97081800, 0x000001fa97080800, 0x000001fa97087000, 0x000001fa97089000,
0x000001fa97083000, 0x000001fa97089800, 0x000001fa9708b800, 0x000001fa97088000,
0x000001fa9708c000
}

Java Threads: ( => current thread )
  0x000001faf6361800 JavaThread "main" [_thread_blocked, id=8548, stack(0x000000a577c00000,0x000000a577d00000)]
  0x000001faffc21800 JavaThread "Reference Handler" daemon [_thread_blocked, id=18908, stack(0x000000a578300000,0x000000a578400000)]
  0x000001faffc23000 JavaThread "Finalizer" daemon [_thread_blocked, id=17068, stack(0x000000a578400000,0x000000a578500000)]
  0x000001fa91846000 JavaThread "Signal Dispatcher" daemon [_thread_blocked, id=5340, stack(0x000000a578500000,0x000000a578600000)]
  0x000001fa91847000 JavaThread "Attach Listener" daemon [_thread_blocked, id=17028, stack(0x000000a578600000,0x000000a578700000)]
  0x000001fa91849800 JavaThread "Service Thread" daemon [_thread_blocked, id=11808, stack(0x000000a578700000,0x000000a578800000)]
  0x000001fa9184e800 JavaThread "C2 CompilerThread0" daemon [_thread_in_native, id=18616, stack(0x000000a578800000,0x000000a578900000)]
  0x000001fa91851800 JavaThread "C1 CompilerThread0" daemon [_thread_in_native, id=17424, stack(0x000000a578900000,0x000000a578a00000)]
  0x000001faffc45000 JavaThread "Sweeper thread" daemon [_thread_blocked, id=18900, stack(0x000000a578a00000,0x000000a578b00000)]
  0x000001fa919a6000 JavaThread "Common-Cleaner" daemon [_thread_blocked, id=13180, stack(0x000000a578b00000,0x000000a578c00000)]
  0x000001fa91bfc000 JavaThread "C2 CompilerThread1" daemon [_thread_in_native, id=14708, stack(0x000000a578d00000,0x000000a578e00000)]
  0x000001fa9356c000 JavaThread "Daemon health stats" [_thread_blocked, id=9484, stack(0x000000a579100000,0x000000a579200000)]
  0x000001fa9387f000 JavaThread "Incoming local TCP Connector on port 56094" [_thread_in_native, id=8632, stack(0x000000a579000000,0x000000a579100000)]
  0x000001fa928c4000 JavaThread "Daemon periodic checks" [_thread_blocked, id=10828, stack(0x000000a579200000,0x000000a579300000)]
  0x000001fa934e6000 JavaThread "Daemon" [_thread_blocked, id=16420, stack(0x000000a579300000,0x000000a579400000)]
  0x000001fa93944000 JavaThread "Handler for socket connection from /127.0.0.1:56094 to /127.0.0.1:56095" [_thread_in_native, id=9940, stack(0x000000a579400000,0x000000a579500000)]
  0x000001fa93b73800 JavaThread "Cancel handler" [_thread_blocked, id=2464, stack(0x000000a579500000,0x000000a579600000)]
  0x000001fa936fe000 JavaThread "Daemon worker" [_thread_blocked, id=6036, stack(0x000000a579600000,0x000000a579700000)]
  0x000001fa9356b000 JavaThread "Asynchronous log dispatcher for DefaultDaemonConnection: socket connection from /127.0.0.1:56094 to /127.0.0.1:56095" [_thread_blocked, id=9844, stack(0x000000a579700000,0x000000a579800000)]
  0x000001fa9407d800 JavaThread "Stdin handler" [_thread_blocked, id=6424, stack(0x000000a579800000,0x000000a579900000)]
  0x000001fa9407e000 JavaThread "Daemon client event forwarder" [_thread_blocked, id=8340, stack(0x000000a579900000,0x000000a579a00000)]
  0x000001fa9407f000 JavaThread "Cache worker for file hash cache (C:\Users\user\.gradle\caches\7.0.2\fileHashes)" [_thread_blocked, id=17248, stack(0x000000a57a100000,0x000000a57a200000)]
  0x000001fa94084000 JavaThread "File lock request listener" [_thread_in_native, id=12428, stack(0x000000a57a200000,0x000000a57a300000)]
  0x000001fa94083000 JavaThread "Cache worker for journal cache (C:\Users\user\.gradle\caches\journal-1)" [_thread_blocked, id=17356, stack(0x000000a57a500000,0x000000a57a600000)]
  0x000001fa9407f800 JavaThread "Cache worker for file hash cache (C:\Users\user\Documents\GitHub\UASProject\.gradle\7.0.2\fileHashes)" [_thread_blocked, id=9668, stack(0x000000a57a600000,0x000000a57a700000)]
  0x000001fa94080800 JavaThread "File watcher server" daemon [_thread_in_native, id=9408, stack(0x000000a57a700000,0x000000a57a800000)]
  0x000001fa94081800 JavaThread "File watcher consumer" daemon [_thread_blocked, id=14060, stack(0x000000a57a800000,0x000000a57a900000)]
  0x000001fa94082000 JavaThread "Cache worker for checksums cache (C:\Users\user\Documents\GitHub\UASProject\.gradle\checksums)" [_thread_blocked, id=5140, stack(0x000000a57a900000,0x000000a57aa00000)]
  0x000001fa96b60000 JavaThread "Cache worker for cache directory md-supplier (C:\Users\user\.gradle\caches\7.0.2\md-supplier)" [_thread_blocked, id=13504, stack(0x000000a57aa00000,0x000000a57ab00000)]
=>0x000001fa93c47000 JavaThread "C2 CompilerThread2" daemon [_thread_in_native, id=13368, stack(0x000000a57ab00000,0x000000a57ac00000)]
  0x000001fa96b60800 JavaThread "Cache worker for cache directory md-rule (C:\Users\user\.gradle\caches\7.0.2\md-rule)" [_thread_blocked, id=8844, stack(0x000000a57ac00000,0x000000a57ad00000)]
  0x000001fa96b5b000 JavaThread "Cache worker for execution history cache (C:\Users\user\.gradle\caches\7.0.2\executionHistory)" [_thread_blocked, id=14608, stack(0x000000a57ad00000,0x000000a57ae00000)]
  0x000001fa96b5e000 JavaThread "jar transforms" [_thread_blocked, id=18368, stack(0x000000a57ae00000,0x000000a57af00000)]
  0x000001fa96b61800 JavaThread "jar transforms Thread 2" [_thread_blocked, id=8276, stack(0x000000a57af00000,0x000000a57b000000)]
  0x000001fa96b5f000 JavaThread "Cache worker for file content cache (C:\Users\user\.gradle\caches\7.0.2\fileContent)" [_thread_blocked, id=11232, stack(0x000000a57b000000,0x000000a57b100000)]
  0x000001fa96b64800 JavaThread "Cache worker for dependencies-accessors (C:\Users\user\Documents\GitHub\UASProject\.gradle\7.0.2\dependencies-accessors)" [_thread_blocked, id=13168, stack(0x000000a57b100000,0x000000a57b200000)]
  0x000001fa96b69000 JavaThread "jar transforms Thread 3" [_thread_blocked, id=10252, stack(0x000000a57b200000,0x000000a57b300000)]
  0x000001fa96b68000 JavaThread "Cache worker for Build Output Cleanup Cache (C:\Users\user\Documents\GitHub\UASProject\.gradle\buildOutputCleanup)" [_thread_blocked, id=5100, stack(0x000000a57b300000,0x000000a57b400000)]
  0x000001fa96b64000 JavaThread "Build operations" [_thread_blocked, id=11660, stack(0x000000a57b400000,0x000000a57b500000)]
  0x000001fa96b63000 JavaThread "Build operations Thread 2" [_thread_blocked, id=5184, stack(0x000000a57b500000,0x000000a57b600000)]
  0x000001fa96b67000 JavaThread "Build operations Thread 3" [_thread_blocked, id=17856, stack(0x000000a57b600000,0x000000a57b700000)]
  0x000001fa96b69800 JavaThread "Build operations Thread 4" [_thread_blocked, id=12712, stack(0x000000a57b700000,0x000000a57b800000)]
  0x000001fa96b65800 JavaThread "Build operations Thread 5" [_thread_blocked, id=9544, stack(0x000000a57b800000,0x000000a57b900000)]
  0x000001fa96b66800 JavaThread "Build operations Thread 6" [_thread_blocked, id=17528, stack(0x000000a57b900000,0x000000a57ba00000)]
  0x000001fa95450000 JavaThread "Build operations Thread 7" [_thread_blocked, id=3628, stack(0x000000a57ba00000,0x000000a57bb00000)]
  0x000001fa95451000 JavaThread "Build operations Thread 8" [_thread_blocked, id=14852, stack(0x000000a57bb00000,0x000000a57bc00000)]
  0x000001fa95451800 JavaThread "Build operations Thread 9" [_thread_blocked, id=5728, stack(0x000000a57bc00000,0x000000a57bd00000)]
  0x000001fa95452800 JavaThread "Build operations Thread 10" [_thread_blocked, id=3624, stack(0x000000a57bd00000,0x000000a57be00000)]
  0x000001fa9544f800 JavaThread "Build operations Thread 11" [_thread_blocked, id=4308, stack(0x000000a57be00000,0x000000a57bf00000)]
  0x000001fa95455000 JavaThread "Build operations Thread 12" [_thread_blocked, id=15744, stack(0x000000a57bf00000,0x000000a57c000000)]
  0x000001fa95456000 JavaThread "jar transforms Thread 4" [_thread_blocked, id=8988, stack(0x000000a57c000000,0x000000a57c100000)]
  0x000001fa95453800 JavaThread "jar transforms Thread 5" [_thread_blocked, id=17936, stack(0x000000a57c100000,0x000000a57c200000)]
  0x000001fa95454000 JavaThread "jar transforms Thread 6" [_thread_blocked, id=17064, stack(0x000000a57c200000,0x000000a57c300000)]
  0x000001fa982cd000 JavaThread "jar transforms Thread 7" [_thread_blocked, id=6860, stack(0x000000a57c300000,0x000000a57c400000)]
  0x000001fa982cd800 JavaThread "jar transforms Thread 8" [_thread_blocked, id=18776, stack(0x000000a57c400000,0x000000a57c500000)]
  0x000001fa982ce800 JavaThread "jar transforms Thread 9" [_thread_blocked, id=18708, stack(0x000000a57c500000,0x000000a57c600000)]
  0x000001fa982ca800 JavaThread "jar transforms Thread 10" [_thread_blocked, id=19124, stack(0x000000a57c600000,0x000000a57c700000)]
  0x000001fa982c9000 JavaThread "jar transforms Thread 11" [_thread_blocked, id=8864, stack(0x000000a57c700000,0x000000a57c800000)]
  0x000001fa982cf800 JavaThread "jar transforms Thread 12" [_thread_blocked, id=5664, stack(0x000000a57c800000,0x000000a57c900000)]
  0x000001fa982cc000 JavaThread "Memory manager" [_thread_blocked, id=9244, stack(0x000000a57c900000,0x000000a57ca00000)]
  0x000001fa982d1000 JavaThread "build event listener" [_thread_blocked, id=15208, stack(0x000000a57ca00000,0x000000a57cb00000)]
  0x000001fa982cb000 JavaThread "Execution worker for ':'" [_thread_blocked, id=15596, stack(0x000000a57cb00000,0x000000a57cc00000)]
  0x000001fa982d6000 JavaThread "Execution worker for ':' Thread 2" [_thread_blocked, id=15144, stack(0x000000a57cc00000,0x000000a57cd00000)]
  0x000001fa982d6800 JavaThread "Execution worker for ':' Thread 3" [_thread_blocked, id=19232, stack(0x000000a57cd00000,0x000000a57ce00000)]
  0x000001fa982d2000 JavaThread "Execution worker for ':' Thread 4" [_thread_blocked, id=8728, stack(0x000000a57ce00000,0x000000a57cf00000)]
  0x000001fa982d7800 JavaThread "Execution worker for ':' Thread 5" [_thread_blocked, id=10700, stack(0x000000a57cf00000,0x000000a57d000000)]
  0x000001fa982d2800 JavaThread "Execution worker for ':' Thread 6" [_thread_blocked, id=18944, stack(0x000000a57d000000,0x000000a57d100000)]
  0x000001fa982d3800 JavaThread "Execution worker for ':' Thread 7" [_thread_blocked, id=7668, stack(0x000000a57d100000,0x000000a57d200000)]
  0x000001fa982d4000 JavaThread "Execution worker for ':' Thread 8" [_thread_blocked, id=12660, stack(0x000000a57d200000,0x000000a57d300000)]
  0x000001fa982d5000 JavaThread "Execution worker for ':' Thread 9" [_thread_blocked, id=8660, stack(0x000000a57d300000,0x000000a57d400000)]
  0x000001fa97084000 JavaThread "Execution worker for ':' Thread 10" [_thread_blocked, id=8984, stack(0x000000a57d400000,0x000000a57d500000)]
  0x000001fa97082800 JavaThread "Execution worker for ':' Thread 11" [_thread_blocked, id=17944, stack(0x000000a57d500000,0x000000a57d600000)]
  0x000001fa97085000 JavaThread "Cache worker for execution history cache (C:\Users\user\Documents\GitHub\UASProject\.gradle\7.0.2\executionHistory)" [_thread_blocked, id=19284, stack(0x000000a57d600000,0x000000a57d700000)]
  0x000001fa97085800 JavaThread "WorkerExecutor Queue" [_thread_in_Java, id=19080, stack(0x000000a57d800000,0x000000a57d900000)]
  0x000001fa97080000 JavaThread "WorkerExecutor Queue Thread 2" [_thread_in_Java, id=16608, stack(0x000000a57d900000,0x000000a57da00000)]
  0x000001fa97086800 JavaThread "WorkerExecutor Queue Thread 3" [_thread_in_Java, id=10656, stack(0x000000a57da00000,0x000000a57db00000)]
  0x000001fa97081800 JavaThread "WorkerExecutor Queue Thread 4" [_thread_in_Java, id=11816, stack(0x000000a57db00000,0x000000a57dc00000)]
  0x000001fa97080800 JavaThread "WorkerExecutor Queue Thread 5" [_thread_in_native, id=19004, stack(0x000000a57dc00000,0x000000a57dd00000)]
  0x000001fa97087000 JavaThread "WorkerExecutor Queue Thread 6" [_thread_in_Java, id=18228, stack(0x000000a57dd00000,0x000000a57de00000)]
  0x000001fa97089000 JavaThread "WorkerExecutor Queue Thread 7" [_thread_in_native, id=16704, stack(0x000000a57de00000,0x000000a57df00000)]
  0x000001fa97083000 JavaThread "WorkerExecutor Queue Thread 8" [_thread_in_Java, id=19424, stack(0x000000a57df00000,0x000000a57e000000)]
  0x000001fa97089800 JavaThread "WorkerExecutor Queue Thread 9" [_thread_in_Java, id=17300, stack(0x000000a57e000000,0x000000a57e100000)]
  0x000001fa9708b800 JavaThread "WorkerExecutor Queue Thread 10" [_thread_in_Java, id=19136, stack(0x000000a57e100000,0x000000a57e200000)]
  0x000001fa97088000 JavaThread "WorkerExecutor Queue Thread 11" [_thread_in_native, id=18612, stack(0x000000a57e200000,0x000000a57e300000)]
  0x000001fa9708c000 JavaThread "WorkerExecutor Queue Thread 12" [_thread_in_Java, id=6884, stack(0x000000a57e300000,0x000000a57e400000)]

Other Threads:
  0x000001faffc1d800 VMThread "VM Thread" [stack: 0x000000a578200000,0x000000a578300000] [id=6520]
  0x000001fa919d2800 WatcherThread [stack: 0x000000a578c00000,0x000000a578d00000] [id=15648]
  0x000001faf637c000 GCTaskThread "GC Thread#0" [stack: 0x000000a577d00000,0x000000a577e00000] [id=2368]
  0x000001fa92319000 GCTaskThread "GC Thread#1" [stack: 0x000000a578e00000,0x000000a578f00000] [id=19020]
  0x000001fa9215b800 GCTaskThread "GC Thread#2" [stack: 0x000000a578f00000,0x000000a579000000] [id=7856]
  0x000001fa9356a800 GCTaskThread "GC Thread#3" [stack: 0x000000a579a00000,0x000000a579b00000] [id=18588]
  0x000001fa93874000 GCTaskThread "GC Thread#4" [stack: 0x000000a579b00000,0x000000a579c00000] [id=18428]
  0x000001fa93f37000 GCTaskThread "GC Thread#5" [stack: 0x000000a579c00000,0x000000a579d00000] [id=14824]
  0x000001fa945a0800 GCTaskThread "GC Thread#6" [stack: 0x000000a579d00000,0x000000a579e00000] [id=2168]
  0x000001fa940b7000 GCTaskThread "GC Thread#7" [stack: 0x000000a579e00000,0x000000a579f00000] [id=19160]
  0x000001fa93e56800 GCTaskThread "GC Thread#8" [stack: 0x000000a579f00000,0x000000a57a000000] [id=8672]
  0x000001fa93ed6000 GCTaskThread "GC Thread#9" [stack: 0x000000a57a000000,0x000000a57a100000] [id=5812]
  0x000001faf63ae000 ConcurrentGCThread "G1 Main Marker" [stack: 0x000000a577e00000,0x000000a577f00000] [id=11956]
  0x000001faf63af800 ConcurrentGCThread "G1 Conc#0" [stack: 0x000000a577f00000,0x000000a578000000] [id=18124]
  0x000001fa93599800 ConcurrentGCThread "G1 Conc#1" [stack: 0x000000a57a300000,0x000000a57a400000] [id=7636]
  0x000001fa9359a800 ConcurrentGCThread "G1 Conc#2" [stack: 0x000000a57a400000,0x000000a57a500000] [id=18128]
  0x000001faffa71800 ConcurrentGCThread "G1 Refine#0" [stack: 0x000000a578000000,0x000000a578100000] [id=9720]
  0x000001fa98c21800 ConcurrentGCThread "G1 Refine#1" [stack: 0x000000a57d700000,0x000000a57d800000] [id=15084]
  0x000001faffa72000 ConcurrentGCThread "G1 Young RemSet Sampling" [stack: 0x000000a578100000,0x000000a578200000] [id=14584]

Threads with active compile tasks:
C2 CompilerThread0   9134 9352       4       com.android.utils.XmlUtils::append (647 bytes)
C1 CompilerThread0   9134 10045       2       com.android.aapt.ConfigurationOuterClass$Configuration::getSerializedSize (591 bytes)
C2 CompilerThread1   9134 9767       4       java.util.TreeMap::getEntry (84 bytes)
C2 CompilerThread2   9135 9651  s!   4       jdk.internal.loader.URLClassPath::getLoader (194 bytes)

VM state:not at safepoint (normal execution)

VM Mutex/Monitor currently owned by a thread: None

Heap address: 0x0000000080000000, size: 2048 MB, Compressed Oops mode: 32-bit
Narrow klass base: 0x0000000000000000, Narrow klass shift: 3
Compressed class space size: 1073741824 Address: 0x0000000100000000

Heap:
 garbage-first heap   total 225280K, used 111832K [0x0000000080000000, 0x0000000100000000)
  region size 1024K, 28 young (28672K), 5 survivors (5120K)
 Metaspace       used 85218K, capacity 87509K, committed 87808K, reserved 1126400K
  class space    used 10930K, capacity 11772K, committed 11852K, reserved 1048576K
Heap Regions: E=young(eden), S=young(survivor), O=old, HS=humongous(starts), HC=humongous(continues), CS=collection set, F=free, A=archive, TAMS=top-at-mark-start (previous, next)
|   0|0x0000000080000000, 0x0000000080100000, 0x0000000080100000|100%| O|  |TAMS 0x0000000080100000, 0x0000000080000000| Untracked 
|   1|0x0000000080100000, 0x0000000080200000, 0x0000000080200000|100%| O|  |TAMS 0x0000000080200000, 0x0000000080100000| Untracked 
|   2|0x0000000080200000, 0x0000000080300000, 0x0000000080300000|100%| O|  |TAMS 0x0000000080300000, 0x0000000080200000| Untracked 
|   3|0x0000000080300000, 0x0000000080400000, 0x0000000080400000|100%|HS|  |TAMS 0x0000000080400000, 0x0000000080300000| Complete 
|   4|0x0000000080400000, 0x0000000080500000, 0x0000000080500000|100%|HC|  |TAMS 0x0000000080500000, 0x0000000080400000| Complete 
|   5|0x0000000080500000, 0x0000000080600000, 0x0000000080600000|100%|HC|  |TAMS 0x0000000080600000, 0x0000000080500000| Complete 
|   6|0x0000000080600000, 0x0000000080700000, 0x0000000080700000|100%| O|  |TAMS 0x0000000080700000, 0x0000000080600000| Untracked 
|   7|0x0000000080700000, 0x0000000080800000, 0x0000000080800000|100%| O|  |TAMS 0x0000000080800000, 0x0000000080700000| Untracked 
|   8|0x0000000080800000, 0x0000000080900000, 0x0000000080900000|100%| O|  |TAMS 0x0000000080900000, 0x0000000080800000| Untracked 
|   9|0x0000000080900000, 0x0000000080a00000, 0x0000000080a00000|100%| O|  |TAMS 0x0000000080a00000, 0x0000000080900000| Untracked 
|  10|0x0000000080a00000, 0x0000000080b00000, 0x0000000080b00000|100%| O|  |TAMS 0x0000000080b00000, 0x0000000080a00000| Untracked 
|  11|0x0000000080b00000, 0x0000000080c00000, 0x0000000080c00000|100%| O|  |TAMS 0x0000000080c00000, 0x0000000080b00000| Untracked 
|  12|0x0000000080c00000, 0x0000000080d00000, 0x0000000080d00000|100%| O|  |TAMS 0x0000000080d00000, 0x0000000080c00000| Untracked 
|  13|0x0000000080d00000, 0x0000000080e00000, 0x0000000080e00000|100%| O|  |TAMS 0x0000000080e00000, 0x0000000080d00000| Untracked 
|  14|0x0000000080e00000, 0x0000000080f00000, 0x0000000080f00000|100%| O|  |TAMS 0x0000000080f00000, 0x0000000080e00000| Untracked 
|  15|0x0000000080f00000, 0x0000000081000000, 0x0000000081000000|100%| O|  |TAMS 0x0000000081000000, 0x0000000080f00000| Untracked 
|  16|0x0000000081000000, 0x0000000081100000, 0x0000000081100000|100%| O|  |TAMS 0x0000000081100000, 0x0000000081000000| Untracked 
|  17|0x0000000081100000, 0x0000000081200000, 0x0000000081200000|100%| O|  |TAMS 0x0000000081200000, 0x0000000081100000| Untracked 
|  18|0x0000000081200000, 0x0000000081300000, 0x0000000081300000|100%|HS|  |TAMS 0x0000000081300000, 0x0000000081200000| Complete 
|  19|0x0000000081300000, 0x0000000081400000, 0x0000000081400000|100%| O|  |TAMS 0x0000000081400000, 0x0000000081300000| Untracked 
|  20|0x0000000081400000, 0x0000000081500000, 0x0000000081500000|100%| O|  |TAMS 0x0000000081500000, 0x0000000081400000| Untracked 
|  21|0x0000000081500000, 0x0000000081600000, 0x0000000081600000|100%| O|  |TAMS 0x0000000081600000, 0x0000000081500000| Untracked 
|  22|0x0000000081600000, 0x0000000081700000, 0x0000000081700000|100%| O|  |TAMS 0x0000000081700000, 0x0000000081600000| Untracked 
|  23|0x0000000081700000, 0x0000000081800000, 0x0000000081800000|100%|HS|  |TAMS 0x0000000081800000, 0x0000000081700000| Complete 
|  24|0x0000000081800000, 0x0000000081900000, 0x0000000081900000|100%|HS|  |TAMS 0x0000000081900000, 0x0000000081800000| Complete 
|  25|0x0000000081900000, 0x0000000081a00000, 0x0000000081a00000|100%|HC|  |TAMS 0x0000000081a00000, 0x0000000081900000| Complete 
|  26|0x0000000081a00000, 0x0000000081b00000, 0x0000000081b00000|100%| O|  |TAMS 0x0000000081b00000, 0x0000000081a00000| Untracked 
|  27|0x0000000081b00000, 0x0000000081c00000, 0x0000000081c00000|100%| O|  |TAMS 0x0000000081c00000, 0x0000000081b00000| Untracked 
|  28|0x0000000081c00000, 0x0000000081d00000, 0x0000000081d00000|100%| O|  |TAMS 0x0000000081d00000, 0x0000000081c00000| Untracked 
|  29|0x0000000081d00000, 0x0000000081e00000, 0x0000000081e00000|100%| O|  |TAMS 0x0000000081e00000, 0x0000000081d00000| Untracked 
|  30|0x0000000081e00000, 0x0000000081f00000, 0x0000000081f00000|100%| O|  |TAMS 0x0000000081f00000, 0x0000000081e00000| Untracked 
|  31|0x0000000081f00000, 0x0000000082000000, 0x0000000082000000|100%| O|  |TAMS 0x0000000082000000, 0x0000000081f00000| Untracked 
|  32|0x0000000082000000, 0x0000000082100000, 0x0000000082100000|100%| O|  |TAMS 0x0000000082100000, 0x0000000082000000| Untracked 
|  33|0x0000000082100000, 0x0000000082200000, 0x0000000082200000|100%| O|  |TAMS 0x0000000082200000, 0x0000000082100000| Untracked 
|  34|0x0000000082200000, 0x0000000082300000, 0x0000000082300000|100%| O|  |TAMS 0x0000000082300000, 0x0000000082200000| Untracked 
|  35|0x0000000082300000, 0x0000000082400000, 0x0000000082400000|100%| O|  |TAMS 0x0000000082400000, 0x0000000082300000| Untracked 
|  36|0x0000000082400000, 0x0000000082500000, 0x0000000082500000|100%| O|  |TAMS 0x0000000082500000, 0x0000000082400000| Untracked 
|  37|0x0000000082500000, 0x0000000082600000, 0x0000000082600000|100%| O|  |TAMS 0x0000000082600000, 0x0000000082500000| Untracked 
|  38|0x0000000082600000, 0x0000000082700000, 0x0000000082700000|100%| O|  |TAMS 0x0000000082700000, 0x0000000082600000| Untracked 
|  39|0x0000000082700000, 0x0000000082800000, 0x0000000082800000|100%| O|  |TAMS 0x0000000082800000, 0x0000000082700000| Untracked 
|  40|0x0000000082800000, 0x0000000082900000, 0x0000000082900000|100%| O|  |TAMS 0x0000000082900000, 0x0000000082800000| Untracked 
|  41|0x0000000082900000, 0x0000000082a00000, 0x0000000082a00000|100%| O|  |TAMS 0x000000008291a800, 0x0000000082900000| Untracked 
|  42|0x0000000082a00000, 0x0000000082b00000, 0x0000000082b00000|100%| O|  |TAMS 0x0000000082a00000, 0x0000000082a00000| Untracked 
|  43|0x0000000082b00000, 0x0000000082c00000, 0x0000000082c00000|100%| O|  |TAMS 0x0000000082b00000, 0x0000000082b00000| Untracked 
|  44|0x0000000082c00000, 0x0000000082d00000, 0x0000000082d00000|100%| O|  |TAMS 0x0000000082c00000, 0x0000000082c00000| Untracked 
|  45|0x0000000082d00000, 0x0000000082e00000, 0x0000000082e00000|100%| O|  |TAMS 0x0000000082d00000, 0x0000000082d00000| Untracked 
|  46|0x0000000082e00000, 0x0000000082f00000, 0x0000000082f00000|100%| O|  |TAMS 0x0000000082e00000, 0x0000000082e00000| Untracked 
|  47|0x0000000082f00000, 0x0000000083000000, 0x0000000083000000|100%| O|  |TAMS 0x0000000082f00000, 0x0000000082f00000| Untracked 
|  48|0x0000000083000000, 0x0000000083100000, 0x0000000083100000|100%| O|  |TAMS 0x0000000083000000, 0x0000000083000000| Untracked 
|  49|0x0000000083100000, 0x0000000083200000, 0x0000000083200000|100%| O|  |TAMS 0x0000000083100000, 0x0000000083100000| Untracked 
|  50|0x0000000083200000, 0x0000000083300000, 0x0000000083300000|100%| O|  |TAMS 0x0000000083200000, 0x0000000083200000| Untracked 
|  51|0x0000000083300000, 0x0000000083300000, 0x0000000083400000|  0%| F|  |TAMS 0x0000000083300000, 0x0000000083300000| Untracked 
|  52|0x0000000083400000, 0x0000000083500000, 0x0000000083500000|100%| O|  |TAMS 0x0000000083400000, 0x0000000083400000| Untracked 
|  53|0x0000000083500000, 0x0000000083600000, 0x0000000083600000|100%|HS|  |TAMS 0x0000000083500000, 0x0000000083500000| Complete 
|  54|0x0000000083600000, 0x0000000083700000, 0x0000000083700000|100%| O|  |TAMS 0x0000000083600000, 0x0000000083600000| Untracked 
|  55|0x0000000083700000, 0x0000000083800000, 0x0000000083800000|100%| O|  |TAMS 0x0000000083700000, 0x0000000083700000| Untracked 
|  56|0x0000000083800000, 0x0000000083900000, 0x0000000083900000|100%| O|  |TAMS 0x0000000083800000, 0x0000000083800000| Untracked 
|  57|0x0000000083900000, 0x0000000083a00000, 0x0000000083a00000|100%| O|  |TAMS 0x0000000083900000, 0x0000000083900000| Untracked 
|  58|0x0000000083a00000, 0x0000000083b00000, 0x0000000083b00000|100%| O|  |TAMS 0x0000000083a00000, 0x0000000083a00000| Untracked 
|  59|0x0000000083b00000, 0x0000000083c00000, 0x0000000083c00000|100%| O|  |TAMS 0x0000000083b00000, 0x0000000083b00000| Untracked 
|  60|0x0000000083c00000, 0x0000000083d00000, 0x0000000083d00000|100%| O|  |TAMS 0x0000000083c00000, 0x0000000083c00000| Untracked 
|  61|0x0000000083d00000, 0x0000000083e00000, 0x0000000083e00000|100%| O|  |TAMS 0x0000000083d00000, 0x0000000083d00000| Untracked 
|  62|0x0000000083e00000, 0x0000000083e00000, 0x0000000083f00000|  0%| F|  |TAMS 0x0000000083e00000, 0x0000000083e00000| Untracked 
|  63|0x0000000083f00000, 0x0000000083f00000, 0x0000000084000000|  0%| F|  |TAMS 0x0000000083f00000, 0x0000000083f00000| Untracked 
|  64|0x0000000084000000, 0x0000000084000000, 0x0000000084100000|  0%| F|  |TAMS 0x0000000084000000, 0x0000000084000000| Untracked 
|  65|0x0000000084100000, 0x0000000084100000, 0x0000000084200000|  0%| F|  |TAMS 0x0000000084100000, 0x0000000084100000| Untracked 
|  66|0x0000000084200000, 0x0000000084200000, 0x0000000084300000|  0%| F|  |TAMS 0x0000000084200000, 0x0000000084200000| Untracked 
|  67|0x0000000084300000, 0x0000000084300000, 0x0000000084400000|  0%| F|  |TAMS 0x0000000084300000, 0x0000000084300000| Untracked 
|  68|0x0000000084400000, 0x0000000084500000, 0x0000000084500000|100%| O|  |TAMS 0x0000000084400000, 0x0000000084400000| Untracked 
|  69|0x0000000084500000, 0x0000000084600000, 0x0000000084600000|100%| O|  |TAMS 0x0000000084500000, 0x0000000084500000| Untracked 
|  70|0x0000000084600000, 0x0000000084700000, 0x0000000084700000|100%| O|  |TAMS 0x0000000084600000, 0x0000000084600000| Untracked 
|  71|0x0000000084700000, 0x0000000084800000, 0x0000000084800000|100%| O|  |TAMS 0x0000000084700000, 0x0000000084700000| Untracked 
|  72|0x0000000084800000, 0x0000000084900000, 0x0000000084900000|100%| O|  |TAMS 0x0000000084800000, 0x0000000084800000| Untracked 
|  73|0x0000000084900000, 0x0000000084a00000, 0x0000000084a00000|100%| O|  |TAMS 0x0000000084900000, 0x0000000084900000| Untracked 
|  74|0x0000000084a00000, 0x0000000084b00000, 0x0000000084b00000|100%| O|  |TAMS 0x0000000084a00000, 0x0000000084a00000| Untracked 
|  75|0x0000000084b00000, 0x0000000084c00000, 0x0000000084c00000|100%| O|  |TAMS 0x0000000084b00000, 0x0000000084b00000| Untracked 
|  76|0x0000000084c00000, 0x0000000084d00000, 0x0000000084d00000|100%| O|  |TAMS 0x0000000084c00000, 0x0000000084c00000| Untracked 
|  77|0x0000000084d00000, 0x0000000084e00000, 0x0000000084e00000|100%| O|  |TAMS 0x0000000084d00000, 0x0000000084d00000| Untracked 
|  78|0x0000000084e00000, 0x0000000084f00000, 0x0000000084f00000|100%| O|  |TAMS 0x0000000084e00000, 0x0000000084e00000| Untracked 
|  79|0x0000000084f00000, 0x0000000085000000, 0x0000000085000000|100%| O|  |TAMS 0x0000000084f00000, 0x0000000084f00000| Untracked 
|  80|0x0000000085000000, 0x0000000085100000, 0x0000000085100000|100%| O|  |TAMS 0x0000000085000000, 0x0000000085000000| Untracked 
|  81|0x0000000085100000, 0x0000000085100000, 0x0000000085200000|  0%| F|  |TAMS 0x0000000085100000, 0x0000000085100000| Untracked 
|  82|0x0000000085200000, 0x0000000085200000, 0x0000000085300000|  0%| F|  |TAMS 0x0000000085200000, 0x0000000085200000| Untracked 
|  83|0x0000000085300000, 0x0000000085300000, 0x0000000085400000|  0%| F|  |TAMS 0x0000000085300000, 0x0000000085300000| Untracked 
|  84|0x0000000085400000, 0x0000000085400000, 0x0000000085500000|  0%| F|  |TAMS 0x0000000085400000, 0x0000000085400000| Untracked 
|  85|0x0000000085500000, 0x0000000085500000, 0x0000000085600000|  0%| F|  |TAMS 0x0000000085500000, 0x0000000085500000| Untracked 
|  86|0x0000000085600000, 0x0000000085600000, 0x0000000085700000|  0%| F|  |TAMS 0x0000000085600000, 0x0000000085600000| Untracked 
|  87|0x0000000085700000, 0x0000000085700000, 0x0000000085800000|  0%| F|  |TAMS 0x0000000085700000, 0x0000000085700000| Untracked 
|  88|0x0000000085800000, 0x0000000085800000, 0x0000000085900000|  0%| F|  |TAMS 0x0000000085800000, 0x0000000085800000| Untracked 
|  89|0x0000000085900000, 0x0000000085a00000, 0x0000000085a00000|100%| O|  |TAMS 0x0000000085900000, 0x0000000085900000| Untracked 
|  90|0x0000000085a00000, 0x0000000085b00000, 0x0000000085b00000|100%| O|  |TAMS 0x0000000085a00000, 0x0000000085a00000| Untracked 
|  91|0x0000000085b00000, 0x0000000085c00000, 0x0000000085c00000|100%| O|  |TAMS 0x0000000085b00000, 0x0000000085b00000| Untracked 
|  92|0x0000000085c00000, 0x0000000085d00000, 0x0000000085d00000|100%| O|  |TAMS 0x0000000085c00000, 0x0000000085c00000| Untracked 
|  93|0x0000000085d00000, 0x0000000085e00000, 0x0000000085e00000|100%| O|  |TAMS 0x0000000085d00000, 0x0000000085d00000| Untracked 
|  94|0x0000000085e00000, 0x0000000085f00000, 0x0000000085f00000|100%| O|  |TAMS 0x0000000085e00000, 0x0000000085e00000| Untracked 
|  95|0x0000000085f00000, 0x0000000086000000, 0x0000000086000000|100%| O|  |TAMS 0x0000000085f00000, 0x0000000085f00000| Untracked 
|  96|0x0000000086000000, 0x0000000086100000, 0x0000000086100000|100%| O|  |TAMS 0x0000000086000000, 0x0000000086000000| Untracked 
|  97|0x0000000086100000, 0x0000000086200000, 0x0000000086200000|100%| O|  |TAMS 0x0000000086100000, 0x0000000086100000| Untracked 
|  98|0x0000000086200000, 0x000000008626bc00, 0x0000000086300000| 42%| O|  |TAMS 0x0000000086200000, 0x0000000086200000| Untracked 
|  99|0x0000000086300000, 0x0000000086300000, 0x0000000086400000|  0%| F|  |TAMS 0x0000000086300000, 0x0000000086300000| Untracked 
| 100|0x0000000086400000, 0x0000000086400000, 0x0000000086500000|  0%| F|  |TAMS 0x0000000086400000, 0x0000000086400000| Untracked 
| 101|0x0000000086500000, 0x0000000086500000, 0x0000000086600000|  0%| F|  |TAMS 0x0000000086500000, 0x0000000086500000| Untracked 
| 102|0x0000000086600000, 0x0000000086600000, 0x0000000086700000|  0%| F|  |TAMS 0x0000000086600000, 0x0000000086600000| Untracked 
| 103|0x0000000086700000, 0x0000000086700000, 0x0000000086800000|  0%| F|  |TAMS 0x0000000086700000, 0x0000000086700000| Untracked 
| 104|0x0000000086800000, 0x0000000086800000, 0x0000000086900000|  0%| F|  |TAMS 0x0000000086800000, 0x0000000086800000| Untracked 
| 105|0x0000000086900000, 0x0000000086900000, 0x0000000086a00000|  0%| F|  |TAMS 0x0000000086900000, 0x0000000086900000| Untracked 
| 106|0x0000000086a00000, 0x0000000086a00000, 0x0000000086b00000|  0%| F|  |TAMS 0x0000000086a00000, 0x0000000086a00000| Untracked 
| 107|0x0000000086b00000, 0x0000000086b00000, 0x0000000086c00000|  0%| F|  |TAMS 0x0000000086b00000, 0x0000000086b00000| Untracked 
| 108|0x0000000086c00000, 0x0000000086c00000, 0x0000000086d00000|  0%| F|  |TAMS 0x0000000086c00000, 0x0000000086c00000| Untracked 
| 109|0x0000000086d00000, 0x0000000086d00000, 0x0000000086e00000|  0%| F|  |TAMS 0x0000000086d00000, 0x0000000086d00000| Untracked 
| 110|0x0000000086e00000, 0x0000000086e00000, 0x0000000086f00000|  0%| F|  |TAMS 0x0000000086e00000, 0x0000000086e00000| Untracked 
| 111|0x0000000086f00000, 0x0000000086f00000, 0x0000000087000000|  0%| F|  |TAMS 0x0000000086f00000, 0x0000000086f00000| Untracked 
| 112|0x0000000087000000, 0x0000000087000000, 0x0000000087100000|  0%| F|  |TAMS 0x0000000087000000, 0x0000000087000000| Untracked 
| 113|0x0000000087100000, 0x0000000087100000, 0x0000000087200000|  0%| F|  |TAMS 0x0000000087100000, 0x0000000087100000| Untracked 
| 114|0x0000000087200000, 0x0000000087200000, 0x0000000087300000|  0%| F|  |TAMS 0x0000000087200000, 0x0000000087200000| Untracked 
| 115|0x0000000087300000, 0x0000000087300000, 0x0000000087400000|  0%| F|  |TAMS 0x0000000087300000, 0x0000000087300000| Untracked 
| 116|0x0000000087400000, 0x0000000087400000, 0x0000000087500000|  0%| F|  |TAMS 0x0000000087400000, 0x0000000087400000| Untracked 
| 117|0x0000000087500000, 0x0000000087500000, 0x0000000087600000|  0%| F|  |TAMS 0x0000000087500000, 0x0000000087500000| Untracked 
| 118|0x0000000087600000, 0x0000000087600000, 0x0000000087700000|  0%| F|  |TAMS 0x0000000087600000, 0x0000000087600000| Untracked 
| 119|0x0000000087700000, 0x0000000087700000, 0x0000000087800000|  0%| F|  |TAMS 0x0000000087700000, 0x0000000087700000| Untracked 
| 120|0x0000000087800000, 0x0000000087800000, 0x0000000087900000|  0%| F|  |TAMS 0x0000000087800000, 0x0000000087800000| Untracked 
| 121|0x0000000087900000, 0x0000000087900000, 0x0000000087a00000|  0%| F|  |TAMS 0x0000000087900000, 0x0000000087900000| Untracked 
| 122|0x0000000087a00000, 0x0000000087a00000, 0x0000000087b00000|  0%| F|  |TAMS 0x0000000087a00000, 0x0000000087a00000| Untracked 
| 123|0x0000000087b00000, 0x0000000087b00000, 0x0000000087c00000|  0%| F|  |TAMS 0x0000000087b00000, 0x0000000087b00000| Untracked 
| 124|0x0000000087c00000, 0x0000000087c00000, 0x0000000087d00000|  0%| F|  |TAMS 0x0000000087c00000, 0x0000000087c00000| Untracked 
| 125|0x0000000087d00000, 0x0000000087d00000, 0x0000000087e00000|  0%| F|  |TAMS 0x0000000087d00000, 0x0000000087d00000| Untracked 
| 126|0x0000000087e00000, 0x0000000087e00000, 0x0000000087f00000|  0%| F|  |TAMS 0x0000000087e00000, 0x0000000087e00000| Untracked 
| 127|0x0000000087f00000, 0x0000000087f00000, 0x0000000088000000|  0%| F|  |TAMS 0x0000000087f00000, 0x0000000087f00000| Untracked 
| 128|0x0000000088000000, 0x0000000088000000, 0x0000000088100000|  0%| F|  |TAMS 0x0000000088000000, 0x0000000088000000| Untracked 
| 129|0x0000000088100000, 0x0000000088100000, 0x0000000088200000|  0%| F|  |TAMS 0x0000000088100000, 0x0000000088100000| Untracked 
| 130|0x0000000088200000, 0x0000000088200000, 0x0000000088300000|  0%| F|  |TAMS 0x0000000088200000, 0x0000000088200000| Untracked 
| 131|0x0000000088300000, 0x0000000088300000, 0x0000000088400000|  0%| F|  |TAMS 0x0000000088300000, 0x0000000088300000| Untracked 
| 132|0x0000000088400000, 0x0000000088400000, 0x0000000088500000|  0%| F|  |TAMS 0x0000000088400000, 0x0000000088400000| Untracked 
| 133|0x0000000088500000, 0x0000000088500000, 0x0000000088600000|  0%| F|  |TAMS 0x0000000088500000, 0x0000000088500000| Untracked 
| 134|0x0000000088600000, 0x0000000088600000, 0x0000000088700000|  0%| F|  |TAMS 0x0000000088600000, 0x0000000088600000| Untracked 
| 135|0x0000000088700000, 0x0000000088700000, 0x0000000088800000|  0%| F|  |TAMS 0x0000000088700000, 0x0000000088700000| Untracked 
| 136|0x0000000088800000, 0x0000000088800000, 0x0000000088900000|  0%| F|  |TAMS 0x0000000088800000, 0x0000000088800000| Untracked 
| 137|0x0000000088900000, 0x00000000889ca6a0, 0x0000000088a00000| 79%| S|CS|TAMS 0x0000000088900000, 0x0000000088900000| Complete 
| 138|0x0000000088a00000, 0x0000000088b00000, 0x0000000088b00000|100%| S|CS|TAMS 0x0000000088a00000, 0x0000000088a00000| Complete 
| 139|0x0000000088b00000, 0x0000000088c00000, 0x0000000088c00000|100%| S|CS|TAMS 0x0000000088b00000, 0x0000000088b00000| Complete 
| 140|0x0000000088c00000, 0x0000000088d00000, 0x0000000088d00000|100%| S|CS|TAMS 0x0000000088c00000, 0x0000000088c00000| Complete 
| 141|0x0000000088d00000, 0x0000000088e00000, 0x0000000088e00000|100%| S|CS|TAMS 0x0000000088d00000, 0x0000000088d00000| Complete 
| 142|0x0000000088e00000, 0x0000000088e00000, 0x0000000088f00000|  0%| F|  |TAMS 0x0000000088e00000, 0x0000000088e00000| Untracked 
| 143|0x0000000088f00000, 0x0000000088f00000, 0x0000000089000000|  0%| F|  |TAMS 0x0000000088f00000, 0x0000000088f00000| Untracked 
| 144|0x0000000089000000, 0x0000000089000000, 0x0000000089100000|  0%| F|  |TAMS 0x0000000089000000, 0x0000000089000000| Untracked 
| 145|0x0000000089100000, 0x0000000089100000, 0x0000000089200000|  0%| F|  |TAMS 0x0000000089100000, 0x0000000089100000| Untracked 
| 146|0x0000000089200000, 0x0000000089200000, 0x0000000089300000|  0%| F|  |TAMS 0x0000000089200000, 0x0000000089200000| Untracked 
| 147|0x0000000089300000, 0x0000000089300000, 0x0000000089400000|  0%| F|  |TAMS 0x0000000089300000, 0x0000000089300000| Untracked 
| 148|0x0000000089400000, 0x0000000089400000, 0x0000000089500000|  0%| F|  |TAMS 0x0000000089400000, 0x0000000089400000| Untracked 
| 149|0x0000000089500000, 0x0000000089500000, 0x0000000089600000|  0%| F|  |TAMS 0x0000000089500000, 0x0000000089500000| Untracked 
| 150|0x0000000089600000, 0x0000000089600000, 0x0000000089700000|  0%| F|  |TAMS 0x0000000089600000, 0x0000000089600000| Untracked 
| 151|0x0000000089700000, 0x0000000089700000, 0x0000000089800000|  0%| F|  |TAMS 0x0000000089700000, 0x0000000089700000| Untracked 
| 152|0x0000000089800000, 0x0000000089800000, 0x0000000089900000|  0%| F|  |TAMS 0x0000000089800000, 0x0000000089800000| Untracked 
| 153|0x0000000089900000, 0x0000000089900000, 0x0000000089a00000|  0%| F|  |TAMS 0x0000000089900000, 0x0000000089900000| Untracked 
| 154|0x0000000089a00000, 0x0000000089a00000, 0x0000000089b00000|  0%| F|  |TAMS 0x0000000089a00000, 0x0000000089a00000| Untracked 
| 155|0x0000000089b00000, 0x0000000089b00000, 0x0000000089c00000|  0%| F|  |TAMS 0x0000000089b00000, 0x0000000089b00000| Untracked 
| 156|0x0000000089c00000, 0x0000000089c00000, 0x0000000089d00000|  0%| F|  |TAMS 0x0000000089c00000, 0x0000000089c00000| Untracked 
| 157|0x0000000089d00000, 0x0000000089d00000, 0x0000000089e00000|  0%| F|  |TAMS 0x0000000089d00000, 0x0000000089d00000| Untracked 
| 158|0x0000000089e00000, 0x0000000089e00000, 0x0000000089f00000|  0%| F|  |TAMS 0x0000000089e00000, 0x0000000089e00000| Untracked 
| 159|0x0000000089f00000, 0x0000000089f00000, 0x000000008a000000|  0%| F|  |TAMS 0x0000000089f00000, 0x0000000089f00000| Untracked 
| 160|0x000000008a000000, 0x000000008a000000, 0x000000008a100000|  0%| F|  |TAMS 0x000000008a000000, 0x000000008a000000| Untracked 
| 161|0x000000008a100000, 0x000000008a100000, 0x000000008a200000|  0%| F|  |TAMS 0x000000008a100000, 0x000000008a100000| Untracked 
| 162|0x000000008a200000, 0x000000008a200000, 0x000000008a300000|  0%| F|  |TAMS 0x000000008a200000, 0x000000008a200000| Untracked 
| 163|0x000000008a300000, 0x000000008a300000, 0x000000008a400000|  0%| F|  |TAMS 0x000000008a300000, 0x000000008a300000| Untracked 
| 164|0x000000008a400000, 0x000000008a400000, 0x000000008a500000|  0%| F|  |TAMS 0x000000008a400000, 0x000000008a400000| Untracked 
| 165|0x000000008a500000, 0x000000008a500000, 0x000000008a600000|  0%| F|  |TAMS 0x000000008a500000, 0x000000008a500000| Untracked 
| 166|0x000000008a600000, 0x000000008a600000, 0x000000008a700000|  0%| F|  |TAMS 0x000000008a600000, 0x000000008a600000| Untracked 
| 167|0x000000008a700000, 0x000000008a700000, 0x000000008a800000|  0%| F|  |TAMS 0x000000008a700000, 0x000000008a700000| Untracked 
| 168|0x000000008a800000, 0x000000008a800000, 0x000000008a900000|  0%| F|  |TAMS 0x000000008a800000, 0x000000008a800000| Untracked 
| 169|0x000000008a900000, 0x000000008a900000, 0x000000008aa00000|  0%| F|  |TAMS 0x000000008a900000, 0x000000008a900000| Untracked 
| 170|0x000000008aa00000, 0x000000008aa00000, 0x000000008ab00000|  0%| F|  |TAMS 0x000000008aa00000, 0x000000008aa00000| Untracked 
| 171|0x000000008ab00000, 0x000000008ab00000, 0x000000008ac00000|  0%| F|  |TAMS 0x000000008ab00000, 0x000000008ab00000| Untracked 
| 172|0x000000008ac00000, 0x000000008ac00000, 0x000000008ad00000|  0%| F|  |TAMS 0x000000008ac00000, 0x000000008ac00000| Untracked 
| 173|0x000000008ad00000, 0x000000008ad00000, 0x000000008ae00000|  0%| F|  |TAMS 0x000000008ad00000, 0x000000008ad00000| Untracked 
| 174|0x000000008ae00000, 0x000000008ae00000, 0x000000008af00000|  0%| F|  |TAMS 0x000000008ae00000, 0x000000008ae00000| Untracked 
| 175|0x000000008af00000, 0x000000008af00000, 0x000000008b000000|  0%| F|  |TAMS 0x000000008af00000, 0x000000008af00000| Untracked 
| 176|0x000000008b000000, 0x000000008b000000, 0x000000008b100000|  0%| F|  |TAMS 0x000000008b000000, 0x000000008b000000| Untracked 
| 177|0x000000008b100000, 0x000000008b100000, 0x000000008b200000|  0%| F|  |TAMS 0x000000008b100000, 0x000000008b100000| Untracked 
| 178|0x000000008b200000, 0x000000008b200000, 0x000000008b300000|  0%| F|  |TAMS 0x000000008b200000, 0x000000008b200000| Untracked 
| 179|0x000000008b300000, 0x000000008b300000, 0x000000008b400000|  0%| F|  |TAMS 0x000000008b300000, 0x000000008b300000| Untracked 
| 180|0x000000008b400000, 0x000000008b400000, 0x000000008b500000|  0%| F|  |TAMS 0x000000008b400000, 0x000000008b400000| Untracked 
| 181|0x000000008b500000, 0x000000008b500000, 0x000000008b600000|  0%| F|  |TAMS 0x000000008b500000, 0x000000008b500000| Untracked 
| 182|0x000000008b600000, 0x000000008b600000, 0x000000008b700000|  0%| F|  |TAMS 0x000000008b600000, 0x000000008b600000| Untracked 
| 183|0x000000008b700000, 0x000000008b700000, 0x000000008b800000|  0%| F|  |TAMS 0x000000008b700000, 0x000000008b700000| Untracked 
| 184|0x000000008b800000, 0x000000008b800000, 0x000000008b900000|  0%| F|  |TAMS 0x000000008b800000, 0x000000008b800000| Untracked 
| 185|0x000000008b900000, 0x000000008b900000, 0x000000008ba00000|  0%| F|  |TAMS 0x000000008b900000, 0x000000008b900000| Untracked 
| 186|0x000000008ba00000, 0x000000008ba00000, 0x000000008bb00000|  0%| F|  |TAMS 0x000000008ba00000, 0x000000008ba00000| Untracked 
| 187|0x000000008bb00000, 0x000000008bb00000, 0x000000008bc00000|  0%| F|  |TAMS 0x000000008bb00000, 0x000000008bb00000| Untracked 
| 188|0x000000008bc00000, 0x000000008bc00000, 0x000000008bd00000|  0%| F|  |TAMS 0x000000008bc00000, 0x000000008bc00000| Untracked 
| 189|0x000000008bd00000, 0x000000008bd00000, 0x000000008be00000|  0%| F|  |TAMS 0x000000008bd00000, 0x000000008bd00000| Untracked 
| 190|0x000000008be00000, 0x000000008be00000, 0x000000008bf00000|  0%| F|  |TAMS 0x000000008be00000, 0x000000008be00000| Untracked 
| 191|0x000000008bf00000, 0x000000008bf00000, 0x000000008c000000|  0%| F|  |TAMS 0x000000008bf00000, 0x000000008bf00000| Untracked 
| 192|0x000000008c000000, 0x000000008c000000, 0x000000008c100000|  0%| F|  |TAMS 0x000000008c000000, 0x000000008c000000| Untracked 
| 193|0x000000008c100000, 0x000000008c100000, 0x000000008c200000|  0%| F|  |TAMS 0x000000008c100000, 0x000000008c100000| Untracked 
| 194|0x000000008c200000, 0x000000008c200000, 0x000000008c300000|  0%| F|  |TAMS 0x000000008c200000, 0x000000008c200000| Untracked 
| 195|0x000000008c300000, 0x000000008c347fc0, 0x000000008c400000| 28%| E|  |TAMS 0x000000008c300000, 0x000000008c300000| Complete 
| 196|0x000000008c400000, 0x000000008c500000, 0x000000008c500000|100%| E|CS|TAMS 0x000000008c400000, 0x000000008c400000| Complete 
| 197|0x000000008c500000, 0x000000008c600000, 0x000000008c600000|100%| E|CS|TAMS 0x000000008c500000, 0x000000008c500000| Complete 
| 198|0x000000008c600000, 0x000000008c700000, 0x000000008c700000|100%| E|CS|TAMS 0x000000008c600000, 0x000000008c600000| Complete 
| 199|0x000000008c700000, 0x000000008c800000, 0x000000008c800000|100%| E|CS|TAMS 0x000000008c700000, 0x000000008c700000| Complete 
| 200|0x000000008c800000, 0x000000008c900000, 0x000000008c900000|100%| E|CS|TAMS 0x000000008c800000, 0x000000008c800000| Complete 
| 201|0x000000008c900000, 0x000000008ca00000, 0x000000008ca00000|100%| E|CS|TAMS 0x000000008c900000, 0x000000008c900000| Complete 
| 202|0x000000008ca00000, 0x000000008cb00000, 0x000000008cb00000|100%| E|CS|TAMS 0x000000008ca00000, 0x000000008ca00000| Complete 
| 203|0x000000008cb00000, 0x000000008cc00000, 0x000000008cc00000|100%| E|CS|TAMS 0x000000008cb00000, 0x000000008cb00000| Complete 
| 204|0x000000008cc00000, 0x000000008cd00000, 0x000000008cd00000|100%| E|CS|TAMS 0x000000008cc00000, 0x000000008cc00000| Complete 
| 205|0x000000008cd00000, 0x000000008ce00000, 0x000000008ce00000|100%| E|CS|TAMS 0x000000008cd00000, 0x000000008cd00000| Complete 
| 206|0x000000008ce00000, 0x000000008cf00000, 0x000000008cf00000|100%| E|CS|TAMS 0x000000008ce00000, 0x000000008ce00000| Complete 
| 207|0x000000008cf00000, 0x000000008d000000, 0x000000008d000000|100%| E|CS|TAMS 0x000000008cf00000, 0x000000008cf00000| Complete 
| 208|0x000000008d000000, 0x000000008d100000, 0x000000008d100000|100%| E|CS|TAMS 0x000000008d000000, 0x000000008d000000| Complete 
| 209|0x000000008d100000, 0x000000008d200000, 0x000000008d200000|100%| E|  |TAMS 0x000000008d100000, 0x000000008d100000| Complete 
| 210|0x000000008d200000, 0x000000008d300000, 0x000000008d300000|100%| E|CS|TAMS 0x000000008d200000, 0x000000008d200000| Complete 
| 211|0x000000008d300000, 0x000000008d400000, 0x000000008d400000|100%| E|CS|TAMS 0x000000008d300000, 0x000000008d300000| Complete 
| 212|0x000000008d400000, 0x000000008d500000, 0x000000008d500000|100%| E|CS|TAMS 0x000000008d400000, 0x000000008d400000| Complete 
| 213|0x000000008d500000, 0x000000008d600000, 0x000000008d600000|100%| E|CS|TAMS 0x000000008d500000, 0x000000008d500000| Complete 
| 214|0x000000008d600000, 0x000000008d700000, 0x000000008d700000|100%| E|CS|TAMS 0x000000008d600000, 0x000000008d600000| Complete 
| 215|0x000000008d700000, 0x000000008d800000, 0x000000008d800000|100%| E|CS|TAMS 0x000000008d700000, 0x000000008d700000| Complete 
| 216|0x000000008d800000, 0x000000008d900000, 0x000000008d900000|100%| E|CS|TAMS 0x000000008d800000, 0x000000008d800000| Complete 
| 217|0x000000008d900000, 0x000000008da00000, 0x000000008da00000|100%| E|CS|TAMS 0x000000008d900000, 0x000000008d900000| Complete 
| 218|0x000000008da00000, 0x000000008db00000, 0x000000008db00000|100%| E|CS|TAMS 0x000000008da00000, 0x000000008da00000| Complete 
| 219|0x000000008db00000, 0x000000008dc00000, 0x000000008dc00000|100%| E|CS|TAMS 0x000000008db00000, 0x000000008db00000| Complete 

Card table byte_map: [0x000001fafa7a0000,0x000001fafaba0000] _byte_map_base: 0x000001fafa3a0000

Marking Bits (Prev, Next): (CMBitMap*) 0x000001faf63a5018, (CMBitMap*) 0x000001faf63a5050
 Prev Bits: [0x000001fafafa0000, 0x000001fafcfa0000)
 Next Bits: [0x000001fafcfa0000, 0x000001fafefa0000)

Polling page: 0x000001faf42a0000

Metaspace:

Usage:
  Non-class:     73.96 MB capacity,    72.55 MB ( 98%) used,     1.16 MB (  2%) free+waste,   249.75 KB ( <1%) overhead. 
      Class:     11.50 MB capacity,    10.67 MB ( 93%) used,   725.44 KB (  6%) free+waste,   116.00 KB ( <1%) overhead. 
       Both:     85.46 MB capacity,    83.23 MB ( 97%) used,     1.87 MB (  2%) free+waste,   365.75 KB ( <1%) overhead. 

Virtual space:
  Non-class space:       76.00 MB reserved,      74.18 MB ( 98%) committed 
      Class space:        1.00 GB reserved,      11.57 MB (  1%) committed 
             Both:        1.07 GB reserved,      85.75 MB (  8%) committed 

Chunk freelists:
   Non-Class:  91.00 KB
       Class:  4.00 KB
        Both:  95.00 KB

MaxMetaspaceSize: 17179869184.00 GB
CompressedClassSpaceSize: 1.00 GB

CodeHeap 'non-profiled nmethods': size=120000Kb used=6148Kb max_used=6148Kb free=113851Kb
 bounds [0x000001fa87ad0000, 0x000001fa880e0000, 0x000001fa8f000000]
CodeHeap 'profiled nmethods': size=120000Kb used=21166Kb max_used=21166Kb free=98833Kb
 bounds [0x000001fa805a0000, 0x000001fa81a50000, 0x000001fa87ad0000]
CodeHeap 'non-nmethods': size=5760Kb used=2280Kb max_used=2339Kb free=3479Kb
 bounds [0x000001fa80000000, 0x000001fa80270000, 0x000001fa805a0000]
 total_blobs=10757 nmethods=9875 adapters=793
 compilation: enabled
              stopped_count=0, restarted_count=0
 full_count=0

Compilation events (20 events):
Event: 9.074 Thread 0x000001fa91851800 nmethod 9941 0x000001fa81a0a710 code [0x000001fa81a0a8c0, 0x000001fa81a0a9b8]
Event: 9.075 Thread 0x000001fa91851800 9942       2       com.google.protobuf.ByteString$LeafByteString::<init> (5 bytes)
Event: 9.075 Thread 0x000001fa91851800 nmethod 9942 0x000001fa81a0aa90 code [0x000001fa81a0ac40, 0x000001fa81a0ad38]
Event: 9.075 Thread 0x000001fa91851800 9961       2       com.sun.org.apache.xerces.internal.impl.XMLDocumentFragmentScannerImpl::scanEndElement (170 bytes)
Event: 9.075 Thread 0x000001fa91851800 nmethod 9961 0x000001fa81a0ae10 code [0x000001fa81a0b080, 0x000001fa81a0b868]
Event: 9.075 Thread 0x000001fa91851800 9963       2       com.android.aaptcompiler.TableExtractor::flattenXmlSubTree (613 bytes)
Event: 9.081 Thread 0x000001fa91851800 nmethod 9963 0x000001fa81a0bc10 code [0x000001fa81a0c220, 0x000001fa81a0e3d8]
Event: 9.081 Thread 0x000001fa91851800 9964       2       com.android.aaptcompiler.XmlStringBuilder::getFlattenedXml (435 bytes)
Event: 9.086 Thread 0x000001fa91851800 nmethod 9964 0x000001fa81a0fb10 code [0x000001fa81a0ff80, 0x000001fa81a115d8]
Event: 9.086 Thread 0x000001fa91851800 9890       2       com.android.aaptcompiler.XmlStringBuilder::<init> (14 bytes)
Event: 9.086 Thread 0x000001fa91851800 nmethod 9890 0x000001fa81a12490 code [0x000001fa81a12640, 0x000001fa81a12768]
Event: 9.086 Thread 0x000001fa91851800 9897       2       java.lang.AbstractStringBuilder::substring (40 bytes)
Event: 9.086 Thread 0x000001fa91851800 nmethod 9897 0x000001fa81a12810 code [0x000001fa81a129e0, 0x000001fa81a12ca8]
Event: 9.087 Thread 0x000001fa91851800 9896       2       java.lang.AbstractStringBuilder::checkRangeSIOOBE (60 bytes)
Event: 9.087 Thread 0x000001fa91851800 nmethod 9896 0x000001fa81a12d90 code [0x000001fa81a12fc0, 0x000001fa81a13478]
Event: 9.087 Thread 0x000001fa91851800 9957       2       com.android.aaptcompiler.TableExtractor::parseXml (565 bytes)
Event: 9.093 Thread 0x000001fa91851800 nmethod 9957 0x000001fa81a13710 code [0x000001fa81a13ce0, 0x000001fa81a15fd8]
Event: 9.093 Thread 0x000001fa91851800 9977       2       java.util.Spliterators$2Adapter::<init> (15 bytes)
Event: 9.093 Thread 0x000001fa91851800 nmethod 9977 0x000001fa81a17810 code [0x000001fa81a179c0, 0x000001fa81a17b18]
Event: 9.093 Thread 0x000001fa91851800 9960       2       java.util.stream.AbstractPipeline::spliterator (116 bytes)

GC Heap History (20 events):
Event: 3.311 GC heap before
{Heap before GC invocations=9 (full 0):
 garbage-first heap   total 155648K, used 90579K [0x0000000080000000, 0x0000000100000000)
  region size 1024K, 70 young (71680K), 7 survivors (7168K)
 Metaspace       used 44266K, capacity 45393K, committed 45644K, reserved 1089536K
  class space    used 5691K, capacity 6102K, committed 6220K, reserved 1048576K
}
Event: 3.319 GC heap after
{Heap after GC invocations=10 (full 0):
 garbage-first heap   total 155648K, used 29193K [0x0000000080000000, 0x0000000100000000)
  region size 1024K, 7 young (7168K), 7 survivors (7168K)
 Metaspace       used 44266K, capacity 45393K, committed 45644K, reserved 1089536K
  class space    used 5691K, capacity 6102K, committed 6220K, reserved 1048576K
}
Event: 3.950 GC heap before
{Heap before GC invocations=10 (full 0):
 garbage-first heap   total 155648K, used 98825K [0x0000000080000000, 0x0000000100000000)
  region size 1024K, 72 young (73728K), 7 survivors (7168K)
 Metaspace       used 47848K, capacity 49216K, committed 49484K, reserved 1091584K
  class space    used 6141K, capacity 6632K, committed 6732K, reserved 1048576K
}
Event: 3.960 GC heap after
{Heap after GC invocations=11 (full 0):
 garbage-first heap   total 155648K, used 41984K [0x0000000080000000, 0x0000000100000000)
  region size 1024K, 9 young (9216K), 9 survivors (9216K)
 Metaspace       used 47848K, capacity 49216K, committed 49484K, reserved 1091584K
  class space    used 6141K, capacity 6632K, committed 6732K, reserved 1048576K
}
Event: 4.653 GC heap before
{Heap before GC invocations=11 (full 0):
 garbage-first heap   total 155648K, used 104448K [0x0000000080000000, 0x0000000100000000)
  region size 1024K, 70 young (71680K), 9 survivors (9216K)
 Metaspace       used 57211K, capacity 58714K, committed 58828K, reserved 1099776K
  class space    used 7296K, capacity 7857K, committed 7884K, reserved 1048576K
}
Event: 4.660 GC heap after
{Heap after GC invocations=12 (full 0):
 garbage-first heap   total 155648K, used 44736K [0x0000000080000000, 0x0000000100000000)
  region size 1024K, 3 young (3072K), 3 survivors (3072K)
 Metaspace       used 57211K, capacity 58714K, committed 58828K, reserved 1099776K
  class space    used 7296K, capacity 7857K, committed 7884K, reserved 1048576K
}
Event: 4.751 GC heap before
{Heap before GC invocations=12 (full 0):
 garbage-first heap   total 155648K, used 52928K [0x0000000080000000, 0x0000000100000000)
  region size 1024K, 12 young (12288K), 3 survivors (3072K)
 Metaspace       used 58515K, capacity 60098K, committed 60288K, reserved 1101824K
  class space    used 7453K, capacity 8040K, committed 8140K, reserved 1048576K
}
Event: 4.757 GC heap after
{Heap after GC invocations=13 (full 0):
 garbage-first heap   total 187392K, used 45524K [0x0000000080000000, 0x0000000100000000)
  region size 1024K, 4 young (4096K), 4 survivors (4096K)
 Metaspace       used 58515K, capacity 60098K, committed 60288K, reserved 1101824K
  class space    used 7453K, capacity 8040K, committed 8140K, reserved 1048576K
}
Event: 5.356 GC heap before
{Heap before GC invocations=14 (full 0):
 garbage-first heap   total 187392K, used 120276K [0x0000000080000000, 0x0000000100000000)
  region size 1024K, 77 young (78848K), 4 survivors (4096K)
 Metaspace       used 63442K, capacity 65149K, committed 65536K, reserved 1105920K
  class space    used 8084K, capacity 8665K, committed 8780K, reserved 1048576K
}
Event: 5.367 GC heap after
{Heap after GC invocations=15 (full 0):
 garbage-first heap   total 187392K, used 51594K [0x0000000080000000, 0x0000000100000000)
  region size 1024K, 10 young (10240K), 10 survivors (10240K)
 Metaspace       used 63442K, capacity 65149K, committed 65536K, reserved 1105920K
  class space    used 8084K, capacity 8665K, committed 8780K, reserved 1048576K
}
Event: 6.156 GC heap before
{Heap before GC invocations=16 (full 0):
 garbage-first heap   total 187392K, used 126346K [0x0000000080000000, 0x0000000100000000)
  region size 1024K, 83 young (84992K), 10 survivors (10240K)
 Metaspace       used 71837K, capacity 73623K, committed 73856K, reserved 1114112K
  class space    used 9415K, capacity 10065K, committed 10188K, reserved 1048576K
}
Event: 6.164 GC heap after
{Heap after GC invocations=17 (full 0):
 garbage-first heap   total 187392K, used 56072K [0x0000000080000000, 0x0000000100000000)
  region size 1024K, 5 young (5120K), 5 survivors (5120K)
 Metaspace       used 71837K, capacity 73623K, committed 73856K, reserved 1114112K
  class space    used 9415K, capacity 10065K, committed 10188K, reserved 1048576K
}
Event: 6.919 GC heap before
{Heap before GC invocations=17 (full 0):
 garbage-first heap   total 187392K, used 131848K [0x0000000080000000, 0x0000000100000000)
  region size 1024K, 80 young (81920K), 5 survivors (5120K)
 Metaspace       used 78372K, capacity 80647K, committed 80768K, reserved 1118208K
  class space    used 10368K, capacity 11204K, committed 11212K, reserved 1048576K
}
Event: 6.927 GC heap after
{Heap after GC invocations=18 (full 0):
 garbage-first heap   total 187392K, used 61330K [0x0000000080000000, 0x0000000100000000)
  region size 1024K, 10 young (10240K), 10 survivors (10240K)
 Metaspace       used 78372K, capacity 80647K, committed 80768K, reserved 1118208K
  class space    used 10368K, capacity 11204K, committed 11212K, reserved 1048576K
}
Event: 7.787 GC heap before
{Heap before GC invocations=18 (full 0):
 garbage-first heap   total 187392K, used 140178K [0x0000000080000000, 0x0000000100000000)
  region size 1024K, 85 young (87040K), 10 survivors (10240K)
 Metaspace       used 80482K, capacity 82763K, committed 83072K, reserved 1120256K
  class space    used 10539K, capacity 11388K, committed 11468K, reserved 1048576K
}
Event: 7.799 GC heap after
{Heap after GC invocations=19 (full 0):
 garbage-first heap   total 187392K, used 72052K [0x0000000080000000, 0x0000000100000000)
  region size 1024K, 11 young (11264K), 11 survivors (11264K)
 Metaspace       used 80482K, capacity 82763K, committed 83072K, reserved 1120256K
  class space    used 10539K, capacity 11388K, committed 11468K, reserved 1048576K
}
Event: 8.436 GC heap before
{Heap before GC invocations=19 (full 0):
 garbage-first heap   total 187392K, used 147828K [0x0000000080000000, 0x0000000100000000)
  region size 1024K, 78 young (79872K), 11 survivors (11264K)
 Metaspace       used 81155K, capacity 83444K, committed 83584K, reserved 1122304K
  class space    used 10592K, capacity 11423K, committed 11468K, reserved 1048576K
}
Event: 8.453 GC heap after
{Heap after GC invocations=20 (full 0):
 garbage-first heap   total 225280K, used 84868K [0x0000000080000000, 0x0000000100000000)
  region size 1024K, 10 young (10240K), 10 survivors (10240K)
 Metaspace       used 81155K, capacity 83444K, committed 83584K, reserved 1122304K
  class space    used 10592K, capacity 11423K, committed 11468K, reserved 1048576K
}
Event: 8.951 GC heap before
{Heap before GC invocations=20 (full 0):
 garbage-first heap   total 225280K, used 180100K [0x0000000080000000, 0x0000000100000000)
  region size 1024K, 88 young (90112K), 10 survivors (10240K)
 Metaspace       used 83352K, capacity 85620K, committed 85888K, reserved 1124352K
  class space    used 10779K, capacity 11612K, committed 11724K, reserved 1048576K
}
Event: 8.962 GC heap after
{Heap after GC invocations=21 (full 0):
 garbage-first heap   total 225280K, used 90328K [0x0000000080000000, 0x0000000100000000)
  region size 1024K, 5 young (5120K), 5 survivors (5120K)
 Metaspace       used 83352K, capacity 85620K, committed 85888K, reserved 1124352K
  class space    used 10779K, capacity 11612K, committed 11724K, reserved 1048576K
}

Deoptimization events (20 events):
Event: 8.885 Thread 0x000001fa97083000 DEOPT PACKING pc=0x000001fa87c4851c sp=0x000000a57dffd790
Event: 8.885 Thread 0x000001fa97080000 DEOPT PACKING pc=0x000001fa87c4851c sp=0x000000a57d9fd590
Event: 8.885 Thread 0x000001fa97083000 DEOPT UNPACKING pc=0x000001fa800278af sp=0x000000a57dffd738 mode 2
Event: 8.885 Thread 0x000001fa97080000 DEOPT UNPACKING pc=0x000001fa800278af sp=0x000000a57d9fd538 mode 2
Event: 8.885 Thread 0x000001fa97087000 Uncommon trap: trap_request=0xffffff4d fr.pc=0x000001fa87c4851c relative=0x000000000000007c
Event: 8.886 Thread 0x000001fa97087000 Uncommon trap: reason=unstable_if action=reinterpret pc=0x000001fa87c4851c method=java.lang.String.codePointAt(I)I @ 4 c2
Event: 8.886 Thread 0x000001fa97087000 DEOPT PACKING pc=0x000001fa87c4851c sp=0x000000a57ddfd590
Event: 8.886 Thread 0x000001fa97087000 DEOPT UNPACKING pc=0x000001fa800278af sp=0x000000a57ddfd538 mode 2
Event: 8.910 Thread 0x000001fa97080000 Uncommon trap: trap_request=0xffffff4d fr.pc=0x000001fa87c58b48 relative=0x0000000000000408
Event: 8.910 Thread 0x000001fa97080000 Uncommon trap: reason=unstable_if action=reinterpret pc=0x000001fa87c58b48 method=java.lang.String.substring(I)Ljava/lang/String; @ 43 c2
Event: 8.910 Thread 0x000001fa97080000 DEOPT PACKING pc=0x000001fa87c58b48 sp=0x000000a57d9fd560
Event: 8.910 Thread 0x000001fa97080000 DEOPT UNPACKING pc=0x000001fa800278af sp=0x000000a57d9fd538 mode 2
Event: 9.037 Thread 0x000001fa97080000 Uncommon trap: trap_request=0xffffff4d fr.pc=0x000001fa87b7f884 relative=0x00000000000001e4
Event: 9.037 Thread 0x000001fa97080000 Uncommon trap: reason=unstable_if action=reinterpret pc=0x000001fa87b7f884 method=java.lang.StringCoding.encodeUTF8(B[BZ)[B @ 2 c2
Event: 9.037 Thread 0x000001fa97080000 DEOPT PACKING pc=0x000001fa87b7f884 sp=0x000000a57d9fc900
Event: 9.037 Thread 0x000001fa97080000 DEOPT UNPACKING pc=0x000001fa800278af sp=0x000000a57d9fc890 mode 2
Event: 9.048 Thread 0x000001fa97083000 DEOPT PACKING pc=0x000001fa819a1df5 sp=0x000000a57dffd270
Event: 9.048 Thread 0x000001fa97083000 DEOPT UNPACKING pc=0x000001fa800276ce sp=0x000000a57dffc738 mode 0
Event: 9.072 Thread 0x000001fa97080000 DEOPT PACKING pc=0x000001fa819b0010 sp=0x000000a57d9fcf10
Event: 9.072 Thread 0x000001fa97080000 DEOPT UNPACKING pc=0x000001fa800276ce sp=0x000000a57d9fc498 mode 0

Classes redefined (0 events):
No events

Internal exceptions (20 events):
Event: 6.630 Thread 0x000001fa982d1000 Exception <a 'java/lang/NoSuchMethodError'{0x000000008871e058}: <clinit>> (0x000000008871e058) thrown at [./src/hotspot/share/prims/jni.cpp, line 1362]
Event: 6.659 Thread 0x000001fa9407e000 Exception <a 'java/lang/NoSuchMethodError'{0x00000000885373a0}: <clinit>> (0x00000000885373a0) thrown at [./src/hotspot/share/prims/jni.cpp, line 1362]
Event: 6.691 Thread 0x000001fa982d6800 Exception <a 'java/lang/NoSuchMethodError'{0x0000000088454280}: 'java.lang.Object java.lang.invoke.Invokers$Holder.linkToTargetMethod(java.lang.Object, java.lang.Object, java.lang.Object, int, java.lang.Object, java.lang.Object)'> (0x0000000088454280) thrown at [./src/hotspot/share/interpreter/linkResolver.cpp, line 773]
Event: 6.697 Thread 0x000001fa982d6800 Exception <a 'java/lang/IncompatibleClassChangeError'{0x00000000884b3e50}: Found class java.lang.Object, but interface was expected> (0x00000000884b3e50) thrown at [./src/hotspot/share/interpreter/linkResolver.cpp, line 839]
Event: 6.710 Thread 0x000001fa982d6800 Exception <a 'java/lang/NoSuchMethodError'{0x0000000088286878}: 'int java.lang.invoke.DirectMethodHandle$Holder.invokeStaticInit(java.lang.Object, java.lang.Object, java.lang.Object, java.lang.Object, java.lang.Object)'> (0x0000000088286878) thrown at [./src/hotspot/share/interpreter/linkResolver.cpp, line 773]
Event: 6.875 Thread 0x000001fa95451800 Exception <a 'java/lang/NoSuchMethodError'{0x0000000087527cd8}: 'java.lang.Object java.lang.invoke.DirectMethodHandle$Holder.invokeSpecialIFC(java.lang.Object, java.lang.Object, java.lang.Object)'> (0x0000000087527cd8) thrown at [./src/hotspot/share/interpreter/linkResolver.cpp, line 773]
Event: 6.875 Thread 0x000001fa95455000 Exception <a 'java/lang/NoSuchMethodError'{0x00000000875844f0}: 'java.lang.Object java.lang.invoke.DirectMethodHandle$Holder.invokeSpecialIFC(java.lang.Object, java.lang.Object, java.lang.Object)'> (0x00000000875844f0) thrown at [./src/hotspot/share/interpreter/linkResolver.cpp, line 773]
Event: 6.875 Thread 0x000001fa96b65800 Exception <a 'java/lang/NoSuchMethodError'{0x000000008779f2e8}: 'java.lang.Object java.lang.invoke.DirectMethodHandle$Holder.invokeSpecialIFC(java.lang.Object, java.lang.Object, java.lang.Object)'> (0x000000008779f2e8) thrown at [./src/hotspot/share/interpreter/linkResolver.cpp, line 773]
Event: 6.875 Thread 0x000001fa96b67000 Exception <a 'java/lang/NoSuchMethodError'{0x0000000087555900}: 'java.lang.Object java.lang.invoke.DirectMethodHandle$Holder.invokeSpecialIFC(java.lang.Object, java.lang.Object, java.lang.Object)'> (0x0000000087555900) thrown at [./src/hotspot/share/interpreter/linkResolver.cpp, line 773]
Event: 6.875 Thread 0x000001fa95450000 Exception <a 'java/lang/NoSuchMethodError'{0x00000000875097b0}: 'java.lang.Object java.lang.invoke.DirectMethodHandle$Holder.invokeSpecialIFC(java.lang.Object, java.lang.Object, java.lang.Object)'> (0x00000000875097b0) thrown at [./src/hotspot/share/interpreter/linkResolver.cpp, line 773]
Event: 6.875 Thread 0x000001fa9544f800 Exception <a 'java/lang/NoSuchMethodError'{0x00000000876dd2c0}: 'java.lang.Object java.lang.invoke.DirectMethodHandle$Holder.invokeSpecialIFC(java.lang.Object, java.lang.Object, java.lang.Object)'> (0x00000000876dd2c0) thrown at [./src/hotspot/share/interpreter/linkResolver.cpp, line 773]
Event: 6.875 Thread 0x000001fa95451000 Exception <a 'java/lang/NoSuchMethodError'{0x00000000876c33d8}: 'java.lang.Object java.lang.invoke.DirectMethodHandle$Holder.invokeSpecialIFC(java.lang.Object, java.lang.Object, java.lang.Object)'> (0x00000000876c33d8) thrown at [./src/hotspot/share/interpreter/linkResolver.cpp, line 773]
Event: 6.948 Thread 0x000001fa96b63000 Exception <a 'java/lang/NoSuchMethodError'{0x000000008b39fe18}: 'void java.lang.invoke.DirectMethodHandle$Holder.invokeVirtual(java.lang.Object, java.lang.Object)'> (0x000000008b39fe18) thrown at [./src/hotspot/share/interpreter/linkResolver.cpp, line 773]
Event: 6.948 Thread 0x000001fa95455000 Exception <a 'java/lang/NoSuchMethodError'{0x000000008b37fda0}: 'void java.lang.invoke.DirectMethodHandle$Holder.invokeVirtual(java.lang.Object, java.lang.Object)'> (0x000000008b37fda0) thrown at [./src/hotspot/share/interpreter/linkResolver.cpp, line 773]
Event: 6.948 Thread 0x000001fa96b67000 Exception <a 'java/lang/NoSuchMethodError'{0x000000008b355550}: 'void java.lang.invoke.DirectMethodHandle$Holder.invokeVirtual(java.lang.Object, java.lang.Object)'> (0x000000008b355550) thrown at [./src/hotspot/share/interpreter/linkResolver.cpp, line 773]
Event: 6.948 Thread 0x000001fa96b66800 Exception <a 'java/lang/NoSuchMethodError'{0x000000008b22cbd0}: 'void java.lang.invoke.DirectMethodHandle$Holder.invokeVirtual(java.lang.Object, java.lang.Object)'> (0x000000008b22cbd0) thrown at [./src/hotspot/share/interpreter/linkResolver.cpp, line 773]
Event: 8.033 Thread 0x000001fa982d6000 Implicit null exception at 0x000001fa88028a98 to 0x000001fa88029853
Event: 8.731 Thread 0x000001fa982d6000 Implicit null exception at 0x000001fa880989dd to 0x000001fa8809de48
Event: 8.781 Thread 0x000001fa982d6000 Exception <a 'java/lang/NoSuchMethodError'{0x000000008a8159a0}: <clinit>> (0x000000008a8159a0) thrown at [./src/hotspot/share/prims/jni.cpp, line 1362]
Event: 8.788 Thread 0x000001fa982d6000 Exception <a 'java/lang/NoSuchMethodError'{0x000000008a707e10}: <clinit>> (0x000000008a707e10) thrown at [./src/hotspot/share/prims/jni.cpp, line 1362]

Events (20 events):
Event: 9.031 loading class com/google/protobuf/NioByteString
Event: 9.031 loading class com/google/protobuf/NioByteString done
Event: 9.033 loading class com/google/protobuf/ByteString$BoundedByteString
Event: 9.033 loading class com/google/protobuf/ByteString$BoundedByteString done
Event: 9.033 loading class com/android/aapt/Resources$RawString$1
Event: 9.033 loading class com/android/aapt/Resources$RawString$1 done
Event: 9.033 loading class com/google/protobuf/ByteString$ArraysByteArrayCopier
Event: 9.033 loading class com/google/protobuf/ByteString$ArraysByteArrayCopier done
Event: 9.034 loading class com/android/aapt/Resources$RawString$Builder
Event: 9.034 loading class com/android/aapt/Resources$RawString$Builder done
Event: 9.034 loading class com/google/protobuf/ByteString$2
Event: 9.034 loading class com/google/protobuf/ByteString$2 done
Event: 9.034 loading class com/android/aapt/Resources$StringPool$1
Event: 9.034 loading class com/android/aapt/Resources$StringPool$1 done
Event: 9.034 loading class com/android/aapt/Resources$StringPool$Builder
Event: 9.034 loading class com/android/aapt/Resources$StringPool$Builder done
Event: 9.036 loading class com/android/aaptcompiler/Container$EntryType
Event: 9.036 loading class com/android/aaptcompiler/Container$EntryType done
Event: 9.036 loading class com/google/protobuf/WireFormat
Event: 9.036 loading class com/google/protobuf/WireFormat done


Dynamic libraries:
0x00007ff7859a0000 - 0x00007ff7859aa000 	C:\Program Files\Android\Android Studio\jre\bin\java.exe
0x00007ffb8a1b0000 - 0x00007ffb8a3a5000 	C:\Windows\SYSTEM32\ntdll.dll
0x00007ffb4cb40000 - 0x00007ffb4cb56000 	C:\Program Files\Avast Software\Avast\aswhook.dll
0x00007ffb897e0000 - 0x00007ffb8989e000 	C:\Windows\System32\KERNEL32.DLL
0x00007ffb87b20000 - 0x00007ffb87de8000 	C:\Windows\System32\KERNELBASE.dll
0x00007ffb87e20000 - 0x00007ffb87f20000 	C:\Windows\System32\ucrtbase.dll
0x00007ffb6d180000 - 0x00007ffb6d197000 	C:\Program Files\Android\Android Studio\jre\bin\VCRUNTIME140.dll
0x00007ffb6cff0000 - 0x00007ffb6d009000 	C:\Program Files\Android\Android Studio\jre\bin\jli.dll
0x00007ffb88200000 - 0x00007ffb883a1000 	C:\Windows\System32\USER32.dll
0x00007ffb757d0000 - 0x00007ffb75a6a000 	C:\Windows\WinSxS\amd64_microsoft.windows.common-controls_6595b64144ccf1df_6.0.19041.1110_none_60b5254171f9507e\COMCTL32.dll
0x00007ffb87df0000 - 0x00007ffb87e12000 	C:\Windows\System32\win32u.dll
0x00007ffb89b20000 - 0x00007ffb89bbe000 	C:\Windows\System32\msvcrt.dll
0x00007ffb89450000 - 0x00007ffb8947b000 	C:\Windows\System32\GDI32.dll
0x00007ffb878d0000 - 0x00007ffb879db000 	C:\Windows\System32\gdi32full.dll
0x00007ffb87f20000 - 0x00007ffb87fbd000 	C:\Windows\System32\msvcp_win.dll
0x00007ffb89d60000 - 0x00007ffb89d90000 	C:\Windows\System32\IMM32.DLL
0x00007ffb17770000 - 0x00007ffb1780d000 	C:\Program Files\Android\Android Studio\jre\bin\msvcp140.dll
0x00007ffb15880000 - 0x00007ffb1634f000 	C:\Program Files\Android\Android Studio\jre\bin\server\jvm.dll
0x00007ffb893a0000 - 0x00007ffb8944c000 	C:\Windows\System32\ADVAPI32.dll
0x00007ffb89ee0000 - 0x00007ffb89f7b000 	C:\Windows\System32\sechost.dll
0x00007ffb89bd0000 - 0x00007ffb89cfa000 	C:\Windows\System32\RPCRT4.dll
0x00007ffb89bc0000 - 0x00007ffb89bc8000 	C:\Windows\System32\PSAPI.DLL
0x00007ffb738c0000 - 0x00007ffb738c9000 	C:\Windows\SYSTEM32\WSOCK32.dll
0x00007ffb7a140000 - 0x00007ffb7a167000 	C:\Windows\SYSTEM32\WINMM.dll
0x00007ffb82770000 - 0x00007ffb8277a000 	C:\Windows\SYSTEM32\VERSION.dll
0x00007ffb89db0000 - 0x00007ffb89e1b000 	C:\Windows\System32\WS2_32.dll
0x00007ffb857d0000 - 0x00007ffb857e2000 	C:\Windows\SYSTEM32\kernel.appcore.dll
0x00007ffb7b990000 - 0x00007ffb7b9a1000 	C:\Program Files\Android\Android Studio\jre\bin\verify.dll
0x00007ffb7a170000 - 0x00007ffb7a354000 	C:\Windows\SYSTEM32\DBGHELP.DLL
0x00007ffb79f60000 - 0x00007ffb79f8c000 	C:\Windows\SYSTEM32\dbgcore.DLL
0x00007ffb87a90000 - 0x00007ffb87b13000 	C:\Windows\System32\bcryptPrimitives.dll
0x00007ffb7b960000 - 0x00007ffb7b989000 	C:\Program Files\Android\Android Studio\jre\bin\java.dll
0x00007ffb84ff0000 - 0x00007ffb84ffb000 	C:\Program Files\Android\Android Studio\jre\bin\jimage.dll
0x00007ffb79d00000 - 0x00007ffb79d18000 	C:\Program Files\Android\Android Studio\jre\bin\zip.dll
0x00007ffb88830000 - 0x00007ffb88f6f000 	C:\Windows\System32\SHELL32.dll
0x00007ffb859d0000 - 0x00007ffb86160000 	C:\Windows\SYSTEM32\windows.storage.dll
0x00007ffb89480000 - 0x00007ffb897d5000 	C:\Windows\System32\combase.dll
0x00007ffb87320000 - 0x00007ffb8734e000 	C:\Windows\SYSTEM32\Wldp.dll
0x00007ffb899d0000 - 0x00007ffb89a7d000 	C:\Windows\System32\SHCORE.dll
0x00007ffb89e20000 - 0x00007ffb89e75000 	C:\Windows\System32\shlwapi.dll
0x00007ffb87810000 - 0x00007ffb8782f000 	C:\Windows\SYSTEM32\profapi.dll
0x00007ffb79b70000 - 0x00007ffb79b8a000 	C:\Program Files\Android\Android Studio\jre\bin\net.dll
0x00007ffb7aa30000 - 0x00007ffb7ab3c000 	C:\Windows\SYSTEM32\WINHTTP.dll
0x00007ffb87080000 - 0x00007ffb870ea000 	C:\Windows\system32\mswsock.dll
0x00007ffb79860000 - 0x00007ffb79874000 	C:\Program Files\Android\Android Studio\jre\bin\nio.dll
0x00007ffb74f30000 - 0x00007ffb74f57000 	C:\Users\user\.gradle\native\8bec1ad78214c89d9ad589b4d07fe93259594b29d510b10fafb7a158f7737e5d\windows-amd64\native-platform.dll
0x00007ffb6eb00000 - 0x00007ffb6ec3d000 	C:\Users\user\.gradle\native\53dbd7edfb1c66fb8903c78663c9afc45aea4f116125fa6feffd364cf09443e8\windows-amd64\native-platform-file-events.dll
0x00007ffb82ca0000 - 0x00007ffb82caa000 	C:\Program Files\Android\Android Studio\jre\bin\management.dll
0x00007ffb7bc10000 - 0x00007ffb7bc1c000 	C:\Program Files\Android\Android Studio\jre\bin\management_ext.dll
0x00007ffb87280000 - 0x00007ffb87298000 	C:\Windows\SYSTEM32\CRYPTSP.dll
0x00007ffb86990000 - 0x00007ffb869c4000 	C:\Windows\system32\rsaenh.dll
0x00007ffb87fc0000 - 0x00007ffb87fe7000 	C:\Windows\System32\bcrypt.dll
0x00007ffb87790000 - 0x00007ffb877be000 	C:\Windows\SYSTEM32\USERENV.dll
0x00007ffb87270000 - 0x00007ffb8727c000 	C:\Windows\SYSTEM32\CRYPTBASE.dll
0x00007ffb86d20000 - 0x00007ffb86d5b000 	C:\Windows\SYSTEM32\IPHLPAPI.DLL
0x00007ffb8a160000 - 0x00007ffb8a168000 	C:\Windows\System32\NSI.dll
0x00007ffb81d20000 - 0x00007ffb81d37000 	C:\Windows\SYSTEM32\dhcpcsvc6.DLL
0x00007ffb81e90000 - 0x00007ffb81ead000 	C:\Windows\SYSTEM32\dhcpcsvc.DLL
0x00007ffb86d60000 - 0x00007ffb86e2b000 	C:\Windows\SYSTEM32\DNSAPI.dll

dbghelp: loaded successfully - version: 4.0.5 - missing functions: none
symbol engine: initialized successfully - sym options: 0x614 - pdb path: .;C:\Program Files\Android\Android Studio\jre\bin;C:\Windows\SYSTEM32;C:\Program Files\Avast Software\Avast;C:\Windows\WinSxS\amd64_microsoft.windows.common-controls_6595b64144ccf1df_6.0.19041.1110_none_60b5254171f9507e;C:\Program Files\Android\Android Studio\jre\bin\server;C:\Users\user\.gradle\native\8bec1ad78214c89d9ad589b4d07fe93259594b29d510b10fafb7a158f7737e5d\windows-amd64;C:\Users\user\.gradle\native\53dbd7edfb1c66fb8903c78663c9afc45aea4f116125fa6feffd364cf09443e8\windows-amd64

VM Arguments:
jvm_args: --add-opens=java.base/java.util=ALL-UNNAMED --add-opens=java.base/java.lang=ALL-UNNAMED --add-opens=java.base/java.lang.invoke=ALL-UNNAMED --add-opens=java.base/java.util=ALL-UNNAMED --add-opens=java.prefs/java.util.prefs=ALL-UNNAMED --add-opens=java.prefs/java.util.prefs=ALL-UNNAMED --add-opens=java.base/java.nio.charset=ALL-UNNAMED --add-opens=java.base/java.net=ALL-UNNAMED --add-opens=java.base/java.util.concurrent.atomic=ALL-UNNAMED -Xmx2048m -Dfile.encoding=UTF-8 -Duser.country=US -Duser.language=en -Duser.variant 
java_command: org.gradle.launcher.daemon.bootstrap.GradleDaemon 7.0.2
java_class_path (initial): C:\Users\user\.gradle\wrapper\dists\gradle-7.0.2-bin\857tjihv64xamwrf0h14cai3r\gradle-7.0.2\lib\gradle-launcher-7.0.2.jar
Launcher Type: SUN_STANDARD

[Global flags]
     intx CICompilerCount                          = 4                                         {product} {ergonomic}
     uint ConcGCThreads                            = 3                                         {product} {ergonomic}
     uint G1ConcRefinementThreads                  = 10                                        {product} {ergonomic}
   size_t G1HeapRegionSize                         = 1048576                                   {product} {ergonomic}
    uintx GCDrainStackTargetSize                   = 64                                        {product} {ergonomic}
   size_t InitialHeapSize                          = 132120576                                 {product} {ergonomic}
   size_t MarkStackSize                            = 4194304                                   {product} {ergonomic}
   size_t MaxHeapSize                              = 2147483648                                {product} {command line}
   size_t MaxNewSize                               = 1287651328                                {product} {ergonomic}
   size_t MinHeapDeltaBytes                        = 1048576                                   {product} {ergonomic}
    uintx NonNMethodCodeHeapSize                   = 5836300                                {pd product} {ergonomic}
    uintx NonProfiledCodeHeapSize                  = 122910970                              {pd product} {ergonomic}
    uintx ProfiledCodeHeapSize                     = 122910970                              {pd product} {ergonomic}
    uintx ReservedCodeCacheSize                    = 251658240                              {pd product} {ergonomic}
     bool SegmentedCodeCache                       = true                                      {product} {ergonomic}
     bool UseCompressedClassPointers               = true                                 {lp64_product} {ergonomic}
     bool UseCompressedOops                        = true                                 {lp64_product} {ergonomic}
     bool UseG1GC                                  = true                                      {product} {ergonomic}
     bool UseLargePagesIndividualAllocation        = false                                  {pd product} {ergonomic}

Logging:
Log output configuration:
 #0: stdout all=warning uptime,level,tags
 #1: stderr all=off uptime,level,tags

Environment Variables:
JAVA_HOME=C:\Users\user\AppData\Local\Programs\Eclipse Adoptium\jdk-11.0.13.8-hotspot\
PATH=C:\Program Files (x86)\Common Files\Oracle\Java\javapath;C:\Windows\system32;C:\Windows;C:\Windows\System32\Wbem;C:\Windows\System32\WindowsPowerShell\v1.0\;C:\Windows\System32\OpenSSH\;C:\Program Files (x86)\NVIDIA Corporation\PhysX\Common;C:\Program Files\NVIDIA Corporation\NVIDIA NvDLISR;C:\Program Files\Git\cmd;C:\Program Files\nodejs\;C:\ProgramData\chocolatey\bin;C:\Users\user\AppData\Local\Programs\Eclipse Adoptium\jdk-11.0.13.8-hotspot\bin;C:\Users\user\AppData\Local\Microsoft\WindowsApps;C:\Users\user\AppData\Local\Programs\Microsoft VS Code\bin;C:\Users\user\AppData\Local\GitHubDesktop\bin;C:\xampp\php;C:\Users\user\AppData\Local\ComposerSetup\bin;C:\Users\user\AppData\Roaming\Composer\vendor\bin;C:\Users\user\AppData\Roaming\npm
USERNAME=user
OS=Windows_NT
PROCESSOR_IDENTIFIER=Intel64 Family 6 Model 165 Stepping 2, GenuineIntel



---------------  S Y S T E M  ---------------

OS: Windows 10 , 64 bit Build 19041 (10.0.19041.1348)
OS uptime: 0 days 15:52 hours

CPU:total 12 (initial active 12) (6 cores per cpu, 2 threads per core) family 6 model 165 stepping 2 microcode 0xc8, cmov, cx8, fxsr, mmx, sse, sse2, sse3, ssse3, sse4.1, sse4.2, popcnt, avx, avx2, aes, clmul, erms, 3dnowpref, lzcnt, ht, tsc, tscinvbit, bmi1, bmi2, adx, fma

Memory: 4k page, system-wide physical 8013M (509M free)
TotalPageFile size 16666M (AvailPageFile size 9M)
current process WorkingSet (physical memory assigned to process): 490M, peak: 493M
current process commit charge ("private bytes"): 531M, peak: 534M

vm_info: OpenJDK 64-Bit Server VM (11.0.10+0-b96-7249189) for windows-amd64 JRE (11.0.10+0-b96-7249189), built on Mar 31 2021 21:44:00 by "builder" with MS VC++ 14.0 (VS2015)

END.
