#
# There is insufficient memory for the Java Runtime Environment to continue.
# Native memory allocation (malloc) failed to allocate 1363376 bytes for Chunk::new
# Possible reasons:
#   The system is out of physical RAM or swap space
#   The process is running with CompressedOops enabled, and the Java Heap may be blocking the growth of the native heap
# Possible solutions:
#   Reduce memory load on the system
#   Increase physical memory or swap space
#   Check if swap backing store is full
#   Decrease Java heap size (-Xmx/-Xms)
#   Decrease number of Java threads
#   Decrease Java thread stack sizes (-Xss)
#   Set larger code cache with -XX:ReservedCodeCacheSize=
#   JVM is running with Unscaled Compressed Oops mode in which the Java heap is
#     placed in the first 4GB address space. The Java Heap base address is the
#     maximum limit for the native heap growth. Please use -XX:HeapBaseMinAddress
#     to set the Java Heap base and to place the Java Heap above 4GB virtual address.
# This output file may be truncated or incomplete.
#
#  Out of Memory Error (./src/hotspot/share/memory/arena.cpp:197), pid=5184, tid=7428
#
# JRE version: OpenJDK Runtime Environment (11.0.10) (build 11.0.10+0-b96-7249189)
# Java VM: OpenJDK 64-Bit Server VM (11.0.10+0-b96-7249189, mixed mode, tiered, compressed oops, g1 gc, windows-amd64)
# No core dump will be written. Minidumps are not enabled by default on client versions of Windows
#

---------------  S U M M A R Y ------------

Command Line: --add-opens=java.base/java.util=ALL-UNNAMED --add-opens=java.base/java.lang=ALL-UNNAMED --add-opens=java.base/java.lang.invoke=ALL-UNNAMED --add-opens=java.base/java.util=ALL-UNNAMED --add-opens=java.prefs/java.util.prefs=ALL-UNNAMED --add-opens=java.prefs/java.util.prefs=ALL-UNNAMED --add-opens=java.base/java.nio.charset=ALL-UNNAMED --add-opens=java.base/java.net=ALL-UNNAMED --add-opens=java.base/java.util.concurrent.atomic=ALL-UNNAMED -Xmx2048m -Dfile.encoding=UTF-8 -Duser.country=US -Duser.language=en -Duser.variant org.gradle.launcher.daemon.bootstrap.GradleDaemon 7.0.2

Host: Intel(R) Core(TM) i7-10750H CPU @ 2.60GHz, 12 cores, 7G,  Windows 10 , 64 bit Build 19041 (10.0.19041.1348)
Time: Mon Dec  6 10:08:23 2021 China Standard Time elapsed time: 4.451884 seconds (0d 0h 0m 4s)

---------------  T H R E A D  ---------------

Current thread (0x000001e4e8c47800):  JavaThread "C2 CompilerThread1" daemon [_thread_in_native, id=7428, stack(0x0000000cb8d00000,0x0000000cb8e00000)]


Current CompileTask:
C2:   4451 3556   !   4       java.net.URLClassLoader$1::run (63 bytes)

Stack: [0x0000000cb8d00000,0x0000000cb8e00000]
Native frames: (J=compiled Java code, j=interpreted, Vv=VM code, C=native code)
V  [jvm.dll+0x5ecfaa]
V  [jvm.dll+0x722bd5]
V  [jvm.dll+0x72412d]
V  [jvm.dll+0x7247e3]
V  [jvm.dll+0x242928]
V  [jvm.dll+0xbc4fc]
V  [jvm.dll+0xbca0c]
V  [jvm.dll+0x352d7d]
V  [jvm.dll+0x197e0c]
V  [jvm.dll+0x1fb70e]
V  [jvm.dll+0x1fa7f4]
V  [jvm.dll+0x18354c]
V  [jvm.dll+0x208ee7]
V  [jvm.dll+0x207731]
V  [jvm.dll+0x6eb1cf]
V  [jvm.dll+0x6e3d45]
V  [jvm.dll+0x5ebe96]
C  [ucrtbase.dll+0x21bb2]
C  [KERNEL32.DLL+0x17034]
C  [ntdll.dll+0x52651]


---------------  P R O C E S S  ---------------

Threads class SMR info:
_java_thread_list=0x000001e4ea2c0080, length=36, elements={
0x000001e4cb2e1000, 0x000001e4e5b8f800, 0x000001e4e5b90800, 0x000001e4e6506000,
0x000001e4e6507000, 0x000001e4e6509000, 0x000001e4e650c800, 0x000001e4e6513000,
0x000001e4e5bbd000, 0x000001e4e6685000, 0x000001e4e84b2800, 0x000001e4e751d000,
0x000001e4e67c4000, 0x000001e4e8eb4000, 0x000001e4e8022000, 0x000001e4e8aef800,
0x000001e4e882d000, 0x000001e4e8c47800, 0x000001e4e79e6000, 0x000001e4e79e4800,
0x000001e4e79e6800, 0x000001e4e79e3800, 0x000001e4e79e5000, 0x000001e4e79e2800,
0x000001e4e79e1000, 0x000001e4e79e7800, 0x000001e4e79e2000, 0x000001e4e9cd6800,
0x000001e4e9cd7800, 0x000001e4e9cda000, 0x000001e4e9cda800, 0x000001e4e9cd9000,
0x000001e4e9cdc000, 0x000001e4e9cdd000, 0x000001e4e9ce0800, 0x000001e4e9ce3000
}

Java Threads: ( => current thread )
  0x000001e4cb2e1000 JavaThread "main" [_thread_blocked, id=19124, stack(0x0000000cb7300000,0x0000000cb7400000)]
  0x000001e4e5b8f800 JavaThread "Reference Handler" daemon [_thread_blocked, id=15144, stack(0x0000000cb7a00000,0x0000000cb7b00000)]
  0x000001e4e5b90800 JavaThread "Finalizer" daemon [_thread_blocked, id=19232, stack(0x0000000cb7b00000,0x0000000cb7c00000)]
  0x000001e4e6506000 JavaThread "Signal Dispatcher" daemon [_thread_blocked, id=8728, stack(0x0000000cb7c00000,0x0000000cb7d00000)]
  0x000001e4e6507000 JavaThread "Attach Listener" daemon [_thread_blocked, id=10700, stack(0x0000000cb7d00000,0x0000000cb7e00000)]
  0x000001e4e6509000 JavaThread "Service Thread" daemon [_thread_blocked, id=18944, stack(0x0000000cb7e00000,0x0000000cb7f00000)]
  0x000001e4e650c800 JavaThread "C2 CompilerThread0" daemon [_thread_in_native, id=7668, stack(0x0000000cb7f00000,0x0000000cb8000000)]
  0x000001e4e6513000 JavaThread "C1 CompilerThread0" daemon [_thread_blocked, id=12660, stack(0x0000000cb8000000,0x0000000cb8100000)]
  0x000001e4e5bbd000 JavaThread "Sweeper thread" daemon [_thread_blocked, id=8660, stack(0x0000000cb8100000,0x0000000cb8200000)]
  0x000001e4e6685000 JavaThread "Common-Cleaner" daemon [_thread_blocked, id=8984, stack(0x0000000cb8200000,0x0000000cb8300000)]
  0x000001e4e84b2800 JavaThread "Daemon health stats" [_thread_blocked, id=7184, stack(0x0000000cb8800000,0x0000000cb8900000)]
  0x000001e4e751d000 JavaThread "Incoming local TCP Connector on port 56150" [_thread_in_native, id=11932, stack(0x0000000cb8400000,0x0000000cb8500000)]
  0x000001e4e67c4000 JavaThread "Daemon periodic checks" [_thread_blocked, id=5128, stack(0x0000000cb8700000,0x0000000cb8800000)]
  0x000001e4e8eb4000 JavaThread "Daemon" [_thread_blocked, id=8376, stack(0x0000000cb8900000,0x0000000cb8a00000)]
  0x000001e4e8022000 JavaThread "Handler for socket connection from /127.0.0.1:56150 to /127.0.0.1:56151" [_thread_in_native, id=18928, stack(0x0000000cb8a00000,0x0000000cb8b00000)]
  0x000001e4e8aef800 JavaThread "Cancel handler" [_thread_blocked, id=19348, stack(0x0000000cb8b00000,0x0000000cb8c00000)]
  0x000001e4e882d000 JavaThread "Daemon worker" [_thread_in_vm, id=8260, stack(0x0000000cb8c00000,0x0000000cb8d00000)]
=>0x000001e4e8c47800 JavaThread "C2 CompilerThread1" daemon [_thread_in_native, id=7428, stack(0x0000000cb8d00000,0x0000000cb8e00000)]
  0x000001e4e79e6000 JavaThread "Asynchronous log dispatcher for DefaultDaemonConnection: socket connection from /127.0.0.1:56150 to /127.0.0.1:56151" [_thread_blocked, id=14820, stack(0x0000000cb8e00000,0x0000000cb8f00000)]
  0x000001e4e79e4800 JavaThread "Stdin handler" [_thread_blocked, id=10504, stack(0x0000000cb8f00000,0x0000000cb9000000)]
  0x000001e4e79e6800 JavaThread "Daemon client event forwarder" [_thread_blocked, id=3300, stack(0x0000000cb9000000,0x0000000cb9100000)]
  0x000001e4e79e3800 JavaThread "Cache worker for file hash cache (C:\Users\user\.gradle\caches\7.0.2\fileHashes)" [_thread_blocked, id=8320, stack(0x0000000cb9800000,0x0000000cb9900000)]
  0x000001e4e79e5000 JavaThread "File lock request listener" [_thread_in_native, id=17616, stack(0x0000000cb9900000,0x0000000cb9a00000)]
  0x000001e4e79e2800 JavaThread "Cache worker for journal cache (C:\Users\user\.gradle\caches\journal-1)" [_thread_blocked, id=18056, stack(0x0000000cb9c00000,0x0000000cb9d00000)]
  0x000001e4e79e1000 JavaThread "Cache worker for file hash cache (C:\Users\user\Documents\GitHub\UASProject\.gradle\7.0.2\fileHashes)" [_thread_blocked, id=18744, stack(0x0000000cb9d00000,0x0000000cb9e00000)]
  0x000001e4e79e7800 JavaThread "File watcher server" daemon [_thread_in_native, id=17368, stack(0x0000000cb9e00000,0x0000000cb9f00000)]
  0x000001e4e79e2000 JavaThread "File watcher consumer" daemon [_thread_blocked, id=10408, stack(0x0000000cb9f00000,0x0000000cba000000)]
  0x000001e4e9cd6800 JavaThread "Cache worker for checksums cache (C:\Users\user\Documents\GitHub\UASProject\.gradle\checksums)" [_thread_blocked, id=18204, stack(0x0000000cba000000,0x0000000cba100000)]
  0x000001e4e9cd7800 JavaThread "Cache worker for cache directory md-supplier (C:\Users\user\.gradle\caches\7.0.2\md-supplier)" [_thread_blocked, id=19308, stack(0x0000000cba100000,0x0000000cba200000)]
  0x000001e4e9cda000 JavaThread "Cache worker for cache directory md-rule (C:\Users\user\.gradle\caches\7.0.2\md-rule)" [_thread_blocked, id=6584, stack(0x0000000cba200000,0x0000000cba300000)]
  0x000001e4e9cda800 JavaThread "Cache worker for execution history cache (C:\Users\user\.gradle\caches\7.0.2\executionHistory)" [_thread_blocked, id=14788, stack(0x0000000cba300000,0x0000000cba400000)]
  0x000001e4e9cd9000 JavaThread "jar transforms" [_thread_blocked, id=3728, stack(0x0000000cba400000,0x0000000cba500000)]
  0x000001e4e9cdc000 JavaThread "jar transforms Thread 2" [_thread_blocked, id=15332, stack(0x0000000cba500000,0x0000000cba600000)]
  0x000001e4e9cdd000 JavaThread "Cache worker for file content cache (C:\Users\user\.gradle\caches\7.0.2\fileContent)" [_thread_blocked, id=10160, stack(0x0000000cba600000,0x0000000cba700000)]
  0x000001e4e9ce0800 JavaThread "Cache worker for dependencies-accessors (C:\Users\user\Documents\GitHub\UASProject\.gradle\7.0.2\dependencies-accessors)" [_thread_blocked, id=12668, stack(0x0000000cba700000,0x0000000cba800000)]
  0x000001e4e9ce3000 JavaThread "jar transforms Thread 3" [_thread_blocked, id=9728, stack(0x0000000cba800000,0x0000000cba900000)]

Other Threads:
  0x000001e4e5b8d000 VMThread "VM Thread" [stack: 0x0000000cb7900000,0x0000000cb7a00000] [id=15596]
  0x000001e4e669e800 WatcherThread [stack: 0x0000000cb8300000,0x0000000cb8400000] [id=17944]
  0x000001e4cb2fb800 GCTaskThread "GC Thread#0" [stack: 0x0000000cb7400000,0x0000000cb7500000] [id=8864]
  0x000001e4e6de1000 GCTaskThread "GC Thread#1" [stack: 0x0000000cb8500000,0x0000000cb8600000] [id=9428]
  0x000001e4e7131000 GCTaskThread "GC Thread#2" [stack: 0x0000000cb8600000,0x0000000cb8700000] [id=6480]
  0x000001e4e710d800 GCTaskThread "GC Thread#3" [stack: 0x0000000cb9100000,0x0000000cb9200000] [id=18960]
  0x000001e4e712f800 GCTaskThread "GC Thread#4" [stack: 0x0000000cb9200000,0x0000000cb9300000] [id=2444]
  0x000001e4e8693000 GCTaskThread "GC Thread#5" [stack: 0x0000000cb9300000,0x0000000cb9400000] [id=18984]
  0x000001e4e7100800 GCTaskThread "GC Thread#6" [stack: 0x0000000cb9400000,0x0000000cb9500000] [id=17372]
  0x000001e4e7bfb000 GCTaskThread "GC Thread#7" [stack: 0x0000000cb9500000,0x0000000cb9600000] [id=10096]
  0x000001e4e75a5000 GCTaskThread "GC Thread#8" [stack: 0x0000000cb9600000,0x0000000cb9700000] [id=5260]
  0x000001e4e7596000 GCTaskThread "GC Thread#9" [stack: 0x0000000cb9700000,0x0000000cb9800000] [id=14208]
  0x000001e4cb32d800 ConcurrentGCThread "G1 Main Marker" [stack: 0x0000000cb7500000,0x0000000cb7600000] [id=5664]
  0x000001e4cb32f000 ConcurrentGCThread "G1 Conc#0" [stack: 0x0000000cb7600000,0x0000000cb7700000] [id=19004]
  0x000001e4e8728000 ConcurrentGCThread "G1 Conc#1" [stack: 0x0000000cb9a00000,0x0000000cb9b00000] [id=5552]
  0x000001e4e8729800 ConcurrentGCThread "G1 Conc#2" [stack: 0x0000000cb9b00000,0x0000000cb9c00000] [id=13784]
  0x000001e4e59d9800 ConcurrentGCThread "G1 Refine#0" [stack: 0x0000000cb7700000,0x0000000cb7800000] [id=9244]
  0x000001e4e59da000 ConcurrentGCThread "G1 Young RemSet Sampling" [stack: 0x0000000cb7800000,0x0000000cb7900000] [id=15208]

Threads with active compile tasks:
C2 CompilerThread0   4476 3752   !   4       java.util.zip.ZipFile::getInputStream (323 bytes)
C2 CompilerThread1   4476 3556   !   4       java.net.URLClassLoader$1::run (63 bytes)

VM state:not at safepoint (normal execution)

VM Mutex/Monitor currently owned by a thread: None

Heap address: 0x0000000080000000, size: 2048 MB, Compressed Oops mode: 32-bit
Narrow klass base: 0x0000000000000000, Narrow klass shift: 3
Compressed class space size: 1073741824 Address: 0x0000000100000000

Heap:
 garbage-first heap   total 129024K, used 81319K [0x0000000080000000, 0x0000000100000000)
  region size 1024K, 63 young (64512K), 9 survivors (9216K)
 Metaspace       used 44213K, capacity 45297K, committed 45516K, reserved 1089536K
  class space    used 5679K, capacity 6070K, committed 6092K, reserved 1048576K
Heap Regions: E=young(eden), S=young(survivor), O=old, HS=humongous(starts), HC=humongous(continues), CS=collection set, F=free, A=archive, TAMS=top-at-mark-start (previous, next)
|   0|0x0000000080000000, 0x0000000080100000, 0x0000000080100000|100%| O|  |TAMS 0x0000000080100000, 0x0000000080000000| Untracked 
|   1|0x0000000080100000, 0x0000000080200000, 0x0000000080200000|100%| O|  |TAMS 0x0000000080200000, 0x0000000080100000| Untracked 
|   2|0x0000000080200000, 0x0000000080300000, 0x0000000080300000|100%| O|  |TAMS 0x0000000080300000, 0x0000000080200000| Untracked 
|   3|0x0000000080300000, 0x0000000080400000, 0x0000000080400000|100%|HS|  |TAMS 0x0000000080400000, 0x0000000080300000| Complete 
|   4|0x0000000080400000, 0x0000000080500000, 0x0000000080500000|100%|HC|  |TAMS 0x0000000080500000, 0x0000000080400000| Complete 
|   5|0x0000000080500000, 0x0000000080600000, 0x0000000080600000|100%|HC|  |TAMS 0x0000000080600000, 0x0000000080500000| Complete 
|   6|0x0000000080600000, 0x0000000080700000, 0x0000000080700000|100%| O|  |TAMS 0x0000000080700000, 0x0000000080600000| Untracked 
|   7|0x0000000080700000, 0x0000000080800000, 0x0000000080800000|100%| O|  |TAMS 0x0000000080800000, 0x0000000080700000| Untracked 
|   8|0x0000000080800000, 0x0000000080900000, 0x0000000080900000|100%| O|  |TAMS 0x0000000080900000, 0x0000000080800000| Untracked 
|   9|0x0000000080900000, 0x0000000080a00000, 0x0000000080a00000|100%| O|  |TAMS 0x0000000080a00000, 0x0000000080900000| Untracked 
|  10|0x0000000080a00000, 0x0000000080b00000, 0x0000000080b00000|100%| O|  |TAMS 0x0000000080b00000, 0x0000000080a00000| Untracked 
|  11|0x0000000080b00000, 0x0000000080c00000, 0x0000000080c00000|100%| O|  |TAMS 0x0000000080c00000, 0x0000000080b00000| Untracked 
|  12|0x0000000080c00000, 0x0000000080d00000, 0x0000000080d00000|100%| O|  |TAMS 0x0000000080d00000, 0x0000000080c00000| Untracked 
|  13|0x0000000080d00000, 0x0000000080e00000, 0x0000000080e00000|100%| O|  |TAMS 0x0000000080e00000, 0x0000000080d00000| Untracked 
|  14|0x0000000080e00000, 0x0000000080f00000, 0x0000000080f00000|100%| O|  |TAMS 0x0000000080f00000, 0x0000000080e00000| Untracked 
|  15|0x0000000080f00000, 0x0000000081000000, 0x0000000081000000|100%| O|  |TAMS 0x0000000080f8d000, 0x0000000080f00000| Untracked 
|  16|0x0000000081000000, 0x0000000081100000, 0x0000000081100000|100%|HS|  |TAMS 0x0000000081000000, 0x0000000081000000| Complete 
|  17|0x0000000081100000, 0x0000000081100000, 0x0000000081200000|  0%| F|  |TAMS 0x0000000081100000, 0x0000000081100000| Untracked 
|  18|0x0000000081200000, 0x0000000081200000, 0x0000000081300000|  0%| F|  |TAMS 0x0000000081200000, 0x0000000081200000| Untracked 
|  19|0x0000000081300000, 0x0000000081400000, 0x0000000081400000|100%| O|  |TAMS 0x0000000081300000, 0x0000000081300000| Untracked 
|  20|0x0000000081400000, 0x00000000814f5000, 0x0000000081500000| 95%| O|  |TAMS 0x0000000081400000, 0x0000000081400000| Untracked 
|  21|0x0000000081500000, 0x0000000081500000, 0x0000000081600000|  0%| F|  |TAMS 0x0000000081500000, 0x0000000081500000| Untracked 
|  22|0x0000000081600000, 0x0000000081600000, 0x0000000081700000|  0%| F|  |TAMS 0x0000000081600000, 0x0000000081600000| Untracked 
|  23|0x0000000081700000, 0x0000000081700000, 0x0000000081800000|  0%| F|  |TAMS 0x0000000081700000, 0x0000000081700000| Untracked 
|  24|0x0000000081800000, 0x0000000081800000, 0x0000000081900000|  0%| F|  |TAMS 0x0000000081800000, 0x0000000081800000| Untracked 
|  25|0x0000000081900000, 0x0000000081900000, 0x0000000081a00000|  0%| F|  |TAMS 0x0000000081900000, 0x0000000081900000| Untracked 
|  26|0x0000000081a00000, 0x0000000081a00000, 0x0000000081b00000|  0%| F|  |TAMS 0x0000000081a00000, 0x0000000081a00000| Untracked 
|  27|0x0000000081b00000, 0x0000000081b00000, 0x0000000081c00000|  0%| F|  |TAMS 0x0000000081b00000, 0x0000000081b00000| Untracked 
|  28|0x0000000081c00000, 0x0000000081c00000, 0x0000000081d00000|  0%| F|  |TAMS 0x0000000081c00000, 0x0000000081c00000| Untracked 
|  29|0x0000000081d00000, 0x0000000081d00000, 0x0000000081e00000|  0%| F|  |TAMS 0x0000000081d00000, 0x0000000081d00000| Untracked 
|  30|0x0000000081e00000, 0x0000000081e00000, 0x0000000081f00000|  0%| F|  |TAMS 0x0000000081e00000, 0x0000000081e00000| Untracked 
|  31|0x0000000081f00000, 0x0000000081f00000, 0x0000000082000000|  0%| F|  |TAMS 0x0000000081f00000, 0x0000000081f00000| Untracked 
|  32|0x0000000082000000, 0x0000000082000000, 0x0000000082100000|  0%| F|  |TAMS 0x0000000082000000, 0x0000000082000000| Untracked 
|  33|0x0000000082100000, 0x0000000082100000, 0x0000000082200000|  0%| F|  |TAMS 0x0000000082100000, 0x0000000082100000| Untracked 
|  34|0x0000000082200000, 0x0000000082200000, 0x0000000082300000|  0%| F|  |TAMS 0x0000000082200000, 0x0000000082200000| Untracked 
|  35|0x0000000082300000, 0x0000000082300000, 0x0000000082400000|  0%| F|  |TAMS 0x0000000082300000, 0x0000000082300000| Untracked 
|  36|0x0000000082400000, 0x0000000082400000, 0x0000000082500000|  0%| F|  |TAMS 0x0000000082400000, 0x0000000082400000| Untracked 
|  37|0x0000000082500000, 0x0000000082500000, 0x0000000082600000|  0%| F|  |TAMS 0x0000000082500000, 0x0000000082500000| Untracked 
|  38|0x0000000082600000, 0x0000000082600000, 0x0000000082700000|  0%| F|  |TAMS 0x0000000082600000, 0x0000000082600000| Untracked 
|  39|0x0000000082700000, 0x0000000082700000, 0x0000000082800000|  0%| F|  |TAMS 0x0000000082700000, 0x0000000082700000| Untracked 
|  40|0x0000000082800000, 0x0000000082800000, 0x0000000082900000|  0%| F|  |TAMS 0x0000000082800000, 0x0000000082800000| Untracked 
|  41|0x0000000082900000, 0x0000000082900000, 0x0000000082a00000|  0%| F|  |TAMS 0x0000000082900000, 0x0000000082900000| Untracked 
|  42|0x0000000082a00000, 0x0000000082a00000, 0x0000000082b00000|  0%| F|  |TAMS 0x0000000082a00000, 0x0000000082a00000| Untracked 
|  43|0x0000000082b00000, 0x0000000082b00000, 0x0000000082c00000|  0%| F|  |TAMS 0x0000000082b00000, 0x0000000082b00000| Untracked 
|  44|0x0000000082c00000, 0x0000000082c00000, 0x0000000082d00000|  0%| F|  |TAMS 0x0000000082c00000, 0x0000000082c00000| Untracked 
|  45|0x0000000082d00000, 0x0000000082d00000, 0x0000000082e00000|  0%| F|  |TAMS 0x0000000082d00000, 0x0000000082d00000| Untracked 
|  46|0x0000000082e00000, 0x0000000082e00000, 0x0000000082f00000|  0%| F|  |TAMS 0x0000000082e00000, 0x0000000082e00000| Untracked 
|  47|0x0000000082f00000, 0x0000000082f00000, 0x0000000083000000|  0%| F|  |TAMS 0x0000000082f00000, 0x0000000082f00000| Untracked 
|  48|0x0000000083000000, 0x0000000083000000, 0x0000000083100000|  0%| F|  |TAMS 0x0000000083000000, 0x0000000083000000| Untracked 
|  49|0x0000000083100000, 0x0000000083100000, 0x0000000083200000|  0%| F|  |TAMS 0x0000000083100000, 0x0000000083100000| Untracked 
|  50|0x0000000083200000, 0x0000000083200000, 0x0000000083300000|  0%| F|  |TAMS 0x0000000083200000, 0x0000000083200000| Untracked 
|  51|0x0000000083300000, 0x0000000083374c88, 0x0000000083400000| 45%| S|CS|TAMS 0x0000000083300000, 0x0000000083300000| Complete 
|  52|0x0000000083400000, 0x0000000083500000, 0x0000000083500000|100%| S|CS|TAMS 0x0000000083400000, 0x0000000083400000| Complete 
|  53|0x0000000083500000, 0x0000000083600000, 0x0000000083600000|100%| S|CS|TAMS 0x0000000083500000, 0x0000000083500000| Complete 
|  54|0x0000000083600000, 0x0000000083700000, 0x0000000083700000|100%| S|CS|TAMS 0x0000000083600000, 0x0000000083600000| Complete 
|  55|0x0000000083700000, 0x0000000083800000, 0x0000000083800000|100%| S|CS|TAMS 0x0000000083700000, 0x0000000083700000| Complete 
|  56|0x0000000083800000, 0x0000000083900000, 0x0000000083900000|100%| S|CS|TAMS 0x0000000083800000, 0x0000000083800000| Complete 
|  57|0x0000000083900000, 0x0000000083a00000, 0x0000000083a00000|100%| S|CS|TAMS 0x0000000083900000, 0x0000000083900000| Complete 
|  58|0x0000000083a00000, 0x0000000083b00000, 0x0000000083b00000|100%| S|CS|TAMS 0x0000000083a00000, 0x0000000083a00000| Complete 
|  59|0x0000000083b00000, 0x0000000083c00000, 0x0000000083c00000|100%| S|CS|TAMS 0x0000000083b00000, 0x0000000083b00000| Complete 
|  60|0x0000000083c00000, 0x0000000083c00000, 0x0000000083d00000|  0%| F|  |TAMS 0x0000000083c00000, 0x0000000083c00000| Untracked 
|  61|0x0000000083d00000, 0x0000000083d00000, 0x0000000083e00000|  0%| F|  |TAMS 0x0000000083d00000, 0x0000000083d00000| Untracked 
|  62|0x0000000083e00000, 0x0000000083e00000, 0x0000000083f00000|  0%| F|  |TAMS 0x0000000083e00000, 0x0000000083e00000| Untracked 
|  63|0x0000000083f00000, 0x0000000083f00000, 0x0000000084000000|  0%| F|  |TAMS 0x0000000083f00000, 0x0000000083f00000| Untracked 
|  64|0x0000000084000000, 0x0000000084000000, 0x0000000084100000|  0%| F|  |TAMS 0x0000000084000000, 0x0000000084000000| Untracked 
|  65|0x0000000084100000, 0x0000000084100000, 0x0000000084200000|  0%| F|  |TAMS 0x0000000084100000, 0x0000000084100000| Untracked 
|  66|0x0000000084200000, 0x0000000084200000, 0x0000000084300000|  0%| F|  |TAMS 0x0000000084200000, 0x0000000084200000| Untracked 
|  67|0x0000000084300000, 0x0000000084300000, 0x0000000084400000|  0%| F|  |TAMS 0x0000000084300000, 0x0000000084300000| Untracked 
|  68|0x0000000084400000, 0x0000000084400000, 0x0000000084500000|  0%| F|  |TAMS 0x0000000084400000, 0x0000000084400000| Untracked 
|  69|0x0000000084500000, 0x0000000084500000, 0x0000000084600000|  0%| F|  |TAMS 0x0000000084500000, 0x0000000084500000| Untracked 
|  70|0x0000000084600000, 0x0000000084600000, 0x0000000084700000|  0%| F|  |TAMS 0x0000000084600000, 0x0000000084600000| Untracked 
|  71|0x0000000084700000, 0x0000000084700000, 0x0000000084800000|  0%| F|  |TAMS 0x0000000084700000, 0x0000000084700000| Untracked 
|  72|0x0000000084800000, 0x0000000084900000, 0x0000000084900000|100%| E|  |TAMS 0x0000000084800000, 0x0000000084800000| Complete 
|  73|0x0000000084900000, 0x0000000084a00000, 0x0000000084a00000|100%| E|CS|TAMS 0x0000000084900000, 0x0000000084900000| Complete 
|  74|0x0000000084a00000, 0x0000000084b00000, 0x0000000084b00000|100%| E|CS|TAMS 0x0000000084a00000, 0x0000000084a00000| Complete 
|  75|0x0000000084b00000, 0x0000000084c00000, 0x0000000084c00000|100%| E|CS|TAMS 0x0000000084b00000, 0x0000000084b00000| Complete 
|  76|0x0000000084c00000, 0x0000000084d00000, 0x0000000084d00000|100%| E|CS|TAMS 0x0000000084c00000, 0x0000000084c00000| Complete 
|  77|0x0000000084d00000, 0x0000000084e00000, 0x0000000084e00000|100%| E|CS|TAMS 0x0000000084d00000, 0x0000000084d00000| Complete 
|  78|0x0000000084e00000, 0x0000000084f00000, 0x0000000084f00000|100%| E|CS|TAMS 0x0000000084e00000, 0x0000000084e00000| Complete 
|  79|0x0000000084f00000, 0x0000000085000000, 0x0000000085000000|100%| E|CS|TAMS 0x0000000084f00000, 0x0000000084f00000| Complete 
|  80|0x0000000085000000, 0x0000000085100000, 0x0000000085100000|100%| E|CS|TAMS 0x0000000085000000, 0x0000000085000000| Complete 
|  81|0x0000000085100000, 0x0000000085200000, 0x0000000085200000|100%| E|CS|TAMS 0x0000000085100000, 0x0000000085100000| Complete 
|  82|0x0000000085200000, 0x0000000085300000, 0x0000000085300000|100%| E|CS|TAMS 0x0000000085200000, 0x0000000085200000| Complete 
|  83|0x0000000085300000, 0x0000000085400000, 0x0000000085400000|100%| E|CS|TAMS 0x0000000085300000, 0x0000000085300000| Complete 
|  84|0x0000000085400000, 0x0000000085500000, 0x0000000085500000|100%| E|CS|TAMS 0x0000000085400000, 0x0000000085400000| Complete 
|  85|0x0000000085500000, 0x0000000085600000, 0x0000000085600000|100%| E|CS|TAMS 0x0000000085500000, 0x0000000085500000| Complete 
|  86|0x0000000085600000, 0x0000000085700000, 0x0000000085700000|100%| E|CS|TAMS 0x0000000085600000, 0x0000000085600000| Complete 
|  87|0x0000000085700000, 0x0000000085800000, 0x0000000085800000|100%| E|CS|TAMS 0x0000000085700000, 0x0000000085700000| Complete 
|  88|0x0000000085800000, 0x0000000085900000, 0x0000000085900000|100%| E|CS|TAMS 0x0000000085800000, 0x0000000085800000| Complete 
|  89|0x0000000085900000, 0x0000000085a00000, 0x0000000085a00000|100%| E|CS|TAMS 0x0000000085900000, 0x0000000085900000| Complete 
|  90|0x0000000085a00000, 0x0000000085b00000, 0x0000000085b00000|100%| E|CS|TAMS 0x0000000085a00000, 0x0000000085a00000| Complete 
|  91|0x0000000085b00000, 0x0000000085c00000, 0x0000000085c00000|100%| E|CS|TAMS 0x0000000085b00000, 0x0000000085b00000| Complete 
|  92|0x0000000085c00000, 0x0000000085d00000, 0x0000000085d00000|100%| E|CS|TAMS 0x0000000085c00000, 0x0000000085c00000| Complete 
|  93|0x0000000085d00000, 0x0000000085e00000, 0x0000000085e00000|100%| E|CS|TAMS 0x0000000085d00000, 0x0000000085d00000| Complete 
|  94|0x0000000085e00000, 0x0000000085f00000, 0x0000000085f00000|100%| E|CS|TAMS 0x0000000085e00000, 0x0000000085e00000| Complete 
|  95|0x0000000085f00000, 0x0000000086000000, 0x0000000086000000|100%| E|CS|TAMS 0x0000000085f00000, 0x0000000085f00000| Complete 
|  96|0x0000000086000000, 0x0000000086100000, 0x0000000086100000|100%| E|CS|TAMS 0x0000000086000000, 0x0000000086000000| Complete 
|  97|0x0000000086100000, 0x0000000086200000, 0x0000000086200000|100%| E|CS|TAMS 0x0000000086100000, 0x0000000086100000| Complete 
|  98|0x0000000086200000, 0x0000000086300000, 0x0000000086300000|100%| E|CS|TAMS 0x0000000086200000, 0x0000000086200000| Complete 
|  99|0x0000000086300000, 0x0000000086400000, 0x0000000086400000|100%| E|CS|TAMS 0x0000000086300000, 0x0000000086300000| Complete 
| 100|0x0000000086400000, 0x0000000086500000, 0x0000000086500000|100%| E|CS|TAMS 0x0000000086400000, 0x0000000086400000| Complete 
| 101|0x0000000086500000, 0x0000000086600000, 0x0000000086600000|100%| E|CS|TAMS 0x0000000086500000, 0x0000000086500000| Complete 
| 102|0x0000000086600000, 0x0000000086700000, 0x0000000086700000|100%| E|  |TAMS 0x0000000086600000, 0x0000000086600000| Complete 
| 103|0x0000000086700000, 0x0000000086800000, 0x0000000086800000|100%| E|CS|TAMS 0x0000000086700000, 0x0000000086700000| Complete 
| 104|0x0000000086800000, 0x0000000086900000, 0x0000000086900000|100%| E|CS|TAMS 0x0000000086800000, 0x0000000086800000| Complete 
| 105|0x0000000086900000, 0x0000000086a00000, 0x0000000086a00000|100%| E|CS|TAMS 0x0000000086900000, 0x0000000086900000| Complete 
| 106|0x0000000086a00000, 0x0000000086b00000, 0x0000000086b00000|100%| E|CS|TAMS 0x0000000086a00000, 0x0000000086a00000| Complete 
| 107|0x0000000086b00000, 0x0000000086c00000, 0x0000000086c00000|100%| E|CS|TAMS 0x0000000086b00000, 0x0000000086b00000| Complete 
| 108|0x0000000086c00000, 0x0000000086d00000, 0x0000000086d00000|100%| E|CS|TAMS 0x0000000086c00000, 0x0000000086c00000| Complete 
| 109|0x0000000086d00000, 0x0000000086e00000, 0x0000000086e00000|100%| E|CS|TAMS 0x0000000086d00000, 0x0000000086d00000| Complete 
| 110|0x0000000086e00000, 0x0000000086f00000, 0x0000000086f00000|100%| E|CS|TAMS 0x0000000086e00000, 0x0000000086e00000| Complete 
| 111|0x0000000086f00000, 0x0000000087000000, 0x0000000087000000|100%| E|CS|TAMS 0x0000000086f00000, 0x0000000086f00000| Complete 
| 112|0x0000000087000000, 0x0000000087100000, 0x0000000087100000|100%| E|CS|TAMS 0x0000000087000000, 0x0000000087000000| Complete 
| 113|0x0000000087100000, 0x0000000087200000, 0x0000000087200000|100%| E|CS|TAMS 0x0000000087100000, 0x0000000087100000| Complete 
| 114|0x0000000087200000, 0x0000000087300000, 0x0000000087300000|100%| E|CS|TAMS 0x0000000087200000, 0x0000000087200000| Complete 
| 115|0x0000000087300000, 0x0000000087400000, 0x0000000087400000|100%| E|CS|TAMS 0x0000000087300000, 0x0000000087300000| Complete 
| 116|0x0000000087400000, 0x0000000087500000, 0x0000000087500000|100%| E|CS|TAMS 0x0000000087400000, 0x0000000087400000| Complete 
| 117|0x0000000087500000, 0x0000000087600000, 0x0000000087600000|100%| E|CS|TAMS 0x0000000087500000, 0x0000000087500000| Complete 
| 118|0x0000000087600000, 0x0000000087700000, 0x0000000087700000|100%| E|CS|TAMS 0x0000000087600000, 0x0000000087600000| Complete 
| 119|0x0000000087700000, 0x0000000087800000, 0x0000000087800000|100%| E|CS|TAMS 0x0000000087700000, 0x0000000087700000| Complete 
| 120|0x0000000087800000, 0x0000000087900000, 0x0000000087900000|100%| E|CS|TAMS 0x0000000087800000, 0x0000000087800000| Complete 
| 121|0x0000000087900000, 0x0000000087a00000, 0x0000000087a00000|100%| E|CS|TAMS 0x0000000087900000, 0x0000000087900000| Complete 
| 122|0x0000000087a00000, 0x0000000087b00000, 0x0000000087b00000|100%| E|CS|TAMS 0x0000000087a00000, 0x0000000087a00000| Complete 
| 123|0x0000000087b00000, 0x0000000087c00000, 0x0000000087c00000|100%| E|CS|TAMS 0x0000000087b00000, 0x0000000087b00000| Complete 
| 124|0x0000000087c00000, 0x0000000087d00000, 0x0000000087d00000|100%| E|CS|TAMS 0x0000000087c00000, 0x0000000087c00000| Complete 
| 125|0x0000000087d00000, 0x0000000087e00000, 0x0000000087e00000|100%| E|CS|TAMS 0x0000000087d00000, 0x0000000087d00000| Complete 

Card table byte_map: [0x000001e4de720000,0x000001e4deb20000] _byte_map_base: 0x000001e4de320000

Marking Bits (Prev, Next): (CMBitMap*) 0x000001e4cb3249b8, (CMBitMap*) 0x000001e4cb3249f0
 Prev Bits: [0x000001e4def20000, 0x000001e4e0f20000)
 Next Bits: [0x000001e4e0f20000, 0x000001e4e2f20000)

Polling page: 0x000001e4caac0000

Metaspace:

Usage:
  Non-class:     38.31 MB capacity,    37.66 MB ( 98%) used,   559.19 KB (  1%) free+waste,   102.50 KB ( <1%) overhead. 
      Class:      5.93 MB capacity,     5.55 MB ( 94%) used,   337.78 KB (  6%) free+waste,    49.19 KB ( <1%) overhead. 
       Both:     44.24 MB capacity,    43.21 MB ( 98%) used,   896.97 KB (  2%) free+waste,   151.69 KB ( <1%) overhead. 

Virtual space:
  Non-class space:       40.00 MB reserved,      38.50 MB ( 96%) committed 
      Class space:        1.00 GB reserved,       5.95 MB ( <1%) committed 
             Both:        1.04 GB reserved,      44.45 MB (  4%) committed 

Chunk freelists:
   Non-Class:  5.00 KB
       Class:  10.00 KB
        Both:  15.00 KB

MaxMetaspaceSize: 17179869184.00 GB
CompressedClassSpaceSize: 1.00 GB

CodeHeap 'non-profiled nmethods': size=120000Kb used=1871Kb max_used=1871Kb free=118128Kb
 bounds [0x000001e4d68a0000, 0x000001e4d6b10000, 0x000001e4dddd0000]
CodeHeap 'profiled nmethods': size=120000Kb used=8012Kb max_used=8012Kb free=111987Kb
 bounds [0x000001e4cf370000, 0x000001e4cfb50000, 0x000001e4d68a0000]
CodeHeap 'non-nmethods': size=5760Kb used=2203Kb max_used=2242Kb free=3556Kb
 bounds [0x000001e4cedd0000, 0x000001e4cf040000, 0x000001e4cf370000]
 total_blobs=4511 nmethods=3742 adapters=680
 compilation: enabled
              stopped_count=0, restarted_count=0
 full_count=0

Compilation events (20 events):
Event: 4.365 Thread 0x000001e4e650c800 nmethod 3544 0x000001e4d6a70110 code [0x000001e4d6a702c0, 0x000001e4d6a70838]
Event: 4.365 Thread 0x000001e4e650c800 3729       4       org.gradle.internal.instantiation.generator.AbstractClassGenerator$DisabledAnnotationValidator::validateMethod (68 bytes)
Event: 4.371 Thread 0x000001e4e650c800 nmethod 3729 0x000001e4d6a70a90 code [0x000001e4d6a70c60, 0x000001e4d6a71018]
Event: 4.371 Thread 0x000001e4e650c800 3543       4       java.lang.PublicMethods$Key::hashCode (19 bytes)
Event: 4.374 Thread 0x000001e4e650c800 nmethod 3543 0x000001e4d6a71390 code [0x000001e4d6a71540, 0x000001e4d6a716f8]
Event: 4.374 Thread 0x000001e4e650c800 3695       4       org.gradle.internal.instantiation.generator.AbstractClassGenerator$ClassGenerationHandler::visitProperty (1 bytes)
Event: 4.374 Thread 0x000001e4e650c800 nmethod 3695 0x000001e4d6a71890 code [0x000001e4d6a71a20, 0x000001e4d6a71a78]
Event: 4.374 Thread 0x000001e4e650c800 3620       4       java.lang.reflect.AccessibleObject::setAccessible0 (7 bytes)
Event: 4.375 Thread 0x000001e4e650c800 nmethod 3620 0x000001e4d6a71b10 code [0x000001e4d6a71ca0, 0x000001e4d6a71d18]
Event: 4.383 Thread 0x000001e4e6513000 3747       3       java.net.URI::match (56 bytes)
Event: 4.383 Thread 0x000001e4e6513000 nmethod 3747 0x000001e4cfb41a90 code [0x000001e4cfb41c40, 0x000001e4cfb41ef8]
Event: 4.383 Thread 0x000001e4e6513000 3748       3       java.net.URI$Parser::scan (76 bytes)
Event: 4.384 Thread 0x000001e4e6513000 nmethod 3748 0x000001e4cfb41f90 code [0x000001e4cfb421e0, 0x000001e4cfb42ab8]
Event: 4.386 Thread 0x000001e4e650c800 3749       4       java.lang.ClassLoader::preDefineClass (116 bytes)
Event: 4.415 Thread 0x000001e4e650c800 nmethod 3749 0x000001e4d6a71d90 code [0x000001e4d6a71fc0, 0x000001e4d6a72e88]
Event: 4.415 Thread 0x000001e4e650c800 3751       4       java.util.jar.Attributes::getValue (9 bytes)
Event: 4.420 Thread 0x000001e4e650c800 nmethod 3751 0x000001e4d6a73810 code [0x000001e4d6a739e0, 0x000001e4d6a73cd8]
Event: 4.420 Thread 0x000001e4e650c800 3752   !   4       java.util.zip.ZipFile::getInputStream (323 bytes)
Event: 4.439 Thread 0x000001e4e6513000 3753       3       java.nio.ByteBuffer::order (48 bytes)
Event: 4.440 Thread 0x000001e4e6513000 nmethod 3753 0x000001e4cfb42e90 code [0x000001e4cfb43040, 0x000001e4cfb43278]

GC Heap History (12 events):
Event: 0.463 GC heap before
{Heap before GC invocations=0 (full 0):
 garbage-first heap   total 129024K, used 29696K [0x0000000080000000, 0x0000000100000000)
  region size 1024K, 24 young (24576K), 0 survivors (0K)
 Metaspace       used 9776K, capacity 9986K, committed 10112K, reserved 1058816K
  class space    used 1022K, capacity 1102K, committed 1152K, reserved 1048576K
}
Event: 0.468 GC heap after
{Heap after GC invocations=1 (full 0):
 garbage-first heap   total 129024K, used 9076K [0x0000000080000000, 0x0000000100000000)
  region size 1024K, 3 young (3072K), 3 survivors (3072K)
 Metaspace       used 9776K, capacity 9986K, committed 10112K, reserved 1058816K
  class space    used 1022K, capacity 1102K, committed 1152K, reserved 1048576K
}
Event: 1.457 GC heap before
{Heap before GC invocations=1 (full 0):
 garbage-first heap   total 129024K, used 82804K [0x0000000080000000, 0x0000000100000000)
  region size 1024K, 75 young (76800K), 3 survivors (3072K)
 Metaspace       used 17695K, capacity 18150K, committed 18432K, reserved 1064960K
  class space    used 2090K, capacity 2236K, committed 2304K, reserved 1048576K
}
Event: 1.461 GC heap after
{Heap after GC invocations=2 (full 0):
 garbage-first heap   total 129024K, used 15908K [0x0000000080000000, 0x0000000100000000)
  region size 1024K, 10 young (10240K), 10 survivors (10240K)
 Metaspace       used 17695K, capacity 18150K, committed 18432K, reserved 1064960K
  class space    used 2090K, capacity 2236K, committed 2304K, reserved 1048576K
}
Event: 1.622 GC heap before
{Heap before GC invocations=2 (full 0):
 garbage-first heap   total 129024K, used 38436K [0x0000000080000000, 0x0000000100000000)
  region size 1024K, 33 young (33792K), 10 survivors (10240K)
 Metaspace       used 20601K, capacity 21118K, committed 21248K, reserved 1067008K
  class space    used 2519K, capacity 2720K, committed 2816K, reserved 1048576K
}
Event: 1.628 GC heap after
{Heap after GC invocations=3 (full 0):
 garbage-first heap   total 129024K, used 16802K [0x0000000080000000, 0x0000000100000000)
  region size 1024K, 1 young (1024K), 1 survivors (1024K)
 Metaspace       used 20601K, capacity 21118K, committed 21248K, reserved 1067008K
  class space    used 2519K, capacity 2720K, committed 2816K, reserved 1048576K
}
Event: 1.995 GC heap before
{Heap before GC invocations=4 (full 0):
 garbage-first heap   total 129024K, used 70050K [0x0000000080000000, 0x0000000100000000)
  region size 1024K, 54 young (55296K), 1 survivors (1024K)
 Metaspace       used 25938K, capacity 26485K, committed 26752K, reserved 1073152K
  class space    used 3397K, capacity 3599K, committed 3712K, reserved 1048576K
}
Event: 1.998 GC heap after
{Heap after GC invocations=5 (full 0):
 garbage-first heap   total 129024K, used 18505K [0x0000000080000000, 0x0000000100000000)
  region size 1024K, 3 young (3072K), 3 survivors (3072K)
 Metaspace       used 25938K, capacity 26485K, committed 26752K, reserved 1073152K
  class space    used 3397K, capacity 3599K, committed 3712K, reserved 1048576K
}
Event: 2.776 GC heap before
{Heap before GC invocations=5 (full 0):
 garbage-first heap   total 129024K, used 73801K [0x0000000080000000, 0x0000000100000000)
  region size 1024K, 59 young (60416K), 3 survivors (3072K)
 Metaspace       used 35044K, capacity 35830K, committed 35840K, reserved 1081344K
  class space    used 4542K, capacity 4864K, committed 4864K, reserved 1048576K
}
Event: 2.783 GC heap after
{Heap after GC invocations=6 (full 0):
 garbage-first heap   total 129024K, used 21934K [0x0000000080000000, 0x0000000100000000)
  region size 1024K, 6 young (6144K), 6 survivors (6144K)
 Metaspace       used 35044K, capacity 35830K, committed 35840K, reserved 1081344K
  class space    used 4542K, capacity 4864K, committed 4864K, reserved 1048576K
}
Event: 3.530 GC heap before
{Heap before GC invocations=7 (full 0):
 garbage-first heap   total 129024K, used 85422K [0x0000000080000000, 0x0000000100000000)
  region size 1024K, 66 young (67584K), 6 survivors (6144K)
 Metaspace       used 39413K, capacity 40299K, committed 40524K, reserved 1085440K
  class space    used 5035K, capacity 5389K, committed 5452K, reserved 1048576K
}
Event: 3.537 GC heap after
{Heap after GC invocations=8 (full 0):
 garbage-first heap   total 129024K, used 27047K [0x0000000080000000, 0x0000000100000000)
  region size 1024K, 9 young (9216K), 9 survivors (9216K)
 Metaspace       used 39413K, capacity 40299K, committed 40524K, reserved 1085440K
  class space    used 5035K, capacity 5389K, committed 5452K, reserved 1048576K
}

Deoptimization events (20 events):
Event: 3.731 Thread 0x000001e4e882d000 Uncommon trap: trap_request=0xffffff4d fr.pc=0x000001e4d69cc108 relative=0x00000000000000e8
Event: 3.731 Thread 0x000001e4e882d000 Uncommon trap: reason=unstable_if action=reinterpret pc=0x000001e4d69cc108 method=org.objectweb.asm.ByteVector.putShort(I)Lorg/objectweb/asm/ByteVector; @ 13 c2
Event: 3.731 Thread 0x000001e4e882d000 DEOPT PACKING pc=0x000001e4d69cc108 sp=0x0000000cb8cf94f0
Event: 3.731 Thread 0x000001e4e882d000 DEOPT UNPACKING pc=0x000001e4cedf78af sp=0x0000000cb8cf9488 mode 2
Event: 3.744 Thread 0x000001e4e882d000 Uncommon trap: trap_request=0xffffff4d fr.pc=0x000001e4d6a1932c relative=0x0000000000001b2c
Event: 3.744 Thread 0x000001e4e882d000 Uncommon trap: reason=unstable_if action=reinterpret pc=0x000001e4d6a1932c method=java.util.concurrent.ConcurrentHashMap.computeIfAbsent(Ljava/lang/Object;Ljava/util/function/Function;)Ljava/lang/Object; @ 123 c2
Event: 3.744 Thread 0x000001e4e882d000 DEOPT PACKING pc=0x000001e4d6a1932c sp=0x0000000cb8cfa9d0
Event: 3.744 Thread 0x000001e4e882d000 DEOPT UNPACKING pc=0x000001e4cedf78af sp=0x0000000cb8cfa970 mode 2
Event: 4.217 Thread 0x000001e4e882d000 Uncommon trap: trap_request=0xffffff4d fr.pc=0x000001e4d691728c relative=0x00000000000001cc
Event: 4.217 Thread 0x000001e4e882d000 Uncommon trap: reason=unstable_if action=reinterpret pc=0x000001e4d691728c method=java.net.URI$Parser.scan(IILjava/lang/String;)I @ 26 c2
Event: 4.217 Thread 0x000001e4e882d000 DEOPT PACKING pc=0x000001e4d691728c sp=0x0000000cb8cf8e30
Event: 4.217 Thread 0x000001e4e882d000 DEOPT UNPACKING pc=0x000001e4cedf78af sp=0x0000000cb8cf8dc0 mode 2
Event: 4.217 Thread 0x000001e4e882d000 Uncommon trap: trap_request=0xffffff4d fr.pc=0x000001e4d68ee8d4 relative=0x0000000000000114
Event: 4.217 Thread 0x000001e4e882d000 Uncommon trap: reason=unstable_if action=reinterpret pc=0x000001e4d68ee8d4 method=java.net.URI.match(CJJ)Z @ 45 c2
Event: 4.217 Thread 0x000001e4e882d000 DEOPT PACKING pc=0x000001e4d68ee8d4 sp=0x0000000cb8cf8ba0
Event: 4.217 Thread 0x000001e4e882d000 DEOPT UNPACKING pc=0x000001e4cedf78af sp=0x0000000cb8cf8ad8 mode 2
Event: 4.217 Thread 0x000001e4e882d000 Uncommon trap: trap_request=0xffffff4d fr.pc=0x000001e4d68c0368 relative=0x0000000000000048
Event: 4.217 Thread 0x000001e4e882d000 Uncommon trap: reason=unstable_if action=reinterpret pc=0x000001e4d68c0368 method=java.net.URI.match(CJJ)Z @ 19 c2
Event: 4.217 Thread 0x000001e4e882d000 DEOPT PACKING pc=0x000001e4d68c0368 sp=0x0000000cb8cf8bb0
Event: 4.217 Thread 0x000001e4e882d000 DEOPT UNPACKING pc=0x000001e4cedf78af sp=0x0000000cb8cf8b60 mode 2

Classes redefined (0 events):
No events

Internal exceptions (20 events):
Event: 3.484 Thread 0x000001e4e882d000 Exception <a 'java/lang/ClassNotFoundException'{0x00000000844542a8}: org/gradle/initialization/DefaultProjectDescriptorBeanInfo> (0x00000000844542a8) thrown at [./src/hotspot/share/classfile/systemDictionary.cpp, line 231]
Event: 3.484 Thread 0x000001e4e882d000 Exception <a 'java/lang/ClassNotFoundException'{0x000000008447c3f8}: org/gradle/initialization/DefaultProjectDescriptorCustomizer> (0x000000008447c3f8) thrown at [./src/hotspot/share/classfile/systemDictionary.cpp, line 231]
Event: 3.487 Thread 0x000001e4e882d000 Implicit null exception at 0x000001e4d69dc86c to 0x000001e4d69dc914
Event: 3.613 Thread 0x000001e4e79e6800 Exception <a 'java/lang/NoSuchMethodError'{0x0000000087d0dd88}: <clinit>> (0x0000000087d0dd88) thrown at [./src/hotspot/share/prims/jni.cpp, line 1362]
Event: 3.613 Thread 0x000001e4e79e6800 Exception <a 'java/lang/NoSuchMethodError'{0x0000000087500a40}: <clinit>> (0x0000000087500a40) thrown at [./src/hotspot/share/prims/jni.cpp, line 1362]
Event: 3.614 Thread 0x000001e4e79e6800 Exception <a 'java/lang/NoSuchMethodError'{0x000000008750f788}: <clinit>> (0x000000008750f788) thrown at [./src/hotspot/share/prims/jni.cpp, line 1362]
Event: 3.614 Thread 0x000001e4e79e6800 Exception <a 'java/lang/NoSuchMethodError'{0x00000000875115d8}: <clinit>> (0x00000000875115d8) thrown at [./src/hotspot/share/prims/jni.cpp, line 1362]
Event: 3.616 Thread 0x000001e4e79e6800 Exception <a 'java/lang/NoSuchMethodError'{0x00000000875209b8}: <clinit>> (0x00000000875209b8) thrown at [./src/hotspot/share/prims/jni.cpp, line 1362]
Event: 3.810 Thread 0x000001e4e882d000 Exception <a 'java/lang/ClassNotFoundException'{0x0000000086243170}: build_bf2pliajchlll6j04144ojql3BeanInfo> (0x0000000086243170) thrown at [./src/hotspot/share/classfile/systemDictionary.cpp, line 231]
Event: 3.810 Thread 0x000001e4e882d000 Exception <a 'java/lang/ClassNotFoundException'{0x0000000086258fb8}: org/gradle/api/internal/project/ProjectScriptBeanInfo> (0x0000000086258fb8) thrown at [./src/hotspot/share/classfile/systemDictionary.cpp, line 231]
Event: 3.810 Thread 0x000001e4e882d000 Exception <a 'java/lang/ClassNotFoundException'{0x000000008626efd0}: org/gradle/api/internal/project/ProjectScriptCustomizer> (0x000000008626efd0) thrown at [./src/hotspot/share/classfile/systemDictionary.cpp, line 231]
Event: 3.811 Thread 0x000001e4e882d000 Exception <a 'java/lang/ClassNotFoundException'{0x00000000862a5438}: build_bf2pliajchlll6j04144ojql3Customizer> (0x00000000862a5438) thrown at [./src/hotspot/share/classfile/systemDictionary.cpp, line 231]
Event: 3.831 Thread 0x000001e4e882d000 Exception <a 'java/lang/ClassNotFoundException'{0x00000000861376c8}: org/gradle/api/internal/initialization/DefaultScriptHandlerBeanInfo> (0x00000000861376c8) thrown at [./src/hotspot/share/classfile/systemDictionary.cpp, line 231]
Event: 3.834 Thread 0x000001e4e882d000 Exception <a 'java/lang/ClassNotFoundException'{0x0000000086160680}: org/gradle/api/internal/initialization/DefaultScriptHandlerCustomizer> (0x0000000086160680) thrown at [./src/hotspot/share/classfile/systemDictionary.cpp, line 231]
Event: 4.168 Thread 0x000001e4e882d000 Exception <a 'java/lang/ClassNotFoundException'{0x0000000085950350}: org/gradle/api/internal/artifacts/dsl/dependencies/DefaultDependencyHandler_DecoratedBeanInfo> (0x0000000085950350) thrown at [./src/hotspot/share/classfile/systemDictionary.cpp, line 231]
Event: 4.170 Thread 0x000001e4e882d000 Exception <a 'java/lang/ClassNotFoundException'{0x000000008598e6f0}: org/gradle/api/internal/artifacts/dsl/dependencies/DefaultDependencyHandlerBeanInfo> (0x000000008598e6f0) thrown at [./src/hotspot/share/classfile/systemDictionary.cpp, line 231]
Event: 4.172 Thread 0x000001e4e882d000 Exception <a 'java/lang/ClassNotFoundException'{0x00000000859ccbf8}: org/gradle/api/internal/artifacts/dsl/dependencies/DefaultDependencyHandlerCustomizer> (0x00000000859ccbf8) thrown at [./src/hotspot/share/classfile/systemDictionary.cpp, line 231]
Event: 4.182 Thread 0x000001e4e882d000 Exception <a 'java/lang/ClassNotFoundException'{0x0000000085834860}: org/gradle/api/internal/artifacts/dsl/dependencies/DefaultDependencyHandler_DecoratedCustomizer> (0x0000000085834860) thrown at [./src/hotspot/share/classfile/systemDictionary.cpp, line 231]
Event: 4.206 Thread 0x000001e4e882d000 Exception <a 'java/lang/NoSuchMethodError'{0x0000000085744710}: 'java.lang.Object java.lang.invoke.DirectMethodHandle$Holder.invokeStatic(java.lang.Object, java.lang.Object, int, java.lang.Object)'> (0x0000000085744710) thrown at [./src/hotspot/share/interpreter/linkResolver.cpp, line 773]
Event: 4.207 Thread 0x000001e4e882d000 Exception <a 'java/lang/NoSuchMethodError'{0x000000008574b9a8}: 'java.lang.Object java.lang.invoke.Invokers$Holder.linkToTargetMethod(java.lang.Object, int, java.lang.Object, java.lang.Object)'> (0x000000008574b9a8) thrown at [./src/hotspot/share/interpreter/linkResolver.cpp, line 773]

Events (20 events):
Event: 4.440 loading class org/gradle/api/internal/artifacts/ivyservice/modulecache/ResolvedArtifactCaches$ResolvedArtifactCacheProvidingModuleComponentRepository
Event: 4.440 loading class org/gradle/api/internal/artifacts/ivyservice/modulecache/ResolvedArtifactCaches$ResolvedArtifactCacheProvidingModuleComponentRepository done
Event: 4.441 loading class org/gradle/api/internal/artifacts/ivyservice/ivyresolve/BaseModuleComponentRepository
Event: 4.441 loading class org/gradle/api/internal/artifacts/ivyservice/ivyresolve/BaseModuleComponentRepository done
Event: 4.441 loading class org/gradle/api/internal/artifacts/ivyservice/ivyresolve/ErrorHandlingModuleComponentRepository
Event: 4.441 loading class org/gradle/api/internal/artifacts/ivyservice/ivyresolve/ErrorHandlingModuleComponentRepository done
Event: 4.442 loading class org/gradle/api/internal/artifacts/ivyservice/ivyresolve/ErrorHandlingModuleComponentRepository$ErrorHandlingModuleComponentRepositoryAccess
Event: 4.442 loading class org/gradle/api/internal/artifacts/ivyservice/ivyresolve/ErrorHandlingModuleComponentRepository$ErrorHandlingModuleComponentRepositoryAccess done
Event: 4.443 loading class org/gradle/api/internal/artifacts/ivyservice/ivyresolve/RepositoryDisabler$NoOpBlacklister
Event: 4.443 loading class org/gradle/api/internal/artifacts/ivyservice/ivyresolve/RepositoryDisabler$NoOpBlacklister done
Event: 4.445 loading class org/gradle/api/internal/artifacts/repositories/DefaultMavenRepositoryContentDescriptor
Event: 4.445 loading class org/gradle/api/internal/artifacts/repositories/DefaultMavenRepositoryContentDescriptor done
Event: 4.446 loading class org/gradle/api/artifacts/repositories/MavenRepositoryContentDescriptor
Event: 4.446 loading class org/gradle/api/artifacts/repositories/MavenRepositoryContentDescriptor done
Event: 4.446 loading class org/gradle/api/internal/artifacts/repositories/DefaultRepositoryContentDescriptor
Event: 4.446 loading class org/gradle/api/internal/artifacts/repositories/DefaultRepositoryContentDescriptor done
Event: 4.448 loading class org/gradle/api/internal/artifacts/repositories/DefaultMavenArtifactRepository
Event: 4.448 loading class org/gradle/api/internal/artifacts/repositories/DefaultMavenArtifactRepository done
Event: 4.449 loading class org/gradle/api/internal/artifacts/ivyservice/ivyresolve/FilteredModuleComponentRepository
Event: 4.449 loading class org/gradle/api/internal/artifacts/ivyservice/ivyresolve/FilteredModuleComponentRepository done


Dynamic libraries:
0x00007ff7859a0000 - 0x00007ff7859aa000 	C:\Program Files\Android\Android Studio\jre\bin\java.exe
0x00007ffb8a1b0000 - 0x00007ffb8a3a5000 	C:\Windows\SYSTEM32\ntdll.dll
0x00007ffb4cb40000 - 0x00007ffb4cb56000 	C:\Program Files\Avast Software\Avast\aswhook.dll
0x00007ffb897e0000 - 0x00007ffb8989e000 	C:\Windows\System32\KERNEL32.DLL
0x00007ffb87b20000 - 0x00007ffb87de8000 	C:\Windows\System32\KERNELBASE.dll
0x00007ffb87e20000 - 0x00007ffb87f20000 	C:\Windows\System32\ucrtbase.dll
0x00007ffb7ba20000 - 0x00007ffb7ba39000 	C:\Program Files\Android\Android Studio\jre\bin\jli.dll
0x00007ffb79820000 - 0x00007ffb79837000 	C:\Program Files\Android\Android Studio\jre\bin\VCRUNTIME140.dll
0x00007ffb88200000 - 0x00007ffb883a1000 	C:\Windows\System32\USER32.dll
0x00007ffb757d0000 - 0x00007ffb75a6a000 	C:\Windows\WinSxS\amd64_microsoft.windows.common-controls_6595b64144ccf1df_6.0.19041.1110_none_60b5254171f9507e\COMCTL32.dll
0x00007ffb87df0000 - 0x00007ffb87e12000 	C:\Windows\System32\win32u.dll
0x00007ffb89b20000 - 0x00007ffb89bbe000 	C:\Windows\System32\msvcrt.dll
0x00007ffb89450000 - 0x00007ffb8947b000 	C:\Windows\System32\GDI32.dll
0x00007ffb878d0000 - 0x00007ffb879db000 	C:\Windows\System32\gdi32full.dll
0x00007ffb87f20000 - 0x00007ffb87fbd000 	C:\Windows\System32\msvcp_win.dll
0x00007ffb89d60000 - 0x00007ffb89d90000 	C:\Windows\System32\IMM32.DLL
0x00007ffb17770000 - 0x00007ffb1780d000 	C:\Program Files\Android\Android Studio\jre\bin\msvcp140.dll
0x00007ffb15880000 - 0x00007ffb1634f000 	C:\Program Files\Android\Android Studio\jre\bin\server\jvm.dll
0x00007ffb893a0000 - 0x00007ffb8944c000 	C:\Windows\System32\ADVAPI32.dll
0x00007ffb89ee0000 - 0x00007ffb89f7b000 	C:\Windows\System32\sechost.dll
0x00007ffb89bd0000 - 0x00007ffb89cfa000 	C:\Windows\System32\RPCRT4.dll
0x00007ffb89bc0000 - 0x00007ffb89bc8000 	C:\Windows\System32\PSAPI.DLL
0x00007ffb738c0000 - 0x00007ffb738c9000 	C:\Windows\SYSTEM32\WSOCK32.dll
0x00007ffb7a140000 - 0x00007ffb7a167000 	C:\Windows\SYSTEM32\WINMM.dll
0x00007ffb82770000 - 0x00007ffb8277a000 	C:\Windows\SYSTEM32\VERSION.dll
0x00007ffb89db0000 - 0x00007ffb89e1b000 	C:\Windows\System32\WS2_32.dll
0x00007ffb857d0000 - 0x00007ffb857e2000 	C:\Windows\SYSTEM32\kernel.appcore.dll
0x00007ffb7b990000 - 0x00007ffb7b9a1000 	C:\Program Files\Android\Android Studio\jre\bin\verify.dll
0x00007ffb7a170000 - 0x00007ffb7a354000 	C:\Windows\SYSTEM32\DBGHELP.DLL
0x00007ffb79f60000 - 0x00007ffb79f8c000 	C:\Windows\SYSTEM32\dbgcore.DLL
0x00007ffb87a90000 - 0x00007ffb87b13000 	C:\Windows\System32\bcryptPrimitives.dll
0x00007ffb7b960000 - 0x00007ffb7b989000 	C:\Program Files\Android\Android Studio\jre\bin\java.dll
0x00007ffb84ff0000 - 0x00007ffb84ffb000 	C:\Program Files\Android\Android Studio\jre\bin\jimage.dll
0x00007ffb79d00000 - 0x00007ffb79d18000 	C:\Program Files\Android\Android Studio\jre\bin\zip.dll
0x00007ffb88830000 - 0x00007ffb88f6f000 	C:\Windows\System32\SHELL32.dll
0x00007ffb859d0000 - 0x00007ffb86160000 	C:\Windows\SYSTEM32\windows.storage.dll
0x00007ffb89480000 - 0x00007ffb897d5000 	C:\Windows\System32\combase.dll
0x00007ffb87320000 - 0x00007ffb8734e000 	C:\Windows\SYSTEM32\Wldp.dll
0x00007ffb899d0000 - 0x00007ffb89a7d000 	C:\Windows\System32\SHCORE.dll
0x00007ffb89e20000 - 0x00007ffb89e75000 	C:\Windows\System32\shlwapi.dll
0x00007ffb87810000 - 0x00007ffb8782f000 	C:\Windows\SYSTEM32\profapi.dll
0x00007ffb79b70000 - 0x00007ffb79b8a000 	C:\Program Files\Android\Android Studio\jre\bin\net.dll
0x00007ffb7aa30000 - 0x00007ffb7ab3c000 	C:\Windows\SYSTEM32\WINHTTP.dll
0x00007ffb87080000 - 0x00007ffb870ea000 	C:\Windows\system32\mswsock.dll
0x00007ffb79860000 - 0x00007ffb79874000 	C:\Program Files\Android\Android Studio\jre\bin\nio.dll
0x00007ffb74f30000 - 0x00007ffb74f57000 	C:\Users\user\.gradle\native\8bec1ad78214c89d9ad589b4d07fe93259594b29d510b10fafb7a158f7737e5d\windows-amd64\native-platform.dll
0x00007ffb6eb00000 - 0x00007ffb6ec3d000 	C:\Users\user\.gradle\native\53dbd7edfb1c66fb8903c78663c9afc45aea4f116125fa6feffd364cf09443e8\windows-amd64\native-platform-file-events.dll
0x00007ffb82ca0000 - 0x00007ffb82caa000 	C:\Program Files\Android\Android Studio\jre\bin\management.dll
0x00007ffb7bc10000 - 0x00007ffb7bc1c000 	C:\Program Files\Android\Android Studio\jre\bin\management_ext.dll
0x00007ffb87280000 - 0x00007ffb87298000 	C:\Windows\SYSTEM32\CRYPTSP.dll
0x00007ffb86990000 - 0x00007ffb869c4000 	C:\Windows\system32\rsaenh.dll
0x00007ffb87fc0000 - 0x00007ffb87fe7000 	C:\Windows\System32\bcrypt.dll
0x00007ffb87790000 - 0x00007ffb877be000 	C:\Windows\SYSTEM32\USERENV.dll
0x00007ffb87270000 - 0x00007ffb8727c000 	C:\Windows\SYSTEM32\CRYPTBASE.dll
0x00007ffb86d20000 - 0x00007ffb86d5b000 	C:\Windows\SYSTEM32\IPHLPAPI.DLL
0x00007ffb8a160000 - 0x00007ffb8a168000 	C:\Windows\System32\NSI.dll
0x00007ffb81d20000 - 0x00007ffb81d37000 	C:\Windows\SYSTEM32\dhcpcsvc6.DLL
0x00007ffb81e90000 - 0x00007ffb81ead000 	C:\Windows\SYSTEM32\dhcpcsvc.DLL
0x00007ffb86d60000 - 0x00007ffb86e2b000 	C:\Windows\SYSTEM32\DNSAPI.dll

dbghelp: loaded successfully - version: 4.0.5 - missing functions: none
symbol engine: initialized successfully - sym options: 0x614 - pdb path: .;C:\Program Files\Android\Android Studio\jre\bin;C:\Windows\SYSTEM32;C:\Program Files\Avast Software\Avast;C:\Windows\WinSxS\amd64_microsoft.windows.common-controls_6595b64144ccf1df_6.0.19041.1110_none_60b5254171f9507e;C:\Program Files\Android\Android Studio\jre\bin\server;C:\Users\user\.gradle\native\8bec1ad78214c89d9ad589b4d07fe93259594b29d510b10fafb7a158f7737e5d\windows-amd64;C:\Users\user\.gradle\native\53dbd7edfb1c66fb8903c78663c9afc45aea4f116125fa6feffd364cf09443e8\windows-amd64

VM Arguments:
jvm_args: --add-opens=java.base/java.util=ALL-UNNAMED --add-opens=java.base/java.lang=ALL-UNNAMED --add-opens=java.base/java.lang.invoke=ALL-UNNAMED --add-opens=java.base/java.util=ALL-UNNAMED --add-opens=java.prefs/java.util.prefs=ALL-UNNAMED --add-opens=java.prefs/java.util.prefs=ALL-UNNAMED --add-opens=java.base/java.nio.charset=ALL-UNNAMED --add-opens=java.base/java.net=ALL-UNNAMED --add-opens=java.base/java.util.concurrent.atomic=ALL-UNNAMED -Xmx2048m -Dfile.encoding=UTF-8 -Duser.country=US -Duser.language=en -Duser.variant 
java_command: org.gradle.launcher.daemon.bootstrap.GradleDaemon 7.0.2
java_class_path (initial): C:\Users\user\.gradle\wrapper\dists\gradle-7.0.2-bin\857tjihv64xamwrf0h14cai3r\gradle-7.0.2\lib\gradle-launcher-7.0.2.jar
Launcher Type: SUN_STANDARD

[Global flags]
     intx CICompilerCount                          = 4                                         {product} {ergonomic}
     uint ConcGCThreads                            = 3                                         {product} {ergonomic}
     uint G1ConcRefinementThreads                  = 10                                        {product} {ergonomic}
   size_t G1HeapRegionSize                         = 1048576                                   {product} {ergonomic}
    uintx GCDrainStackTargetSize                   = 64                                        {product} {ergonomic}
   size_t InitialHeapSize                          = 132120576                                 {product} {ergonomic}
   size_t MarkStackSize                            = 4194304                                   {product} {ergonomic}
   size_t MaxHeapSize                              = 2147483648                                {product} {command line}
   size_t MaxNewSize                               = 1287651328                                {product} {ergonomic}
   size_t MinHeapDeltaBytes                        = 1048576                                   {product} {ergonomic}
    uintx NonNMethodCodeHeapSize                   = 5836300                                {pd product} {ergonomic}
    uintx NonProfiledCodeHeapSize                  = 122910970                              {pd product} {ergonomic}
    uintx ProfiledCodeHeapSize                     = 122910970                              {pd product} {ergonomic}
    uintx ReservedCodeCacheSize                    = 251658240                              {pd product} {ergonomic}
     bool SegmentedCodeCache                       = true                                      {product} {ergonomic}
     bool UseCompressedClassPointers               = true                                 {lp64_product} {ergonomic}
     bool UseCompressedOops                        = true                                 {lp64_product} {ergonomic}
     bool UseG1GC                                  = true                                      {product} {ergonomic}
     bool UseLargePagesIndividualAllocation        = false                                  {pd product} {ergonomic}

Logging:
Log output configuration:
 #0: stdout all=warning uptime,level,tags
 #1: stderr all=off uptime,level,tags

Environment Variables:
JAVA_HOME=C:\Users\user\AppData\Local\Programs\Eclipse Adoptium\jdk-11.0.13.8-hotspot\
PATH=C:\Program Files (x86)\Common Files\Oracle\Java\javapath;C:\Windows\system32;C:\Windows;C:\Windows\System32\Wbem;C:\Windows\System32\WindowsPowerShell\v1.0\;C:\Windows\System32\OpenSSH\;C:\Program Files (x86)\NVIDIA Corporation\PhysX\Common;C:\Program Files\NVIDIA Corporation\NVIDIA NvDLISR;C:\Program Files\Git\cmd;C:\Program Files\nodejs\;C:\ProgramData\chocolatey\bin;C:\Users\user\AppData\Local\Programs\Eclipse Adoptium\jdk-11.0.13.8-hotspot\bin;C:\Users\user\AppData\Local\Microsoft\WindowsApps;C:\Users\user\AppData\Local\Programs\Microsoft VS Code\bin;C:\Users\user\AppData\Local\GitHubDesktop\bin;C:\xampp\php;C:\Users\user\AppData\Local\ComposerSetup\bin;C:\Users\user\AppData\Roaming\Composer\vendor\bin;C:\Users\user\AppData\Roaming\npm
USERNAME=user
OS=Windows_NT
PROCESSOR_IDENTIFIER=Intel64 Family 6 Model 165 Stepping 2, GenuineIntel



---------------  S Y S T E M  ---------------

OS: Windows 10 , 64 bit Build 19041 (10.0.19041.1348)
OS uptime: 0 days 15:53 hours

CPU:total 12 (initial active 12) (6 cores per cpu, 2 threads per core) family 6 model 165 stepping 2 microcode 0xc8, cmov, cx8, fxsr, mmx, sse, sse2, sse3, ssse3, sse4.1, sse4.2, popcnt, avx, avx2, aes, clmul, erms, 3dnowpref, lzcnt, ht, tsc, tscinvbit, bmi1, bmi2, adx, fma

Memory: 4k page, system-wide physical 8013M (423M free)
TotalPageFile size 16666M (AvailPageFile size 8M)
current process WorkingSet (physical memory assigned to process): 271M, peak: 275M
current process commit charge ("private bytes"): 333M, peak: 336M

vm_info: OpenJDK 64-Bit Server VM (11.0.10+0-b96-7249189) for windows-amd64 JRE (11.0.10+0-b96-7249189), built on Mar 31 2021 21:44:00 by "builder" with MS VC++ 14.0 (VS2015)

END.
