#
# There is insufficient memory for the Java Runtime Environment to continue.
# Native memory allocation (malloc) failed to allocate 2131296 bytes for Chunk::new
# Possible reasons:
#   The system is out of physical RAM or swap space
#   The process is running with CompressedOops enabled, and the Java Heap may be blocking the growth of the native heap
# Possible solutions:
#   Reduce memory load on the system
#   Increase physical memory or swap space
#   Check if swap backing store is full
#   Decrease Java heap size (-Xmx/-Xms)
#   Decrease number of Java threads
#   Decrease Java thread stack sizes (-Xss)
#   Set larger code cache with -XX:ReservedCodeCacheSize=
#   JVM is running with Unscaled Compressed Oops mode in which the Java heap is
#     placed in the first 4GB address space. The Java Heap base address is the
#     maximum limit for the native heap growth. Please use -XX:HeapBaseMinAddress
#     to set the Java Heap base and to place the Java Heap above 4GB virtual address.
# This output file may be truncated or incomplete.
#
#  Out of Memory Error (./src/hotspot/share/memory/arena.cpp:197), pid=1068, tid=18892
#
# JRE version: OpenJDK Runtime Environment (11.0.10) (build 11.0.10+0-b96-7249189)
# Java VM: OpenJDK 64-Bit Server VM (11.0.10+0-b96-7249189, mixed mode, tiered, compressed oops, g1 gc, windows-amd64)
# No core dump will be written. Minidumps are not enabled by default on client versions of Windows
#

---------------  S U M M A R Y ------------

Command Line: --add-opens=java.base/java.util=ALL-UNNAMED --add-opens=java.base/java.lang=ALL-UNNAMED --add-opens=java.base/java.lang.invoke=ALL-UNNAMED --add-opens=java.base/java.util=ALL-UNNAMED --add-opens=java.prefs/java.util.prefs=ALL-UNNAMED --add-opens=java.prefs/java.util.prefs=ALL-UNNAMED --add-opens=java.base/java.nio.charset=ALL-UNNAMED --add-opens=java.base/java.net=ALL-UNNAMED --add-opens=java.base/java.util.concurrent.atomic=ALL-UNNAMED -Xmx2048m -Dfile.encoding=UTF-8 -Duser.country=US -Duser.language=en -Duser.variant org.gradle.launcher.daemon.bootstrap.GradleDaemon 7.0.2

Host: Intel(R) Core(TM) i7-10750H CPU @ 2.60GHz, 12 cores, 7G,  Windows 10 , 64 bit Build 19041 (10.0.19041.1348)
Time: Mon Dec  6 10:07:20 2021 China Standard Time elapsed time: 8.961642 seconds (0d 0h 0m 8s)

---------------  T H R E A D  ---------------

Current thread (0x0000014e3eaad800):  JavaThread "C2 CompilerThread0" daemon [_thread_in_native, id=18892, stack(0x0000001f31300000,0x0000001f31400000)]


Current CompileTask:
C2:   8961 9373       4       com.android.ide.common.blame.MergingLogPersistUtil::lambda$normalize$0 (107 bytes)

Stack: [0x0000001f31300000,0x0000001f31400000]
Native frames: (J=compiled Java code, j=interpreted, Vv=VM code, C=native code)
V  [jvm.dll+0x5ecfaa]
V  [jvm.dll+0x722bd5]
V  [jvm.dll+0x72412d]
V  [jvm.dll+0x7247e3]
V  [jvm.dll+0x242928]
V  [jvm.dll+0xbc4fc]
V  [jvm.dll+0xbca0c]
V  [jvm.dll+0x2b4fd4]
V  [jvm.dll+0x506028]
V  [jvm.dll+0x203253]
V  [jvm.dll+0x1fd07c]
V  [jvm.dll+0x1fa77f]
V  [jvm.dll+0x18354c]
V  [jvm.dll+0x208ee7]
V  [jvm.dll+0x207731]
V  [jvm.dll+0x6eb1cf]
V  [jvm.dll+0x6e3d45]
V  [jvm.dll+0x5ebe96]
C  [ucrtbase.dll+0x21bb2]
C  [KERNEL32.DLL+0x17034]
C  [ntdll.dll+0x52651]


---------------  P R O C E S S  ---------------

Threads class SMR info:
_java_thread_list=0x0000014e45ace550, length=85, elements={
0x0000014e23871800, 0x0000014e3e12f000, 0x0000014e3e130800, 0x0000014e3eaa6000,
0x0000014e3eaa8000, 0x0000014e3eaa9000, 0x0000014e3eaad800, 0x0000014e3e159000,
0x0000014e3e15a800, 0x0000014e3ec11800, 0x0000014e40bd2800, 0x0000014e402e6000,
0x0000014e400b5800, 0x0000014e40191000, 0x0000014e40558800, 0x0000014e41370000,
0x0000014e40a45800, 0x0000014e412a4800, 0x0000014e412a5800, 0x0000014e40407000,
0x0000014e402f0000, 0x0000014e402f0800, 0x0000014e402f1800, 0x0000014e402ef000,
0x0000014e40c7c800, 0x0000014e40c7b800, 0x0000014e40c79800, 0x0000014e40c7a000,
0x0000014e40c7d800, 0x0000014e42125800, 0x0000014e40c7e000, 0x0000014e40c7f000,
0x0000014e40c81800, 0x0000014e40c85800, 0x0000014e40c82800, 0x0000014e40c84000,
0x0000014e40c83000, 0x0000014e40c87000, 0x0000014e40c84800, 0x0000014e40c86800,
0x0000014e421ca000, 0x0000014e421c8800, 0x0000014e421c4800, 0x0000014e421c7800,
0x0000014e421c6800, 0x0000014e421c9000, 0x0000014e421cb000, 0x0000014e421c5000,
0x0000014e421c6000, 0x0000014e423e7800, 0x0000014e423ee800, 0x0000014e423ea000,
0x0000014e423e8800, 0x0000014e423eb000, 0x0000014e423ed800, 0x0000014e423ec000,
0x0000014e423ef000, 0x0000014e423e9800, 0x0000014e423ec800, 0x0000014e423f5800,
0x0000014e423f2800, 0x0000014e423f6800, 0x0000014e423f3000, 0x0000014e423f4000,
0x0000014e423f5000, 0x0000014e423f0800, 0x0000014e40ec3800, 0x0000014e40ec1000,
0x0000014e40ec2000, 0x0000014e40ec2800, 0x0000014e40ec4800, 0x0000014e40ec5000,
0x0000014e40ebf800, 0x0000014e40ec6000, 0x0000014e40ec0800, 0x0000014e40ecc800,
0x0000014e40ecb800, 0x0000014e40ec8800, 0x0000014e40ec7000, 0x0000014e40ecd800,
0x0000014e40eca000, 0x0000014e40ecb000, 0x0000014e40ec7800, 0x0000014e40ec9800,
0x0000014e40ece000
}

Java Threads: ( => current thread )
  0x0000014e23871800 JavaThread "main" [_thread_blocked, id=11232, stack(0x0000001f30700000,0x0000001f30800000)]
  0x0000014e3e12f000 JavaThread "Reference Handler" daemon [_thread_blocked, id=9408, stack(0x0000001f30e00000,0x0000001f30f00000)]
  0x0000014e3e130800 JavaThread "Finalizer" daemon [_thread_blocked, id=14060, stack(0x0000001f30f00000,0x0000001f31000000)]
  0x0000014e3eaa6000 JavaThread "Signal Dispatcher" daemon [_thread_blocked, id=5140, stack(0x0000001f31000000,0x0000001f31100000)]
  0x0000014e3eaa8000 JavaThread "Attach Listener" daemon [_thread_blocked, id=18084, stack(0x0000001f31100000,0x0000001f31200000)]
  0x0000014e3eaa9000 JavaThread "Service Thread" daemon [_thread_blocked, id=1988, stack(0x0000001f31200000,0x0000001f31300000)]
=>0x0000014e3eaad800 JavaThread "C2 CompilerThread0" daemon [_thread_in_native, id=18892, stack(0x0000001f31300000,0x0000001f31400000)]
  0x0000014e3e159000 JavaThread "C1 CompilerThread0" daemon [_thread_in_native, id=13504, stack(0x0000001f31400000,0x0000001f31500000)]
  0x0000014e3e15a800 JavaThread "Sweeper thread" daemon [_thread_blocked, id=13368, stack(0x0000001f31500000,0x0000001f31600000)]
  0x0000014e3ec11800 JavaThread "Common-Cleaner" daemon [_thread_blocked, id=8844, stack(0x0000001f31600000,0x0000001f31700000)]
  0x0000014e40bd2800 JavaThread "Daemon health stats" [_thread_blocked, id=8276, stack(0x0000001f31c00000,0x0000001f31d00000)]
  0x0000014e402e6000 JavaThread "Incoming local TCP Connector on port 56068" [_thread_in_native, id=12360, stack(0x0000001f31800000,0x0000001f31900000)]
  0x0000014e400b5800 JavaThread "Daemon periodic checks" [_thread_blocked, id=10252, stack(0x0000001f31b00000,0x0000001f31c00000)]
  0x0000014e40191000 JavaThread "Daemon" [_thread_blocked, id=13168, stack(0x0000001f31d00000,0x0000001f31e00000)]
  0x0000014e40558800 JavaThread "Handler for socket connection from /127.0.0.1:56068 to /127.0.0.1:56069" [_thread_in_native, id=12292, stack(0x0000001f31e00000,0x0000001f31f00000)]
  0x0000014e41370000 JavaThread "Cancel handler" [_thread_blocked, id=4048, stack(0x0000001f31f00000,0x0000001f32000000)]
  0x0000014e40a45800 JavaThread "Daemon worker" [_thread_blocked, id=5100, stack(0x0000001f32000000,0x0000001f32100000)]
  0x0000014e412a4800 JavaThread "C2 CompilerThread1" daemon [_thread_in_native, id=1076, stack(0x0000001f32100000,0x0000001f32200000)]
  0x0000014e412a5800 JavaThread "Asynchronous log dispatcher for DefaultDaemonConnection: socket connection from /127.0.0.1:56068 to /127.0.0.1:56069" [_thread_blocked, id=17936, stack(0x0000001f32200000,0x0000001f32300000)]
  0x0000014e40407000 JavaThread "Stdin handler" [_thread_blocked, id=18560, stack(0x0000001f32300000,0x0000001f32400000)]
  0x0000014e402f0000 JavaThread "Daemon client event forwarder" [_thread_blocked, id=9952, stack(0x0000001f32400000,0x0000001f32500000)]
  0x0000014e402f0800 JavaThread "Cache worker for file hash cache (C:\Users\user\.gradle\caches\7.0.2\fileHashes)" [_thread_blocked, id=3628, stack(0x0000001f32c00000,0x0000001f32d00000)]
  0x0000014e402f1800 JavaThread "File lock request listener" [_thread_in_native, id=14852, stack(0x0000001f32d00000,0x0000001f32e00000)]
  0x0000014e402ef000 JavaThread "Cache worker for journal cache (C:\Users\user\.gradle\caches\journal-1)" [_thread_blocked, id=4308, stack(0x0000001f33000000,0x0000001f33100000)]
  0x0000014e40c7c800 JavaThread "Cache worker for file hash cache (C:\Users\user\Documents\GitHub\UASProject\.gradle\7.0.2\fileHashes)" [_thread_blocked, id=15744, stack(0x0000001f33100000,0x0000001f33200000)]
  0x0000014e40c7b800 JavaThread "File watcher server" daemon [_thread_in_native, id=8988, stack(0x0000001f33200000,0x0000001f33300000)]
  0x0000014e40c79800 JavaThread "File watcher consumer" daemon [_thread_blocked, id=17064, stack(0x0000001f33300000,0x0000001f33400000)]
  0x0000014e40c7a000 JavaThread "Cache worker for checksums cache (C:\Users\user\Documents\GitHub\UASProject\.gradle\checksums)" [_thread_blocked, id=6860, stack(0x0000001f33400000,0x0000001f33500000)]
  0x0000014e40c7d800 JavaThread "Cache worker for cache directory md-supplier (C:\Users\user\.gradle\caches\7.0.2\md-supplier)" [_thread_blocked, id=18776, stack(0x0000001f33500000,0x0000001f33600000)]
  0x0000014e42125800 JavaThread "C2 CompilerThread2" daemon [_thread_in_native, id=18708, stack(0x0000001f33600000,0x0000001f33700000)]
  0x0000014e40c7e000 JavaThread "Cache worker for cache directory md-rule (C:\Users\user\.gradle\caches\7.0.2\md-rule)" [_thread_blocked, id=19124, stack(0x0000001f33700000,0x0000001f33800000)]
  0x0000014e40c7f000 JavaThread "Cache worker for execution history cache (C:\Users\user\.gradle\caches\7.0.2\executionHistory)" [_thread_blocked, id=8864, stack(0x0000001f33800000,0x0000001f33900000)]
  0x0000014e40c81800 JavaThread "jar transforms" [_thread_blocked, id=5664, stack(0x0000001f33900000,0x0000001f33a00000)]
  0x0000014e40c85800 JavaThread "jar transforms Thread 2" [_thread_blocked, id=18320, stack(0x0000001f33a00000,0x0000001f33b00000)]
  0x0000014e40c82800 JavaThread "Cache worker for file content cache (C:\Users\user\.gradle\caches\7.0.2\fileContent)" [_thread_blocked, id=3312, stack(0x0000001f33b00000,0x0000001f33c00000)]
  0x0000014e40c84000 JavaThread "Cache worker for dependencies-accessors (C:\Users\user\Documents\GitHub\UASProject\.gradle\7.0.2\dependencies-accessors)" [_thread_blocked, id=18724, stack(0x0000001f33c00000,0x0000001f33d00000)]
  0x0000014e40c83000 JavaThread "jar transforms Thread 3" [_thread_blocked, id=9244, stack(0x0000001f33d00000,0x0000001f33e00000)]
  0x0000014e40c87000 JavaThread "Cache worker for Build Output Cleanup Cache (C:\Users\user\Documents\GitHub\UASProject\.gradle\buildOutputCleanup)" [_thread_blocked, id=12052, stack(0x0000001f33e00000,0x0000001f33f00000)]
  0x0000014e40c84800 JavaThread "Build operations" [_thread_blocked, id=15208, stack(0x0000001f33f00000,0x0000001f34000000)]
  0x0000014e40c86800 JavaThread "Build operations Thread 2" [_thread_blocked, id=13044, stack(0x0000001f34000000,0x0000001f34100000)]
  0x0000014e421ca000 JavaThread "Build operations Thread 3" [_thread_blocked, id=11308, stack(0x0000001f34100000,0x0000001f34200000)]
  0x0000014e421c8800 JavaThread "Build operations Thread 4" [_thread_blocked, id=15596, stack(0x0000001f34200000,0x0000001f34300000)]
  0x0000014e421c4800 JavaThread "Build operations Thread 5" [_thread_blocked, id=15144, stack(0x0000001f34300000,0x0000001f34400000)]
  0x0000014e421c7800 JavaThread "Build operations Thread 6" [_thread_blocked, id=19232, stack(0x0000001f34400000,0x0000001f34500000)]
  0x0000014e421c6800 JavaThread "Build operations Thread 7" [_thread_blocked, id=8728, stack(0x0000001f34500000,0x0000001f34600000)]
  0x0000014e421c9000 JavaThread "Build operations Thread 8" [_thread_blocked, id=10700, stack(0x0000001f34600000,0x0000001f34700000)]
  0x0000014e421cb000 JavaThread "Build operations Thread 9" [_thread_blocked, id=18944, stack(0x0000001f34700000,0x0000001f34800000)]
  0x0000014e421c5000 JavaThread "Build operations Thread 10" [_thread_blocked, id=7668, stack(0x0000001f34800000,0x0000001f34900000)]
  0x0000014e421c6000 JavaThread "Build operations Thread 11" [_thread_blocked, id=12660, stack(0x0000001f34900000,0x0000001f34a00000)]
  0x0000014e423e7800 JavaThread "Build operations Thread 12" [_thread_blocked, id=8660, stack(0x0000001f34a00000,0x0000001f34b00000)]
  0x0000014e423ee800 JavaThread "jar transforms Thread 4" [_thread_blocked, id=8984, stack(0x0000001f34b00000,0x0000001f34c00000)]
  0x0000014e423ea000 JavaThread "jar transforms Thread 5" [_thread_blocked, id=17944, stack(0x0000001f34c00000,0x0000001f34d00000)]
  0x0000014e423e8800 JavaThread "jar transforms Thread 6" [_thread_blocked, id=7208, stack(0x0000001f34d00000,0x0000001f34e00000)]
  0x0000014e423eb000 JavaThread "jar transforms Thread 7" [_thread_blocked, id=17648, stack(0x0000001f34e00000,0x0000001f34f00000)]
  0x0000014e423ed800 JavaThread "jar transforms Thread 8" [_thread_blocked, id=15964, stack(0x0000001f34f00000,0x0000001f35000000)]
  0x0000014e423ec000 JavaThread "jar transforms Thread 9" [_thread_blocked, id=13356, stack(0x0000001f35000000,0x0000001f35100000)]
  0x0000014e423ef000 JavaThread "jar transforms Thread 10" [_thread_blocked, id=14664, stack(0x0000001f35100000,0x0000001f35200000)]
  0x0000014e423e9800 JavaThread "jar transforms Thread 11" [_thread_blocked, id=8328, stack(0x0000001f35200000,0x0000001f35300000)]
  0x0000014e423ec800 JavaThread "jar transforms Thread 12" [_thread_blocked, id=19284, stack(0x0000001f35300000,0x0000001f35400000)]
  0x0000014e423f5800 JavaThread "Memory manager" [_thread_blocked, id=13860, stack(0x0000001f35400000,0x0000001f35500000)]
  0x0000014e423f2800 JavaThread "build event listener" [_thread_blocked, id=15168, stack(0x0000001f35500000,0x0000001f35600000)]
  0x0000014e423f6800 JavaThread "Execution worker for ':'" [_thread_blocked, id=18880, stack(0x0000001f35600000,0x0000001f35700000)]
  0x0000014e423f3000 JavaThread "Execution worker for ':' Thread 2" [_thread_blocked, id=800, stack(0x0000001f35700000,0x0000001f35800000)]
  0x0000014e423f4000 JavaThread "Execution worker for ':' Thread 3" [_thread_blocked, id=8124, stack(0x0000001f35800000,0x0000001f35900000)]
  0x0000014e423f5000 JavaThread "Execution worker for ':' Thread 4" [_thread_blocked, id=15908, stack(0x0000001f35900000,0x0000001f35a00000)]
  0x0000014e423f0800 JavaThread "Execution worker for ':' Thread 5" [_thread_blocked, id=18096, stack(0x0000001f35a00000,0x0000001f35b00000)]
  0x0000014e40ec3800 JavaThread "Execution worker for ':' Thread 6" [_thread_blocked, id=17744, stack(0x0000001f35b00000,0x0000001f35c00000)]
  0x0000014e40ec1000 JavaThread "Execution worker for ':' Thread 7" [_thread_blocked, id=17336, stack(0x0000001f35c00000,0x0000001f35d00000)]
  0x0000014e40ec2000 JavaThread "Execution worker for ':' Thread 8" [_thread_blocked, id=9696, stack(0x0000001f35d00000,0x0000001f35e00000)]
  0x0000014e40ec2800 JavaThread "Execution worker for ':' Thread 9" [_thread_blocked, id=18596, stack(0x0000001f35e00000,0x0000001f35f00000)]
  0x0000014e40ec4800 JavaThread "Execution worker for ':' Thread 10" [_thread_blocked, id=8204, stack(0x0000001f35f00000,0x0000001f36000000)]
  0x0000014e40ec5000 JavaThread "Execution worker for ':' Thread 11" [_thread_blocked, id=17176, stack(0x0000001f36000000,0x0000001f36100000)]
  0x0000014e40ebf800 JavaThread "Cache worker for execution history cache (C:\Users\user\Documents\GitHub\UASProject\.gradle\7.0.2\executionHistory)" [_thread_blocked, id=6308, stack(0x0000001f36100000,0x0000001f36200000)]
  0x0000014e40ec6000 JavaThread "WorkerExecutor Queue" [_thread_in_Java, id=17664, stack(0x0000001f36700000,0x0000001f36800000)]
  0x0000014e40ec0800 JavaThread "WorkerExecutor Queue Thread 2" [_thread_in_Java, id=3852, stack(0x0000001f36800000,0x0000001f36900000)]
  0x0000014e40ecc800 JavaThread "WorkerExecutor Queue Thread 3" [_thread_in_native, id=18164, stack(0x0000001f36900000,0x0000001f36a00000)]
  0x0000014e40ecb800 JavaThread "WorkerExecutor Queue Thread 4" [_thread_blocked, id=18956, stack(0x0000001f36a00000,0x0000001f36b00000)]
  0x0000014e40ec8800 JavaThread "WorkerExecutor Queue Thread 5" [_thread_blocked, id=2648, stack(0x0000001f36b00000,0x0000001f36c00000)]
  0x0000014e40ec7000 JavaThread "WorkerExecutor Queue Thread 6" [_thread_in_Java, id=19328, stack(0x0000001f36c00000,0x0000001f36d00000)]
  0x0000014e40ecd800 JavaThread "WorkerExecutor Queue Thread 7" [_thread_in_Java, id=6440, stack(0x0000001f36d00000,0x0000001f36e00000)]
  0x0000014e40eca000 JavaThread "WorkerExecutor Queue Thread 8" [_thread_in_Java, id=14480, stack(0x0000001f36e00000,0x0000001f36f00000)]
  0x0000014e40ecb000 JavaThread "WorkerExecutor Queue Thread 9" [_thread_blocked, id=9976, stack(0x0000001f36f00000,0x0000001f37000000)]
  0x0000014e40ec7800 JavaThread "WorkerExecutor Queue Thread 10" [_thread_blocked, id=13900, stack(0x0000001f37000000,0x0000001f37100000)]
  0x0000014e40ec9800 JavaThread "WorkerExecutor Queue Thread 11" [_thread_blocked, id=13496, stack(0x0000001f37100000,0x0000001f37200000)]
  0x0000014e40ece000 JavaThread "WorkerExecutor Queue Thread 12" [_thread_in_native, id=2500, stack(0x0000001f37200000,0x0000001f37300000)]

Other Threads:
  0x0000014e3e12b000 VMThread "VM Thread" [stack: 0x0000001f30d00000,0x0000001f30e00000] [id=9668]
  0x0000014e3ec32000 WatcherThread [stack: 0x0000001f31700000,0x0000001f31800000] [id=14608]
  0x0000014e2388c000 GCTaskThread "GC Thread#0" [stack: 0x0000001f30800000,0x0000001f30900000] [id=12652]
  0x0000014e3f14a000 GCTaskThread "GC Thread#1" [stack: 0x0000001f31900000,0x0000001f31a00000] [id=16116]
  0x0000014e3f357000 GCTaskThread "GC Thread#2" [stack: 0x0000001f31a00000,0x0000001f31b00000] [id=18368]
  0x0000014e40fe8000 GCTaskThread "GC Thread#3" [stack: 0x0000001f32500000,0x0000001f32600000] [id=17988]
  0x0000014e412a7000 GCTaskThread "GC Thread#4" [stack: 0x0000001f32600000,0x0000001f32700000] [id=11660]
  0x0000014e4037e800 GCTaskThread "GC Thread#5" [stack: 0x0000001f32700000,0x0000001f32800000] [id=5184]
  0x0000014e4037f000 GCTaskThread "GC Thread#6" [stack: 0x0000001f32800000,0x0000001f32900000] [id=17856]
  0x0000014e3ffbb800 GCTaskThread "GC Thread#7" [stack: 0x0000001f32900000,0x0000001f32a00000] [id=12712]
  0x0000014e3ffbc000 GCTaskThread "GC Thread#8" [stack: 0x0000001f32a00000,0x0000001f32b00000] [id=9544]
  0x0000014e40b51800 GCTaskThread "GC Thread#9" [stack: 0x0000001f32b00000,0x0000001f32c00000] [id=17528]
  0x0000014e238bd800 ConcurrentGCThread "G1 Main Marker" [stack: 0x0000001f30900000,0x0000001f30a00000] [id=4656]
  0x0000014e238bf000 ConcurrentGCThread "G1 Conc#0" [stack: 0x0000001f30a00000,0x0000001f30b00000] [id=7636]
  0x0000014e4119a000 ConcurrentGCThread "G1 Conc#1" [stack: 0x0000001f32e00000,0x0000001f32f00000] [id=5728]
  0x0000014e40f2f000 ConcurrentGCThread "G1 Conc#2" [stack: 0x0000001f32f00000,0x0000001f33000000] [id=3624]
  0x0000014e23948000 ConcurrentGCThread "G1 Refine#0" [stack: 0x0000001f30b00000,0x0000001f30c00000] [id=18128]
  0x0000014e45af5000 ConcurrentGCThread "G1 Refine#1" [stack: 0x0000001f36200000,0x0000001f36300000] [id=7404]
  0x0000014e443fd000 ConcurrentGCThread "G1 Refine#2" [stack: 0x0000001f36300000,0x0000001f36400000] [id=19452]
  0x0000014e493db000 ConcurrentGCThread "G1 Refine#3" [stack: 0x0000001f36400000,0x0000001f36500000] [id=15592]
  0x0000014e44683800 ConcurrentGCThread "G1 Refine#4" [stack: 0x0000001f36500000,0x0000001f36600000] [id=11628]
  0x0000014e44684800 ConcurrentGCThread "G1 Refine#5" [stack: 0x0000001f36600000,0x0000001f36700000] [id=11052]
  0x0000014e3df81800 ConcurrentGCThread "G1 Young RemSet Sampling" [stack: 0x0000001f30c00000,0x0000001f30d00000] [id=17356]

Threads with active compile tasks:
C2 CompilerThread0   9005 9373       4       com.android.ide.common.blame.MergingLogPersistUtil::lambda$normalize$0 (107 bytes)
C1 CompilerThread0   9005 9659       2       com.android.aaptcompiler.UnicodeUtilKt::isXidContinue (15 bytes)
C2 CompilerThread1   9005 9390       4       com.android.ide.common.resources.NodeUtils::updateNamespace (161 bytes)
C2 CompilerThread2   9005 9372       4       com.android.ide.common.blame.MergingLogPersistUtil$$Lambda$1178/0x0000000100b14840::accept (12 bytes)

VM state:not at safepoint (normal execution)

VM Mutex/Monitor currently owned by a thread:  ([mutex/lock_event])
[0x0000014e2386d530] MethodData_lock - owner thread: 0x0000014e3e159000

Heap address: 0x0000000080000000, size: 2048 MB, Compressed Oops mode: 32-bit
Narrow klass base: 0x0000000000000000, Narrow klass shift: 3
Compressed class space size: 1073741824 Address: 0x0000000100000000

Heap:
 garbage-first heap   total 225280K, used 135168K [0x0000000080000000, 0x0000000100000000)
  region size 1024K, 35 young (35840K), 4 survivors (4096K)
 Metaspace       used 82787K, capacity 85131K, committed 85376K, reserved 1122304K
  class space    used 10758K, capacity 11600K, committed 11724K, reserved 1048576K
Heap Regions: E=young(eden), S=young(survivor), O=old, HS=humongous(starts), HC=humongous(continues), CS=collection set, F=free, A=archive, TAMS=top-at-mark-start (previous, next)
|   0|0x0000000080000000, 0x0000000080100000, 0x0000000080100000|100%| O|  |TAMS 0x0000000080100000, 0x0000000080000000| Untracked 
|   1|0x0000000080100000, 0x0000000080200000, 0x0000000080200000|100%| O|  |TAMS 0x0000000080200000, 0x0000000080100000| Untracked 
|   2|0x0000000080200000, 0x0000000080300000, 0x0000000080300000|100%| O|  |TAMS 0x0000000080300000, 0x0000000080200000| Untracked 
|   3|0x0000000080300000, 0x0000000080400000, 0x0000000080400000|100%|HS|  |TAMS 0x0000000080400000, 0x0000000080300000| Complete 
|   4|0x0000000080400000, 0x0000000080500000, 0x0000000080500000|100%|HC|  |TAMS 0x0000000080500000, 0x0000000080400000| Complete 
|   5|0x0000000080500000, 0x0000000080600000, 0x0000000080600000|100%|HC|  |TAMS 0x0000000080600000, 0x0000000080500000| Complete 
|   6|0x0000000080600000, 0x0000000080700000, 0x0000000080700000|100%| O|  |TAMS 0x0000000080700000, 0x0000000080600000| Untracked 
|   7|0x0000000080700000, 0x0000000080800000, 0x0000000080800000|100%| O|  |TAMS 0x0000000080800000, 0x0000000080700000| Untracked 
|   8|0x0000000080800000, 0x0000000080900000, 0x0000000080900000|100%| O|  |TAMS 0x0000000080900000, 0x0000000080800000| Untracked 
|   9|0x0000000080900000, 0x0000000080a00000, 0x0000000080a00000|100%| O|  |TAMS 0x0000000080a00000, 0x0000000080900000| Untracked 
|  10|0x0000000080a00000, 0x0000000080b00000, 0x0000000080b00000|100%| O|  |TAMS 0x0000000080b00000, 0x0000000080a00000| Untracked 
|  11|0x0000000080b00000, 0x0000000080c00000, 0x0000000080c00000|100%| O|  |TAMS 0x0000000080c00000, 0x0000000080b00000| Untracked 
|  12|0x0000000080c00000, 0x0000000080d00000, 0x0000000080d00000|100%| O|  |TAMS 0x0000000080d00000, 0x0000000080c00000| Untracked 
|  13|0x0000000080d00000, 0x0000000080e00000, 0x0000000080e00000|100%| O|  |TAMS 0x0000000080e00000, 0x0000000080d00000| Untracked 
|  14|0x0000000080e00000, 0x0000000080f00000, 0x0000000080f00000|100%| O|  |TAMS 0x0000000080f00000, 0x0000000080e00000| Untracked 
|  15|0x0000000080f00000, 0x0000000081000000, 0x0000000081000000|100%| O|  |TAMS 0x0000000081000000, 0x0000000080f00000| Untracked 
|  16|0x0000000081000000, 0x0000000081100000, 0x0000000081100000|100%|HS|  |TAMS 0x0000000081100000, 0x0000000081000000| Complete 
|  17|0x0000000081100000, 0x0000000081200000, 0x0000000081200000|100%| O|  |TAMS 0x0000000081200000, 0x0000000081100000| Untracked 
|  18|0x0000000081200000, 0x0000000081300000, 0x0000000081300000|100%| O|  |TAMS 0x0000000081300000, 0x0000000081200000| Untracked 
|  19|0x0000000081300000, 0x0000000081400000, 0x0000000081400000|100%| O|  |TAMS 0x0000000081400000, 0x0000000081300000| Untracked 
|  20|0x0000000081400000, 0x0000000081500000, 0x0000000081500000|100%| O|  |TAMS 0x0000000081500000, 0x0000000081400000| Untracked 
|  21|0x0000000081500000, 0x0000000081600000, 0x0000000081600000|100%| O|  |TAMS 0x0000000081600000, 0x0000000081500000| Untracked 
|  22|0x0000000081600000, 0x0000000081700000, 0x0000000081700000|100%| O|  |TAMS 0x0000000081700000, 0x0000000081600000| Untracked 
|  23|0x0000000081700000, 0x0000000081800000, 0x0000000081800000|100%|HS|  |TAMS 0x0000000081800000, 0x0000000081700000| Complete 
|  24|0x0000000081800000, 0x0000000081900000, 0x0000000081900000|100%|HS|  |TAMS 0x0000000081900000, 0x0000000081800000| Complete 
|  25|0x0000000081900000, 0x0000000081a00000, 0x0000000081a00000|100%|HC|  |TAMS 0x0000000081a00000, 0x0000000081900000| Complete 
|  26|0x0000000081a00000, 0x0000000081b00000, 0x0000000081b00000|100%| O|  |TAMS 0x0000000081b00000, 0x0000000081a00000| Untracked 
|  27|0x0000000081b00000, 0x0000000081c00000, 0x0000000081c00000|100%| O|  |TAMS 0x0000000081c00000, 0x0000000081b00000| Untracked 
|  28|0x0000000081c00000, 0x0000000081d00000, 0x0000000081d00000|100%| O|  |TAMS 0x0000000081d00000, 0x0000000081c00000| Untracked 
|  29|0x0000000081d00000, 0x0000000081e00000, 0x0000000081e00000|100%| O|  |TAMS 0x0000000081e00000, 0x0000000081d00000| Untracked 
|  30|0x0000000081e00000, 0x0000000081f00000, 0x0000000081f00000|100%| O|  |TAMS 0x0000000081f00000, 0x0000000081e00000| Untracked 
|  31|0x0000000081f00000, 0x0000000082000000, 0x0000000082000000|100%| O|  |TAMS 0x0000000082000000, 0x0000000081f00000| Untracked 
|  32|0x0000000082000000, 0x0000000082100000, 0x0000000082100000|100%| O|  |TAMS 0x0000000082100000, 0x0000000082000000| Untracked 
|  33|0x0000000082100000, 0x0000000082200000, 0x0000000082200000|100%| O|  |TAMS 0x0000000082200000, 0x0000000082100000| Untracked 
|  34|0x0000000082200000, 0x0000000082300000, 0x0000000082300000|100%| O|  |TAMS 0x0000000082300000, 0x0000000082200000| Untracked 
|  35|0x0000000082300000, 0x0000000082400000, 0x0000000082400000|100%| O|  |TAMS 0x0000000082400000, 0x0000000082300000| Untracked 
|  36|0x0000000082400000, 0x0000000082500000, 0x0000000082500000|100%| O|  |TAMS 0x0000000082500000, 0x0000000082400000| Untracked 
|  37|0x0000000082500000, 0x0000000082600000, 0x0000000082600000|100%| O|  |TAMS 0x0000000082600000, 0x0000000082500000| Untracked 
|  38|0x0000000082600000, 0x0000000082700000, 0x0000000082700000|100%| O|  |TAMS 0x0000000082700000, 0x0000000082600000| Untracked 
|  39|0x0000000082700000, 0x0000000082800000, 0x0000000082800000|100%| O|  |TAMS 0x0000000082800000, 0x0000000082700000| Untracked 
|  40|0x0000000082800000, 0x0000000082900000, 0x0000000082900000|100%| O|  |TAMS 0x0000000082900000, 0x0000000082800000| Untracked 
|  41|0x0000000082900000, 0x0000000082a00000, 0x0000000082a00000|100%| O|  |TAMS 0x0000000082970800, 0x0000000082900000| Untracked 
|  42|0x0000000082a00000, 0x0000000082b00000, 0x0000000082b00000|100%| O|  |TAMS 0x0000000082a00000, 0x0000000082a00000| Untracked 
|  43|0x0000000082b00000, 0x0000000082c00000, 0x0000000082c00000|100%| O|  |TAMS 0x0000000082b00000, 0x0000000082b00000| Untracked 
|  44|0x0000000082c00000, 0x0000000082d00000, 0x0000000082d00000|100%| O|  |TAMS 0x0000000082c00000, 0x0000000082c00000| Untracked 
|  45|0x0000000082d00000, 0x0000000082e00000, 0x0000000082e00000|100%| O|  |TAMS 0x0000000082d00000, 0x0000000082d00000| Untracked 
|  46|0x0000000082e00000, 0x0000000082f00000, 0x0000000082f00000|100%| O|  |TAMS 0x0000000082e00000, 0x0000000082e00000| Untracked 
|  47|0x0000000082f00000, 0x0000000083000000, 0x0000000083000000|100%| O|  |TAMS 0x0000000082f00000, 0x0000000082f00000| Untracked 
|  48|0x0000000083000000, 0x0000000083100000, 0x0000000083100000|100%| O|  |TAMS 0x0000000083000000, 0x0000000083000000| Untracked 
|  49|0x0000000083100000, 0x0000000083200000, 0x0000000083200000|100%| O|  |TAMS 0x0000000083100000, 0x0000000083100000| Untracked 
|  50|0x0000000083200000, 0x0000000083300000, 0x0000000083300000|100%| O|  |TAMS 0x0000000083200000, 0x0000000083200000| Untracked 
|  51|0x0000000083300000, 0x0000000083400000, 0x0000000083400000|100%| O|  |TAMS 0x0000000083300000, 0x0000000083300000| Untracked 
|  52|0x0000000083400000, 0x0000000083500000, 0x0000000083500000|100%| O|  |TAMS 0x0000000083400000, 0x0000000083400000| Untracked 
|  53|0x0000000083500000, 0x0000000083600000, 0x0000000083600000|100%| O|  |TAMS 0x0000000083500000, 0x0000000083500000| Untracked 
|  54|0x0000000083600000, 0x0000000083700000, 0x0000000083700000|100%| O|  |TAMS 0x0000000083600000, 0x0000000083600000| Untracked 
|  55|0x0000000083700000, 0x0000000083800000, 0x0000000083800000|100%| O|  |TAMS 0x0000000083700000, 0x0000000083700000| Untracked 
|  56|0x0000000083800000, 0x0000000083900000, 0x0000000083900000|100%|HS|  |TAMS 0x0000000083800000, 0x0000000083800000| Complete 
|  57|0x0000000083900000, 0x0000000083a00000, 0x0000000083a00000|100%| O|  |TAMS 0x0000000083900000, 0x0000000083900000| Untracked 
|  58|0x0000000083a00000, 0x0000000083b00000, 0x0000000083b00000|100%| O|  |TAMS 0x0000000083a00000, 0x0000000083a00000| Untracked 
|  59|0x0000000083b00000, 0x0000000083c00000, 0x0000000083c00000|100%| O|  |TAMS 0x0000000083b00000, 0x0000000083b00000| Untracked 
|  60|0x0000000083c00000, 0x0000000083d00000, 0x0000000083d00000|100%| O|  |TAMS 0x0000000083c00000, 0x0000000083c00000| Untracked 
|  61|0x0000000083d00000, 0x0000000083e00000, 0x0000000083e00000|100%| O|  |TAMS 0x0000000083d00000, 0x0000000083d00000| Untracked 
|  62|0x0000000083e00000, 0x0000000083f00000, 0x0000000083f00000|100%| O|  |TAMS 0x0000000083e00000, 0x0000000083e00000| Untracked 
|  63|0x0000000083f00000, 0x0000000084000000, 0x0000000084000000|100%| O|  |TAMS 0x0000000083f00000, 0x0000000083f00000| Untracked 
|  64|0x0000000084000000, 0x0000000084100000, 0x0000000084100000|100%| O|  |TAMS 0x0000000084000000, 0x0000000084000000| Untracked 
|  65|0x0000000084100000, 0x0000000084200000, 0x0000000084200000|100%| O|  |TAMS 0x0000000084100000, 0x0000000084100000| Untracked 
|  66|0x0000000084200000, 0x0000000084300000, 0x0000000084300000|100%| O|  |TAMS 0x0000000084200000, 0x0000000084200000| Untracked 
|  67|0x0000000084300000, 0x0000000084400000, 0x0000000084400000|100%| O|  |TAMS 0x0000000084300000, 0x0000000084300000| Untracked 
|  68|0x0000000084400000, 0x0000000084500000, 0x0000000084500000|100%| O|  |TAMS 0x0000000084400000, 0x0000000084400000| Untracked 
|  69|0x0000000084500000, 0x0000000084600000, 0x0000000084600000|100%| O|  |TAMS 0x0000000084500000, 0x0000000084500000| Untracked 
|  70|0x0000000084600000, 0x0000000084700000, 0x0000000084700000|100%| O|  |TAMS 0x0000000084600000, 0x0000000084600000| Untracked 
|  71|0x0000000084700000, 0x0000000084800000, 0x0000000084800000|100%| O|  |TAMS 0x0000000084700000, 0x0000000084700000| Untracked 
|  72|0x0000000084800000, 0x0000000084900000, 0x0000000084900000|100%| O|  |TAMS 0x0000000084800000, 0x0000000084800000| Untracked 
|  73|0x0000000084900000, 0x0000000084a00000, 0x0000000084a00000|100%| O|  |TAMS 0x0000000084900000, 0x0000000084900000| Untracked 
|  74|0x0000000084a00000, 0x0000000084b00000, 0x0000000084b00000|100%| O|  |TAMS 0x0000000084a00000, 0x0000000084a00000| Untracked 
|  75|0x0000000084b00000, 0x0000000084c00000, 0x0000000084c00000|100%| O|  |TAMS 0x0000000084b00000, 0x0000000084b00000| Untracked 
|  76|0x0000000084c00000, 0x0000000084d00000, 0x0000000084d00000|100%| O|  |TAMS 0x0000000084c00000, 0x0000000084c00000| Untracked 
|  77|0x0000000084d00000, 0x0000000084e00000, 0x0000000084e00000|100%| O|  |TAMS 0x0000000084d00000, 0x0000000084d00000| Untracked 
|  78|0x0000000084e00000, 0x0000000084f00000, 0x0000000084f00000|100%| O|  |TAMS 0x0000000084e00000, 0x0000000084e00000| Untracked 
|  79|0x0000000084f00000, 0x0000000085000000, 0x0000000085000000|100%| O|  |TAMS 0x0000000084f00000, 0x0000000084f00000| Untracked 
|  80|0x0000000085000000, 0x0000000085100000, 0x0000000085100000|100%| O|  |TAMS 0x0000000085000000, 0x0000000085000000| Untracked 
|  81|0x0000000085100000, 0x0000000085200000, 0x0000000085200000|100%| O|  |TAMS 0x0000000085100000, 0x0000000085100000| Untracked 
|  82|0x0000000085200000, 0x0000000085300000, 0x0000000085300000|100%| O|  |TAMS 0x0000000085200000, 0x0000000085200000| Untracked 
|  83|0x0000000085300000, 0x0000000085400000, 0x0000000085400000|100%| O|  |TAMS 0x0000000085300000, 0x0000000085300000| Untracked 
|  84|0x0000000085400000, 0x0000000085500000, 0x0000000085500000|100%|HS|  |TAMS 0x0000000085400000, 0x0000000085400000| Complete 
|  85|0x0000000085500000, 0x0000000085600000, 0x0000000085600000|100%|HS|  |TAMS 0x0000000085500000, 0x0000000085500000| Complete 
|  86|0x0000000085600000, 0x0000000085700000, 0x0000000085700000|100%|HC|  |TAMS 0x0000000085600000, 0x0000000085600000| Complete 
|  87|0x0000000085700000, 0x0000000085800000, 0x0000000085800000|100%|HS|  |TAMS 0x0000000085700000, 0x0000000085700000| Complete 
|  88|0x0000000085800000, 0x0000000085900000, 0x0000000085900000|100%|HC|  |TAMS 0x0000000085800000, 0x0000000085800000| Complete 
|  89|0x0000000085900000, 0x0000000085a00000, 0x0000000085a00000|100%|HC|  |TAMS 0x0000000085900000, 0x0000000085900000| Complete 
|  90|0x0000000085a00000, 0x0000000085b00000, 0x0000000085b00000|100%|HC|  |TAMS 0x0000000085a00000, 0x0000000085a00000| Complete 
|  91|0x0000000085b00000, 0x0000000085c00000, 0x0000000085c00000|100%|HS|  |TAMS 0x0000000085b00000, 0x0000000085b00000| Complete 
|  92|0x0000000085c00000, 0x0000000085d00000, 0x0000000085d00000|100%|HC|  |TAMS 0x0000000085c00000, 0x0000000085c00000| Complete 
|  93|0x0000000085d00000, 0x0000000085e00000, 0x0000000085e00000|100%|HS|  |TAMS 0x0000000085d00000, 0x0000000085d00000| Complete 
|  94|0x0000000085e00000, 0x0000000085f00000, 0x0000000085f00000|100%|HC|  |TAMS 0x0000000085e00000, 0x0000000085e00000| Complete 
|  95|0x0000000085f00000, 0x0000000086000000, 0x0000000086000000|100%|HC|  |TAMS 0x0000000085f00000, 0x0000000085f00000| Complete 
|  96|0x0000000086000000, 0x0000000086100000, 0x0000000086100000|100%|HS|  |TAMS 0x0000000086000000, 0x0000000086000000| Complete 
|  97|0x0000000086100000, 0x0000000086200000, 0x0000000086200000|100%|HC|  |TAMS 0x0000000086100000, 0x0000000086100000| Complete 
|  98|0x0000000086200000, 0x0000000086300000, 0x0000000086300000|100%|HC|  |TAMS 0x0000000086200000, 0x0000000086200000| Complete 
|  99|0x0000000086300000, 0x0000000086300000, 0x0000000086400000|  0%| F|  |TAMS 0x0000000086300000, 0x0000000086300000| Untracked 
| 100|0x0000000086400000, 0x0000000086400000, 0x0000000086500000|  0%| F|  |TAMS 0x0000000086400000, 0x0000000086400000| Untracked 
| 101|0x0000000086500000, 0x0000000086500000, 0x0000000086600000|  0%| F|  |TAMS 0x0000000086500000, 0x0000000086500000| Untracked 
| 102|0x0000000086600000, 0x0000000086600000, 0x0000000086700000|  0%| F|  |TAMS 0x0000000086600000, 0x0000000086600000| Untracked 
| 103|0x0000000086700000, 0x0000000086700000, 0x0000000086800000|  0%| F|  |TAMS 0x0000000086700000, 0x0000000086700000| Untracked 
| 104|0x0000000086800000, 0x0000000086800000, 0x0000000086900000|  0%| F|  |TAMS 0x0000000086800000, 0x0000000086800000| Untracked 
| 105|0x0000000086900000, 0x0000000086900000, 0x0000000086a00000|  0%| F|  |TAMS 0x0000000086900000, 0x0000000086900000| Untracked 
| 106|0x0000000086a00000, 0x0000000086a00000, 0x0000000086b00000|  0%| F|  |TAMS 0x0000000086a00000, 0x0000000086a00000| Untracked 
| 107|0x0000000086b00000, 0x0000000086b00000, 0x0000000086c00000|  0%| F|  |TAMS 0x0000000086b00000, 0x0000000086b00000| Untracked 
| 108|0x0000000086c00000, 0x0000000086c00000, 0x0000000086d00000|  0%| F|  |TAMS 0x0000000086c00000, 0x0000000086c00000| Untracked 
| 109|0x0000000086d00000, 0x0000000086d00000, 0x0000000086e00000|  0%| F|  |TAMS 0x0000000086d00000, 0x0000000086d00000| Untracked 
| 110|0x0000000086e00000, 0x0000000086e00000, 0x0000000086f00000|  0%| F|  |TAMS 0x0000000086e00000, 0x0000000086e00000| Untracked 
| 111|0x0000000086f00000, 0x0000000086f00000, 0x0000000087000000|  0%| F|  |TAMS 0x0000000086f00000, 0x0000000086f00000| Untracked 
| 112|0x0000000087000000, 0x0000000087000000, 0x0000000087100000|  0%| F|  |TAMS 0x0000000087000000, 0x0000000087000000| Untracked 
| 113|0x0000000087100000, 0x0000000087100000, 0x0000000087200000|  0%| F|  |TAMS 0x0000000087100000, 0x0000000087100000| Untracked 
| 114|0x0000000087200000, 0x0000000087200000, 0x0000000087300000|  0%| F|  |TAMS 0x0000000087200000, 0x0000000087200000| Untracked 
| 115|0x0000000087300000, 0x0000000087300000, 0x0000000087400000|  0%| F|  |TAMS 0x0000000087300000, 0x0000000087300000| Untracked 
| 116|0x0000000087400000, 0x0000000087400000, 0x0000000087500000|  0%| F|  |TAMS 0x0000000087400000, 0x0000000087400000| Untracked 
| 117|0x0000000087500000, 0x0000000087500000, 0x0000000087600000|  0%| F|  |TAMS 0x0000000087500000, 0x0000000087500000| Untracked 
| 118|0x0000000087600000, 0x0000000087600000, 0x0000000087700000|  0%| F|  |TAMS 0x0000000087600000, 0x0000000087600000| Untracked 
| 119|0x0000000087700000, 0x0000000087700000, 0x0000000087800000|  0%| F|  |TAMS 0x0000000087700000, 0x0000000087700000| Untracked 
| 120|0x0000000087800000, 0x0000000087800000, 0x0000000087900000|  0%| F|  |TAMS 0x0000000087800000, 0x0000000087800000| Untracked 
| 121|0x0000000087900000, 0x0000000087a00000, 0x0000000087a00000|100%| S|CS|TAMS 0x0000000087900000, 0x0000000087900000| Complete 
| 122|0x0000000087a00000, 0x0000000087b00000, 0x0000000087b00000|100%| S|CS|TAMS 0x0000000087a00000, 0x0000000087a00000| Complete 
| 123|0x0000000087b00000, 0x0000000087c00000, 0x0000000087c00000|100%| S|CS|TAMS 0x0000000087b00000, 0x0000000087b00000| Complete 
| 124|0x0000000087c00000, 0x0000000087d00000, 0x0000000087d00000|100%| S|CS|TAMS 0x0000000087c00000, 0x0000000087c00000| Complete 
| 125|0x0000000087d00000, 0x0000000087d00000, 0x0000000087e00000|  0%| F|  |TAMS 0x0000000087d00000, 0x0000000087d00000| Untracked 
| 126|0x0000000087e00000, 0x0000000087e00000, 0x0000000087f00000|  0%| F|  |TAMS 0x0000000087e00000, 0x0000000087e00000| Untracked 
| 127|0x0000000087f00000, 0x0000000087f00000, 0x0000000088000000|  0%| F|  |TAMS 0x0000000087f00000, 0x0000000087f00000| Untracked 
| 128|0x0000000088000000, 0x0000000088000000, 0x0000000088100000|  0%| F|  |TAMS 0x0000000088000000, 0x0000000088000000| Untracked 
| 129|0x0000000088100000, 0x0000000088100000, 0x0000000088200000|  0%| F|  |TAMS 0x0000000088100000, 0x0000000088100000| Untracked 
| 130|0x0000000088200000, 0x0000000088200000, 0x0000000088300000|  0%| F|  |TAMS 0x0000000088200000, 0x0000000088200000| Untracked 
| 131|0x0000000088300000, 0x0000000088300000, 0x0000000088400000|  0%| F|  |TAMS 0x0000000088300000, 0x0000000088300000| Untracked 
| 132|0x0000000088400000, 0x0000000088400000, 0x0000000088500000|  0%| F|  |TAMS 0x0000000088400000, 0x0000000088400000| Untracked 
| 133|0x0000000088500000, 0x0000000088500000, 0x0000000088600000|  0%| F|  |TAMS 0x0000000088500000, 0x0000000088500000| Untracked 
| 134|0x0000000088600000, 0x0000000088600000, 0x0000000088700000|  0%| F|  |TAMS 0x0000000088600000, 0x0000000088600000| Untracked 
| 135|0x0000000088700000, 0x0000000088700000, 0x0000000088800000|  0%| F|  |TAMS 0x0000000088700000, 0x0000000088700000| Untracked 
| 136|0x0000000088800000, 0x0000000088800000, 0x0000000088900000|  0%| F|  |TAMS 0x0000000088800000, 0x0000000088800000| Untracked 
| 137|0x0000000088900000, 0x0000000088900000, 0x0000000088a00000|  0%| F|  |TAMS 0x0000000088900000, 0x0000000088900000| Untracked 
| 138|0x0000000088a00000, 0x0000000088a00000, 0x0000000088b00000|  0%| F|  |TAMS 0x0000000088a00000, 0x0000000088a00000| Untracked 
| 139|0x0000000088b00000, 0x0000000088b00000, 0x0000000088c00000|  0%| F|  |TAMS 0x0000000088b00000, 0x0000000088b00000| Untracked 
| 140|0x0000000088c00000, 0x0000000088c00000, 0x0000000088d00000|  0%| F|  |TAMS 0x0000000088c00000, 0x0000000088c00000| Untracked 
| 141|0x0000000088d00000, 0x0000000088d00000, 0x0000000088e00000|  0%| F|  |TAMS 0x0000000088d00000, 0x0000000088d00000| Untracked 
| 142|0x0000000088e00000, 0x0000000088e00000, 0x0000000088f00000|  0%| F|  |TAMS 0x0000000088e00000, 0x0000000088e00000| Untracked 
| 143|0x0000000088f00000, 0x0000000088f00000, 0x0000000089000000|  0%| F|  |TAMS 0x0000000088f00000, 0x0000000088f00000| Untracked 
| 144|0x0000000089000000, 0x0000000089000000, 0x0000000089100000|  0%| F|  |TAMS 0x0000000089000000, 0x0000000089000000| Untracked 
| 145|0x0000000089100000, 0x0000000089100000, 0x0000000089200000|  0%| F|  |TAMS 0x0000000089100000, 0x0000000089100000| Untracked 
| 146|0x0000000089200000, 0x0000000089200000, 0x0000000089300000|  0%| F|  |TAMS 0x0000000089200000, 0x0000000089200000| Untracked 
| 147|0x0000000089300000, 0x0000000089300000, 0x0000000089400000|  0%| F|  |TAMS 0x0000000089300000, 0x0000000089300000| Untracked 
| 148|0x0000000089400000, 0x0000000089400000, 0x0000000089500000|  0%| F|  |TAMS 0x0000000089400000, 0x0000000089400000| Untracked 
| 149|0x0000000089500000, 0x0000000089500000, 0x0000000089600000|  0%| F|  |TAMS 0x0000000089500000, 0x0000000089500000| Untracked 
| 150|0x0000000089600000, 0x0000000089600000, 0x0000000089700000|  0%| F|  |TAMS 0x0000000089600000, 0x0000000089600000| Untracked 
| 151|0x0000000089700000, 0x0000000089700000, 0x0000000089800000|  0%| F|  |TAMS 0x0000000089700000, 0x0000000089700000| Untracked 
| 152|0x0000000089800000, 0x0000000089800000, 0x0000000089900000|  0%| F|  |TAMS 0x0000000089800000, 0x0000000089800000| Untracked 
| 153|0x0000000089900000, 0x0000000089900000, 0x0000000089a00000|  0%| F|  |TAMS 0x0000000089900000, 0x0000000089900000| Untracked 
| 154|0x0000000089a00000, 0x0000000089a00000, 0x0000000089b00000|  0%| F|  |TAMS 0x0000000089a00000, 0x0000000089a00000| Untracked 
| 155|0x0000000089b00000, 0x0000000089b00000, 0x0000000089c00000|  0%| F|  |TAMS 0x0000000089b00000, 0x0000000089b00000| Untracked 
| 156|0x0000000089c00000, 0x0000000089c00000, 0x0000000089d00000|  0%| F|  |TAMS 0x0000000089c00000, 0x0000000089c00000| Untracked 
| 157|0x0000000089d00000, 0x0000000089d00000, 0x0000000089e00000|  0%| F|  |TAMS 0x0000000089d00000, 0x0000000089d00000| Untracked 
| 158|0x0000000089e00000, 0x0000000089e00000, 0x0000000089f00000|  0%| F|  |TAMS 0x0000000089e00000, 0x0000000089e00000| Untracked 
| 159|0x0000000089f00000, 0x0000000089f00000, 0x000000008a000000|  0%| F|  |TAMS 0x0000000089f00000, 0x0000000089f00000| Untracked 
| 160|0x000000008a000000, 0x000000008a000000, 0x000000008a100000|  0%| F|  |TAMS 0x000000008a000000, 0x000000008a000000| Untracked 
| 161|0x000000008a100000, 0x000000008a100000, 0x000000008a200000|  0%| F|  |TAMS 0x000000008a100000, 0x000000008a100000| Untracked 
| 162|0x000000008a200000, 0x000000008a200000, 0x000000008a300000|  0%| F|  |TAMS 0x000000008a200000, 0x000000008a200000| Untracked 
| 163|0x000000008a300000, 0x000000008a300000, 0x000000008a400000|  0%| F|  |TAMS 0x000000008a300000, 0x000000008a300000| Untracked 
| 164|0x000000008a400000, 0x000000008a400000, 0x000000008a500000|  0%| F|  |TAMS 0x000000008a400000, 0x000000008a400000| Untracked 
| 165|0x000000008a500000, 0x000000008a500000, 0x000000008a600000|  0%| F|  |TAMS 0x000000008a500000, 0x000000008a500000| Untracked 
| 166|0x000000008a600000, 0x000000008a600000, 0x000000008a700000|  0%| F|  |TAMS 0x000000008a600000, 0x000000008a600000| Untracked 
| 167|0x000000008a700000, 0x000000008a700000, 0x000000008a800000|  0%| F|  |TAMS 0x000000008a700000, 0x000000008a700000| Untracked 
| 168|0x000000008a800000, 0x000000008a800000, 0x000000008a900000|  0%| F|  |TAMS 0x000000008a800000, 0x000000008a800000| Untracked 
| 169|0x000000008a900000, 0x000000008a900000, 0x000000008aa00000|  0%| F|  |TAMS 0x000000008a900000, 0x000000008a900000| Untracked 
| 170|0x000000008aa00000, 0x000000008aa00000, 0x000000008ab00000|  0%| F|  |TAMS 0x000000008aa00000, 0x000000008aa00000| Untracked 
| 171|0x000000008ab00000, 0x000000008ab00000, 0x000000008ac00000|  0%| F|  |TAMS 0x000000008ab00000, 0x000000008ab00000| Untracked 
| 172|0x000000008ac00000, 0x000000008ac00000, 0x000000008ad00000|  0%| F|  |TAMS 0x000000008ac00000, 0x000000008ac00000| Untracked 
| 173|0x000000008ad00000, 0x000000008ad00000, 0x000000008ae00000|  0%| F|  |TAMS 0x000000008ad00000, 0x000000008ad00000| Untracked 
| 174|0x000000008ae00000, 0x000000008ae00000, 0x000000008af00000|  0%| F|  |TAMS 0x000000008ae00000, 0x000000008ae00000| Untracked 
| 175|0x000000008af00000, 0x000000008af00000, 0x000000008b000000|  0%| F|  |TAMS 0x000000008af00000, 0x000000008af00000| Untracked 
| 176|0x000000008b000000, 0x000000008b000000, 0x000000008b100000|  0%| F|  |TAMS 0x000000008b000000, 0x000000008b000000| Untracked 
| 177|0x000000008b100000, 0x000000008b100000, 0x000000008b200000|  0%| F|  |TAMS 0x000000008b100000, 0x000000008b100000| Untracked 
| 178|0x000000008b200000, 0x000000008b200000, 0x000000008b300000|  0%| F|  |TAMS 0x000000008b200000, 0x000000008b200000| Untracked 
| 179|0x000000008b300000, 0x000000008b300000, 0x000000008b400000|  0%| F|  |TAMS 0x000000008b300000, 0x000000008b300000| Untracked 
| 180|0x000000008b400000, 0x000000008b400000, 0x000000008b500000|  0%| F|  |TAMS 0x000000008b400000, 0x000000008b400000| Untracked 
| 181|0x000000008b500000, 0x000000008b500000, 0x000000008b600000|  0%| F|  |TAMS 0x000000008b500000, 0x000000008b500000| Untracked 
| 182|0x000000008b600000, 0x000000008b600000, 0x000000008b700000|  0%| F|  |TAMS 0x000000008b600000, 0x000000008b600000| Untracked 
| 183|0x000000008b700000, 0x000000008b700000, 0x000000008b800000|  0%| F|  |TAMS 0x000000008b700000, 0x000000008b700000| Untracked 
| 184|0x000000008b800000, 0x000000008b800000, 0x000000008b900000|  0%| F|  |TAMS 0x000000008b800000, 0x000000008b800000| Untracked 
| 185|0x000000008b900000, 0x000000008b900000, 0x000000008ba00000|  0%| F|  |TAMS 0x000000008b900000, 0x000000008b900000| Untracked 
| 186|0x000000008ba00000, 0x000000008ba00000, 0x000000008bb00000|  0%| F|  |TAMS 0x000000008ba00000, 0x000000008ba00000| Untracked 
| 187|0x000000008bb00000, 0x000000008bb00000, 0x000000008bc00000|  0%| F|  |TAMS 0x000000008bb00000, 0x000000008bb00000| Untracked 
| 188|0x000000008bc00000, 0x000000008bc79b98, 0x000000008bd00000| 47%| E|  |TAMS 0x000000008bc00000, 0x000000008bc00000| Complete 
| 189|0x000000008bd00000, 0x000000008be00000, 0x000000008be00000|100%| E|CS|TAMS 0x000000008bd00000, 0x000000008bd00000| Complete 
| 190|0x000000008be00000, 0x000000008bf00000, 0x000000008bf00000|100%| E|CS|TAMS 0x000000008be00000, 0x000000008be00000| Complete 
| 191|0x000000008bf00000, 0x000000008c000000, 0x000000008c000000|100%| E|CS|TAMS 0x000000008bf00000, 0x000000008bf00000| Complete 
| 192|0x000000008c000000, 0x000000008c100000, 0x000000008c100000|100%| E|CS|TAMS 0x000000008c000000, 0x000000008c000000| Complete 
| 193|0x000000008c100000, 0x000000008c200000, 0x000000008c200000|100%| E|CS|TAMS 0x000000008c100000, 0x000000008c100000| Complete 
| 194|0x000000008c200000, 0x000000008c300000, 0x000000008c300000|100%| E|CS|TAMS 0x000000008c200000, 0x000000008c200000| Complete 
| 195|0x000000008c300000, 0x000000008c400000, 0x000000008c400000|100%| E|CS|TAMS 0x000000008c300000, 0x000000008c300000| Complete 
| 196|0x000000008c400000, 0x000000008c500000, 0x000000008c500000|100%| E|CS|TAMS 0x000000008c400000, 0x000000008c400000| Complete 
| 197|0x000000008c500000, 0x000000008c600000, 0x000000008c600000|100%| E|CS|TAMS 0x000000008c500000, 0x000000008c500000| Complete 
| 198|0x000000008c600000, 0x000000008c700000, 0x000000008c700000|100%| E|CS|TAMS 0x000000008c600000, 0x000000008c600000| Complete 
| 199|0x000000008c700000, 0x000000008c800000, 0x000000008c800000|100%| E|CS|TAMS 0x000000008c700000, 0x000000008c700000| Complete 
| 200|0x000000008c800000, 0x000000008c900000, 0x000000008c900000|100%| E|CS|TAMS 0x000000008c800000, 0x000000008c800000| Complete 
| 201|0x000000008c900000, 0x000000008ca00000, 0x000000008ca00000|100%| E|CS|TAMS 0x000000008c900000, 0x000000008c900000| Complete 
| 202|0x000000008ca00000, 0x000000008cb00000, 0x000000008cb00000|100%| E|CS|TAMS 0x000000008ca00000, 0x000000008ca00000| Complete 
| 203|0x000000008cb00000, 0x000000008cc00000, 0x000000008cc00000|100%| E|CS|TAMS 0x000000008cb00000, 0x000000008cb00000| Complete 
| 204|0x000000008cc00000, 0x000000008cd00000, 0x000000008cd00000|100%| E|CS|TAMS 0x000000008cc00000, 0x000000008cc00000| Complete 
| 205|0x000000008cd00000, 0x000000008ce00000, 0x000000008ce00000|100%| E|CS|TAMS 0x000000008cd00000, 0x000000008cd00000| Complete 
| 206|0x000000008ce00000, 0x000000008cf00000, 0x000000008cf00000|100%| E|CS|TAMS 0x000000008ce00000, 0x000000008ce00000| Complete 
| 207|0x000000008cf00000, 0x000000008d000000, 0x000000008d000000|100%| E|CS|TAMS 0x000000008cf00000, 0x000000008cf00000| Complete 
| 208|0x000000008d000000, 0x000000008d100000, 0x000000008d100000|100%| E|CS|TAMS 0x000000008d000000, 0x000000008d000000| Complete 
| 209|0x000000008d100000, 0x000000008d200000, 0x000000008d200000|100%| E|CS|TAMS 0x000000008d100000, 0x000000008d100000| Complete 
| 210|0x000000008d200000, 0x000000008d300000, 0x000000008d300000|100%| E|CS|TAMS 0x000000008d200000, 0x000000008d200000| Complete 
| 211|0x000000008d300000, 0x000000008d400000, 0x000000008d400000|100%| E|CS|TAMS 0x000000008d300000, 0x000000008d300000| Complete 
| 212|0x000000008d400000, 0x000000008d500000, 0x000000008d500000|100%| E|CS|TAMS 0x000000008d400000, 0x000000008d400000| Complete 
| 213|0x000000008d500000, 0x000000008d600000, 0x000000008d600000|100%| E|CS|TAMS 0x000000008d500000, 0x000000008d500000| Complete 
| 214|0x000000008d600000, 0x000000008d700000, 0x000000008d700000|100%| E|CS|TAMS 0x000000008d600000, 0x000000008d600000| Complete 
| 215|0x000000008d700000, 0x000000008d800000, 0x000000008d800000|100%| E|CS|TAMS 0x000000008d700000, 0x000000008d700000| Complete 
| 216|0x000000008d800000, 0x000000008d900000, 0x000000008d900000|100%| E|CS|TAMS 0x000000008d800000, 0x000000008d800000| Complete 
| 217|0x000000008d900000, 0x000000008da00000, 0x000000008da00000|100%| E|CS|TAMS 0x000000008d900000, 0x000000008d900000| Complete 
| 218|0x000000008da00000, 0x000000008db00000, 0x000000008db00000|100%| E|  |TAMS 0x000000008da00000, 0x000000008da00000| Complete 
| 219|0x000000008db00000, 0x000000008dc00000, 0x000000008dc00000|100%| E|CS|TAMS 0x000000008db00000, 0x000000008db00000| Complete 

Card table byte_map: [0x0000014e36cb0000,0x0000014e370b0000] _byte_map_base: 0x0000014e368b0000

Marking Bits (Prev, Next): (CMBitMap*) 0x0000014e238b4bb8, (CMBitMap*) 0x0000014e238b4bf0
 Prev Bits: [0x0000014e374b0000, 0x0000014e394b0000)
 Next Bits: [0x0000014e394b0000, 0x0000014e3b4b0000)

Polling page: 0x0000014e21730000

Metaspace:

Usage:
  Non-class:     71.93 MB capacity,    70.49 MB ( 98%) used,     1.20 MB (  2%) free+waste,   253.75 KB ( <1%) overhead. 
      Class:     11.36 MB capacity,    10.52 MB ( 93%) used,   741.70 KB (  6%) free+waste,   118.88 KB (  1%) overhead. 
       Both:     83.29 MB capacity,    81.01 MB ( 97%) used,     1.92 MB (  2%) free+waste,   372.63 KB ( <1%) overhead. 

Virtual space:
  Non-class space:       74.00 MB reserved,      72.18 MB ( 98%) committed 
      Class space:        1.00 GB reserved,      11.45 MB (  1%) committed 
             Both:        1.07 GB reserved,      83.63 MB (  8%) committed 

Chunk freelists:
   Non-Class:  57.00 KB
       Class:  16.00 KB
        Both:  73.00 KB

MaxMetaspaceSize: 17179869184.00 GB
CompressedClassSpaceSize: 1.00 GB

CodeHeap 'non-profiled nmethods': size=120000Kb used=5982Kb max_used=5982Kb free=114017Kb
 bounds [0x0000014e2ee30000, 0x0000014e2f410000, 0x0000014e36360000]
CodeHeap 'profiled nmethods': size=120000Kb used=20370Kb max_used=20370Kb free=99629Kb
 bounds [0x0000014e27900000, 0x0000014e28cf0000, 0x0000014e2ee30000]
CodeHeap 'non-nmethods': size=5760Kb used=2280Kb max_used=2341Kb free=3479Kb
 bounds [0x0000014e27360000, 0x0000014e275d0000, 0x0000014e27900000]
 total_blobs=10419 nmethods=9537 adapters=793
 compilation: enabled
              stopped_count=0, restarted_count=0
 full_count=0

Compilation events (20 events):
Event: 8.952 Thread 0x0000014e3e159000 nmethod 9557 0x0000014e28cbaa10 code [0x0000014e28cbabe0, 0x0000014e28cbadf8]
Event: 8.952 Thread 0x0000014e3e159000 9555       2       java.io.ObjectInputStream$BlockDataInputStream::readUTF (10 bytes)
Event: 8.952 Thread 0x0000014e3e159000 nmethod 9555 0x0000014e28cbaf90 code [0x0000014e28cbb160, 0x0000014e28cbb298]
Event: 8.952 Thread 0x0000014e3e159000 9566       2       java.io.ObjectInputStream::readUTF (8 bytes)
Event: 8.952 Thread 0x0000014e3e159000 nmethod 9566 0x0000014e28cbb390 code [0x0000014e28cbb560, 0x0000014e28cbb698]
Event: 8.952 Thread 0x0000014e3e159000 9589       2       java.io.ObjectStreamClass::computeFieldOffsets (307 bytes)
Event: 8.953 Thread 0x0000014e3e159000 nmethod 9589 0x0000014e28cbb790 code [0x0000014e28cbb9a0, 0x0000014e28cbbee8]
Event: 8.953 Thread 0x0000014e3e159000 9565       2       java.io.ObjectInputStream::readByte (8 bytes)
Event: 8.953 Thread 0x0000014e3e159000 nmethod 9565 0x0000014e28cbc190 code [0x0000014e28cbc360, 0x0000014e28cbc538]
Event: 8.953 Thread 0x0000014e3e159000 9572       2       java.io.ObjectStreamField::<init> (264 bytes)
Event: 8.954 Thread 0x0000014e3e159000 nmethod 9572 0x0000014e28cbc690 code [0x0000014e28cbc8e0, 0x0000014e28cbd2a8]
Event: 8.954 Thread 0x0000014e3e159000 9553       2       java.lang.Math::min (12 bytes)
Event: 8.954 Thread 0x0000014e3e159000 nmethod 9553 0x0000014e28cbd590 code [0x0000014e28cbd740, 0x0000014e28cbd838]
Event: 8.954 Thread 0x0000014e3e159000 9574       2       java.io.ObjectStreamClass::getSerialVersionUID (33 bytes)
Event: 8.954 Thread 0x0000014e3e159000 nmethod 9574 0x0000014e28cbd910 code [0x0000014e28cbdae0, 0x0000014e28cbdd68]
Event: 8.954 Thread 0x0000014e3e159000 9582       2       java.io.ObjectStreamClass::<init> (10 bytes)
Event: 8.955 Thread 0x0000014e3e159000 nmethod 9582 0x0000014e28cbde90 code [0x0000014e28cbe040, 0x0000014e28cbe138]
Event: 8.955 Thread 0x0000014e3e159000 9595       2       java.io.ObjectStreamClass::getClassDataLayout0 (296 bytes)
Event: 8.957 Thread 0x0000014e3e159000 nmethod 9595 0x0000014e28cbe210 code [0x0000014e28cbe5c0, 0x0000014e28cbf8f8]
Event: 8.957 Thread 0x0000014e3e159000 9597   !   2       java.io.ObjectStreamClass::readNonProxy (407 bytes)

GC Heap History (20 events):
Event: 3.320 GC heap before
{Heap before GC invocations=9 (full 0):
 garbage-first heap   total 129024K, used 82387K [0x0000000080000000, 0x0000000100000000)
  region size 1024K, 62 young (63488K), 8 survivors (8192K)
 Metaspace       used 43875K, capacity 44933K, committed 45260K, reserved 1089536K
  class space    used 5637K, capacity 5970K, committed 6092K, reserved 1048576K
}
Event: 3.326 GC heap after
{Heap after GC invocations=10 (full 0):
 garbage-first heap   total 155648K, used 29028K [0x0000000080000000, 0x0000000100000000)
  region size 1024K, 7 young (7168K), 7 survivors (7168K)
 Metaspace       used 43875K, capacity 44933K, committed 45260K, reserved 1089536K
  class space    used 5637K, capacity 5970K, committed 6092K, reserved 1048576K
}
Event: 3.945 GC heap before
{Heap before GC invocations=10 (full 0):
 garbage-first heap   total 155648K, used 101732K [0x0000000080000000, 0x0000000100000000)
  region size 1024K, 75 young (76800K), 7 survivors (7168K)
 Metaspace       used 47694K, capacity 49005K, committed 49100K, reserved 1091584K
  class space    used 6115K, capacity 6560K, committed 6604K, reserved 1048576K
}
Event: 3.953 GC heap after
{Heap after GC invocations=11 (full 0):
 garbage-first heap   total 155648K, used 42264K [0x0000000080000000, 0x0000000100000000)
  region size 1024K, 10 young (10240K), 10 survivors (10240K)
 Metaspace       used 47694K, capacity 49005K, committed 49100K, reserved 1091584K
  class space    used 6115K, capacity 6560K, committed 6604K, reserved 1048576K
}
Event: 4.517 GC heap before
{Heap before GC invocations=11 (full 0):
 garbage-first heap   total 155648K, used 105752K [0x0000000080000000, 0x0000000100000000)
  region size 1024K, 72 young (73728K), 10 survivors (10240K)
 Metaspace       used 56415K, capacity 57891K, committed 58188K, reserved 1099776K
  class space    used 7198K, capacity 7709K, committed 7756K, reserved 1048576K
}
Event: 4.524 GC heap after
{Heap after GC invocations=12 (full 0):
 garbage-first heap   total 155648K, used 45149K [0x0000000080000000, 0x0000000100000000)
  region size 1024K, 3 young (3072K), 3 survivors (3072K)
 Metaspace       used 56415K, capacity 57891K, committed 58188K, reserved 1099776K
  class space    used 7198K, capacity 7709K, committed 7756K, reserved 1048576K
}
Event: 4.627 GC heap before
{Heap before GC invocations=12 (full 0):
 garbage-first heap   total 155648K, used 54365K [0x0000000080000000, 0x0000000100000000)
  region size 1024K, 13 young (13312K), 3 survivors (3072K)
 Metaspace       used 58542K, capacity 60115K, committed 60288K, reserved 1101824K
  class space    used 7451K, capacity 8045K, committed 8140K, reserved 1048576K
}
Event: 4.631 GC heap after
{Heap after GC invocations=13 (full 0):
 garbage-first heap   total 155648K, used 46015K [0x0000000080000000, 0x0000000100000000)
  region size 1024K, 4 young (4096K), 4 survivors (4096K)
 Metaspace       used 58542K, capacity 60115K, committed 60288K, reserved 1101824K
  class space    used 7451K, capacity 8045K, committed 8140K, reserved 1048576K
}
Event: 5.203 GC heap before
{Heap before GC invocations=14 (full 0):
 garbage-first heap   total 155648K, used 108479K [0x0000000080000000, 0x0000000100000000)
  region size 1024K, 65 young (66560K), 4 survivors (4096K)
 Metaspace       used 63161K, capacity 64730K, committed 65024K, reserved 1105920K
  class space    used 8047K, capacity 8631K, committed 8780K, reserved 1048576K
}
Event: 5.216 GC heap after
{Heap after GC invocations=15 (full 0):
 garbage-first heap   total 155648K, used 51105K [0x0000000080000000, 0x0000000100000000)
  region size 1024K, 9 young (9216K), 9 survivors (9216K)
 Metaspace       used 63161K, capacity 64730K, committed 65024K, reserved 1105920K
  class space    used 8047K, capacity 8631K, committed 8780K, reserved 1048576K
}
Event: 5.801 GC heap before
{Heap before GC invocations=16 (full 0):
 garbage-first heap   total 155648K, used 112545K [0x0000000080000000, 0x0000000100000000)
  region size 1024K, 69 young (70656K), 9 survivors (9216K)
 Metaspace       used 69100K, capacity 70751K, committed 71040K, reserved 1110016K
  class space    used 8982K, capacity 9583K, committed 9676K, reserved 1048576K
}
Event: 5.810 GC heap after
{Heap after GC invocations=17 (full 0):
 garbage-first heap   total 187392K, used 55436K [0x0000000080000000, 0x0000000100000000)
  region size 1024K, 5 young (5120K), 5 survivors (5120K)
 Metaspace       used 69100K, capacity 70751K, committed 71040K, reserved 1110016K
  class space    used 8982K, capacity 9583K, committed 9676K, reserved 1048576K
}
Event: 6.703 GC heap before
{Heap before GC invocations=17 (full 0):
 garbage-first heap   total 187392K, used 132236K [0x0000000080000000, 0x0000000100000000)
  region size 1024K, 80 young (81920K), 5 survivors (5120K)
 Metaspace       used 77007K, capacity 78955K, committed 79104K, reserved 1118208K
  class space    used 10110K, capacity 10788K, committed 10828K, reserved 1048576K
}
Event: 6.710 GC heap after
{Heap after GC invocations=18 (full 0):
 garbage-first heap   total 187392K, used 59593K [0x0000000080000000, 0x0000000100000000)
  region size 1024K, 9 young (9216K), 9 survivors (9216K)
 Metaspace       used 77007K, capacity 78955K, committed 79104K, reserved 1118208K
  class space    used 10110K, capacity 10788K, committed 10828K, reserved 1048576K
}
Event: 7.600 GC heap before
{Heap before GC invocations=18 (full 0):
 garbage-first heap   total 187392K, used 137417K [0x0000000080000000, 0x0000000100000000)
  region size 1024K, 86 young (88064K), 9 survivors (9216K)
 Metaspace       used 80430K, capacity 82722K, committed 82816K, reserved 1120256K
  class space    used 10565K, capacity 11440K, committed 11468K, reserved 1048576K
}
Event: 7.612 GC heap after
{Heap after GC invocations=19 (full 0):
 garbage-first heap   total 187392K, used 64736K [0x0000000080000000, 0x0000000100000000)
  region size 1024K, 10 young (10240K), 10 survivors (10240K)
 Metaspace       used 80430K, capacity 82722K, committed 82816K, reserved 1120256K
  class space    used 10565K, capacity 11440K, committed 11468K, reserved 1048576K
}
Event: 8.477 GC heap before
{Heap before GC invocations=19 (full 0):
 garbage-first heap   total 187392K, used 152800K [0x0000000080000000, 0x0000000100000000)
  region size 1024K, 86 young (88064K), 10 survivors (10240K)
 Metaspace       used 81172K, capacity 83527K, committed 83712K, reserved 1122304K
  class space    used 10611K, capacity 11474K, committed 11596K, reserved 1048576K
}
Event: 8.494 GC heap after
{Heap after GC invocations=20 (full 0):
 garbage-first heap   total 187392K, used 84599K [0x0000000080000000, 0x0000000100000000)
  region size 1024K, 11 young (11264K), 11 survivors (11264K)
 Metaspace       used 81172K, capacity 83527K, committed 83712K, reserved 1122304K
  class space    used 10611K, capacity 11474K, committed 11596K, reserved 1048576K
}
Event: 8.775 GC heap before
{Heap before GC invocations=20 (full 0):
 garbage-first heap   total 187392K, used 143991K [0x0000000080000000, 0x0000000100000000)
  region size 1024K, 69 young (70656K), 11 survivors (11264K)
 Metaspace       used 81264K, capacity 83601K, committed 83968K, reserved 1122304K
  class space    used 10621K, capacity 11477K, committed 11596K, reserved 1048576K
}
Event: 8.785 GC heap after
{Heap after GC invocations=21 (full 0):
 garbage-first heap   total 225280K, used 90112K [0x0000000080000000, 0x0000000100000000)
  region size 1024K, 4 young (4096K), 4 survivors (4096K)
 Metaspace       used 81264K, capacity 83601K, committed 83968K, reserved 1122304K
  class space    used 10621K, capacity 11477K, committed 11596K, reserved 1048576K
}

Deoptimization events (20 events):
Event: 8.871 Thread 0x0000014e423f6800 Uncommon trap: trap_request=0xffffff6e fr.pc=0x0000014e2f2d02b8 relative=0x0000000000000758
Event: 8.871 Thread 0x0000014e423f6800 Uncommon trap: reason=speculate_class_check action=maybe_recompile pc=0x0000014e2f2d02b8 method=sun.security.provider.DigestBase.implCompressMultiBlock([BII)I @ 11 c2
Event: 8.871 Thread 0x0000014e423f6800 DEOPT PACKING pc=0x0000014e2f2d02b8 sp=0x0000001f356f69b0
Event: 8.871 Thread 0x0000014e423f6800 DEOPT UNPACKING pc=0x0000014e273878af sp=0x0000001f356f68e8 mode 2
Event: 8.871 Thread 0x0000014e423f6800 Uncommon trap: trap_request=0xffffff6e fr.pc=0x0000014e2f2d02b8 relative=0x0000000000000758
Event: 8.871 Thread 0x0000014e423f6800 Uncommon trap: reason=speculate_class_check action=maybe_recompile pc=0x0000014e2f2d02b8 method=sun.security.provider.DigestBase.implCompressMultiBlock([BII)I @ 11 c2
Event: 8.871 Thread 0x0000014e423f6800 DEOPT PACKING pc=0x0000014e2f2d02b8 sp=0x0000001f356f6620
Event: 8.871 Thread 0x0000014e423f6800 DEOPT UNPACKING pc=0x0000014e273878af sp=0x0000001f356f6558 mode 2
Event: 8.903 Thread 0x0000014e423f6800 Uncommon trap: trap_request=0xffffff4d fr.pc=0x0000014e2ef1217c relative=0x000000000000089c
Event: 8.903 Thread 0x0000014e423f6800 Uncommon trap: reason=unstable_if action=reinterpret pc=0x0000014e2ef1217c method=java.lang.Integer.stringSize(I)I @ 19 c2
Event: 8.903 Thread 0x0000014e423f6800 DEOPT PACKING pc=0x0000014e2ef1217c sp=0x0000001f356fa340
Event: 8.903 Thread 0x0000014e423f6800 DEOPT UNPACKING pc=0x0000014e273878af sp=0x0000001f356fa298 mode 2
Event: 8.913 Thread 0x0000014e423f6800 Uncommon trap: trap_request=0xffffff4d fr.pc=0x0000014e2ef11398 relative=0x0000000000000078
Event: 8.913 Thread 0x0000014e423f6800 Uncommon trap: reason=unstable_if action=reinterpret pc=0x0000014e2ef11398 method=java.lang.Integer.stringSize(I)I @ 19 c2
Event: 8.913 Thread 0x0000014e423f6800 DEOPT PACKING pc=0x0000014e2ef11398 sp=0x0000001f356fa300
Event: 8.913 Thread 0x0000014e423f6800 DEOPT UNPACKING pc=0x0000014e273878af sp=0x0000001f356fa280 mode 2
Event: 8.929 Thread 0x0000014e40ecb800 DEOPT PACKING pc=0x0000014e28c90a7a sp=0x0000001f36afc740
Event: 8.929 Thread 0x0000014e40ecb800 DEOPT UNPACKING pc=0x0000014e273876ce sp=0x0000001f36afbc38 mode 0
Event: 8.929 Thread 0x0000014e40ec6000 DEOPT PACKING pc=0x0000014e28c8a72f sp=0x0000001f367fc710
Event: 8.929 Thread 0x0000014e40ec6000 DEOPT UNPACKING pc=0x0000014e273876ce sp=0x0000001f367fbc80 mode 0

Classes redefined (0 events):
No events

Internal exceptions (20 events):
Event: 6.738 Thread 0x0000014e423f6800 Exception <a 'java/lang/NoSuchMethodError'{0x000000008b46ad68}: 'int java.lang.invoke.DirectMethodHandle$Holder.invokeStaticInit(java.lang.Object, java.lang.Object, java.lang.Object, java.lang.Object, java.lang.Object)'> (0x000000008b46ad68) thrown at [./src/hotspot/share/interpreter/linkResolver.cpp, line 773]
Event: 6.943 Thread 0x0000014e421ca000 Exception <a 'java/lang/NoSuchMethodError'{0x000000008a6c4768}: 'java.lang.Object java.lang.invoke.DirectMethodHandle$Holder.invokeSpecialIFC(java.lang.Object, java.lang.Object, java.lang.Object)'> (0x000000008a6c4768) thrown at [./src/hotspot/share/interpreter/linkResolver.cpp, line 773]
Event: 6.943 Thread 0x0000014e40c84800 Exception <a 'java/lang/NoSuchMethodError'{0x000000008a5923a8}: 'java.lang.Object java.lang.invoke.DirectMethodHandle$Holder.invokeSpecialIFC(java.lang.Object, java.lang.Object, java.lang.Object)'> (0x000000008a5923a8) thrown at [./src/hotspot/share/interpreter/linkResolver.cpp, line 773]
Event: 6.943 Thread 0x0000014e421c6800 Exception <a 'java/lang/NoSuchMethodError'{0x000000008a50f290}: 'java.lang.Object java.lang.invoke.DirectMethodHandle$Holder.invokeSpecialIFC(java.lang.Object, java.lang.Object, java.lang.Object)'> (0x000000008a50f290) thrown at [./src/hotspot/share/interpreter/linkResolver.cpp, line 773]
Event: 6.943 Thread 0x0000014e421c4800 Exception <a 'java/lang/NoSuchMethodError'{0x000000008a52bec8}: 'java.lang.Object java.lang.invoke.DirectMethodHandle$Holder.invokeSpecialIFC(java.lang.Object, java.lang.Object, java.lang.Object)'> (0x000000008a52bec8) thrown at [./src/hotspot/share/interpreter/linkResolver.cpp, line 773]
Event: 6.943 Thread 0x0000014e421c9000 Exception <a 'java/lang/NoSuchMethodError'{0x000000008a6fb9c8}: 'java.lang.Object java.lang.invoke.DirectMethodHandle$Holder.invokeSpecialIFC(java.lang.Object, java.lang.Object, java.lang.Object)'> (0x000000008a6fb9c8) thrown at [./src/hotspot/share/interpreter/linkResolver.cpp, line 773]
Event: 6.943 Thread 0x0000014e421c6000 Exception <a 'java/lang/NoSuchMethodError'{0x000000008a562b00}: 'java.lang.Object java.lang.invoke.DirectMethodHandle$Holder.invokeSpecialIFC(java.lang.Object, java.lang.Object, java.lang.Object)'> (0x000000008a562b00) thrown at [./src/hotspot/share/interpreter/linkResolver.cpp, line 773]
Event: 6.943 Thread 0x0000014e421cb000 Exception <a 'java/lang/NoSuchMethodError'{0x000000008a5785f0}: 'java.lang.Object java.lang.invoke.DirectMethodHandle$Holder.invokeSpecialIFC(java.lang.Object, java.lang.Object, java.lang.Object)'> (0x000000008a5785f0) thrown at [./src/hotspot/share/interpreter/linkResolver.cpp, line 773]
Event: 6.943 Thread 0x0000014e421c7800 Exception <a 'java/lang/NoSuchMethodError'{0x000000008a68ed08}: 'java.lang.Object java.lang.invoke.DirectMethodHandle$Holder.invokeSpecialIFC(java.lang.Object, java.lang.Object, java.lang.Object)'> (0x000000008a68ed08) thrown at [./src/hotspot/share/interpreter/linkResolver.cpp, line 773]
Event: 6.943 Thread 0x0000014e421c8800 Exception <a 'java/lang/NoSuchMethodError'{0x000000008a6a87d0}: 'java.lang.Object java.lang.invoke.DirectMethodHandle$Holder.invokeSpecialIFC(java.lang.Object, java.lang.Object, java.lang.Object)'> (0x000000008a6a87d0) thrown at [./src/hotspot/share/interpreter/linkResolver.cpp, line 773]
Event: 6.943 Thread 0x0000014e40c86800 Exception <a 'java/lang/NoSuchMethodError'{0x000000008a5afb98}: 'java.lang.Object java.lang.invoke.DirectMethodHandle$Holder.invokeSpecialIFC(java.lang.Object, java.lang.Object, java.lang.Object)'> (0x000000008a5afb98) thrown at [./src/hotspot/share/interpreter/linkResolver.cpp, line 773]
Event: 6.943 Thread 0x0000014e423e7800 Exception <a 'java/lang/NoSuchMethodError'{0x000000008a54b0b8}: 'java.lang.Object java.lang.invoke.DirectMethodHandle$Holder.invokeSpecialIFC(java.lang.Object, java.lang.Object, java.lang.Object)'> (0x000000008a54b0b8) thrown at [./src/hotspot/share/interpreter/linkResolver.cpp, line 773]
Event: 6.943 Thread 0x0000014e421c5000 Exception <a 'java/lang/NoSuchMethodError'{0x000000008a6d8a18}: 'java.lang.Object java.lang.invoke.DirectMethodHandle$Holder.invokeSpecialIFC(java.lang.Object, java.lang.Object, java.lang.Object)'> (0x000000008a6d8a18) thrown at [./src/hotspot/share/interpreter/linkResolver.cpp, line 773]
Event: 7.342 Thread 0x0000014e423f6800 Exception <a 'java/lang/NoSuchMethodError'{0x0000000087a0ed48}: 'void java.lang.invoke.DirectMethodHandle$Holder.invokeVirtual(java.lang.Object, java.lang.Object)'> (0x0000000087a0ed48) thrown at [./src/hotspot/share/interpreter/linkResolver.cpp, line 773]
Event: 8.141 Thread 0x0000014e423f6800 Implicit null exception at 0x0000014e2f380f18 to 0x0000014e2f381ccf
Event: 8.799 Thread 0x0000014e423f6800 Implicit null exception at 0x0000014e2f3fabe5 to 0x0000014e2f4008e4
Event: 8.799 Thread 0x0000014e423f6800 Implicit null exception at 0x0000014e2f3fabe5 to 0x0000014e2f4008e4
Event: 8.827 Thread 0x0000014e423f6800 Implicit null exception at 0x0000014e2f3fabe5 to 0x0000014e2f4008e4
Event: 8.884 Thread 0x0000014e423f6800 Exception <a 'java/lang/NoSuchMethodError'{0x000000008d57f558}: <clinit>> (0x000000008d57f558) thrown at [./src/hotspot/share/prims/jni.cpp, line 1362]
Event: 8.894 Thread 0x0000014e423f6800 Exception <a 'java/lang/NoSuchMethodError'{0x000000008d472d50}: <clinit>> (0x000000008d472d50) thrown at [./src/hotspot/share/prims/jni.cpp, line 1362]

Events (20 events):
Event: 8.945 Thread 0x0000014e40eca000 Thread added: 0x0000014e40eca000
Event: 8.946 loading class com/android/aaptcompiler/StringPool$Companion
Event: 8.946 loading class com/android/aaptcompiler/StringPool$Companion done
Event: 8.947 loading class com/android/aaptcompiler/StringPool$special$$inlined$compareBy$1
Event: 8.947 loading class com/android/aaptcompiler/StringPool$special$$inlined$compareBy$1 done
Event: 8.947 loading class com/android/aaptcompiler/StringPool$special$$inlined$compareBy$2
Event: 8.947 loading class com/android/aaptcompiler/StringPool$special$$inlined$compareBy$2 done
Event: 8.948 loading class com/android/aaptcompiler/TableExtractorOptions
Event: 8.948 loading class com/android/aaptcompiler/TableExtractorOptions done
Event: 8.948 loading class com/android/aaptcompiler/TableExtractor
Event: 8.948 loading class com/android/aaptcompiler/TableExtractor done
Event: 8.954 loading class com/android/aaptcompiler/XmlUtilKt
Event: 8.954 loading class com/android/aaptcompiler/XmlUtilKt done
Event: 8.954 loading class javax/xml/stream/XMLInputFactory
Event: 8.956 Thread 0x0000014e40ecb000 Thread added: 0x0000014e40ecb000
Event: 8.956 loading class javax/xml/stream/XMLInputFactory done
Event: 8.956 loading class javax/xml/stream/FactoryFinder
Event: 8.956 loading class javax/xml/stream/FactoryFinder done
Event: 8.958 loading class javax/xml/stream/FactoryFinder$1
Event: 8.958 loading class javax/xml/stream/FactoryFinder$1 done


Dynamic libraries:
0x00007ff7859a0000 - 0x00007ff7859aa000 	C:\Program Files\Android\Android Studio\jre\bin\java.exe
0x00007ffb8a1b0000 - 0x00007ffb8a3a5000 	C:\Windows\SYSTEM32\ntdll.dll
0x00007ffb4cb40000 - 0x00007ffb4cb56000 	C:\Program Files\Avast Software\Avast\aswhook.dll
0x00007ffb897e0000 - 0x00007ffb8989e000 	C:\Windows\System32\KERNEL32.DLL
0x00007ffb87b20000 - 0x00007ffb87de8000 	C:\Windows\System32\KERNELBASE.dll
0x00007ffb87e20000 - 0x00007ffb87f20000 	C:\Windows\System32\ucrtbase.dll
0x00007ffb6d180000 - 0x00007ffb6d199000 	C:\Program Files\Android\Android Studio\jre\bin\jli.dll
0x00007ffb6cff0000 - 0x00007ffb6d007000 	C:\Program Files\Android\Android Studio\jre\bin\VCRUNTIME140.dll
0x00007ffb88200000 - 0x00007ffb883a1000 	C:\Windows\System32\USER32.dll
0x00007ffb757d0000 - 0x00007ffb75a6a000 	C:\Windows\WinSxS\amd64_microsoft.windows.common-controls_6595b64144ccf1df_6.0.19041.1110_none_60b5254171f9507e\COMCTL32.dll
0x00007ffb87df0000 - 0x00007ffb87e12000 	C:\Windows\System32\win32u.dll
0x00007ffb89b20000 - 0x00007ffb89bbe000 	C:\Windows\System32\msvcrt.dll
0x00007ffb89450000 - 0x00007ffb8947b000 	C:\Windows\System32\GDI32.dll
0x00007ffb878d0000 - 0x00007ffb879db000 	C:\Windows\System32\gdi32full.dll
0x00007ffb87f20000 - 0x00007ffb87fbd000 	C:\Windows\System32\msvcp_win.dll
0x00007ffb89d60000 - 0x00007ffb89d90000 	C:\Windows\System32\IMM32.DLL
0x00007ffb17770000 - 0x00007ffb1780d000 	C:\Program Files\Android\Android Studio\jre\bin\msvcp140.dll
0x00007ffb15880000 - 0x00007ffb1634f000 	C:\Program Files\Android\Android Studio\jre\bin\server\jvm.dll
0x00007ffb893a0000 - 0x00007ffb8944c000 	C:\Windows\System32\ADVAPI32.dll
0x00007ffb89ee0000 - 0x00007ffb89f7b000 	C:\Windows\System32\sechost.dll
0x00007ffb89bd0000 - 0x00007ffb89cfa000 	C:\Windows\System32\RPCRT4.dll
0x00007ffb89bc0000 - 0x00007ffb89bc8000 	C:\Windows\System32\PSAPI.DLL
0x00007ffb738c0000 - 0x00007ffb738c9000 	C:\Windows\SYSTEM32\WSOCK32.dll
0x00007ffb82770000 - 0x00007ffb8277a000 	C:\Windows\SYSTEM32\VERSION.dll
0x00007ffb7a140000 - 0x00007ffb7a167000 	C:\Windows\SYSTEM32\WINMM.dll
0x00007ffb89db0000 - 0x00007ffb89e1b000 	C:\Windows\System32\WS2_32.dll
0x00007ffb857d0000 - 0x00007ffb857e2000 	C:\Windows\SYSTEM32\kernel.appcore.dll
0x00007ffb7b990000 - 0x00007ffb7b9a1000 	C:\Program Files\Android\Android Studio\jre\bin\verify.dll
0x00007ffb7a170000 - 0x00007ffb7a354000 	C:\Windows\SYSTEM32\DBGHELP.DLL
0x00007ffb79f60000 - 0x00007ffb79f8c000 	C:\Windows\SYSTEM32\dbgcore.DLL
0x00007ffb87a90000 - 0x00007ffb87b13000 	C:\Windows\System32\bcryptPrimitives.dll
0x00007ffb7b960000 - 0x00007ffb7b989000 	C:\Program Files\Android\Android Studio\jre\bin\java.dll
0x00007ffb84ff0000 - 0x00007ffb84ffb000 	C:\Program Files\Android\Android Studio\jre\bin\jimage.dll
0x00007ffb79d00000 - 0x00007ffb79d18000 	C:\Program Files\Android\Android Studio\jre\bin\zip.dll
0x00007ffb88830000 - 0x00007ffb88f6f000 	C:\Windows\System32\SHELL32.dll
0x00007ffb859d0000 - 0x00007ffb86160000 	C:\Windows\SYSTEM32\windows.storage.dll
0x00007ffb89480000 - 0x00007ffb897d5000 	C:\Windows\System32\combase.dll
0x00007ffb87320000 - 0x00007ffb8734e000 	C:\Windows\SYSTEM32\Wldp.dll
0x00007ffb899d0000 - 0x00007ffb89a7d000 	C:\Windows\System32\SHCORE.dll
0x00007ffb89e20000 - 0x00007ffb89e75000 	C:\Windows\System32\shlwapi.dll
0x00007ffb87810000 - 0x00007ffb8782f000 	C:\Windows\SYSTEM32\profapi.dll
0x00007ffb79b70000 - 0x00007ffb79b8a000 	C:\Program Files\Android\Android Studio\jre\bin\net.dll
0x00007ffb7aa30000 - 0x00007ffb7ab3c000 	C:\Windows\SYSTEM32\WINHTTP.dll
0x00007ffb87080000 - 0x00007ffb870ea000 	C:\Windows\system32\mswsock.dll
0x00007ffb79860000 - 0x00007ffb79874000 	C:\Program Files\Android\Android Studio\jre\bin\nio.dll
0x00007ffb74f30000 - 0x00007ffb74f57000 	C:\Users\user\.gradle\native\8bec1ad78214c89d9ad589b4d07fe93259594b29d510b10fafb7a158f7737e5d\windows-amd64\native-platform.dll
0x00007ffb6eb00000 - 0x00007ffb6ec3d000 	C:\Users\user\.gradle\native\53dbd7edfb1c66fb8903c78663c9afc45aea4f116125fa6feffd364cf09443e8\windows-amd64\native-platform-file-events.dll
0x00007ffb82ca0000 - 0x00007ffb82caa000 	C:\Program Files\Android\Android Studio\jre\bin\management.dll
0x00007ffb7bc10000 - 0x00007ffb7bc1c000 	C:\Program Files\Android\Android Studio\jre\bin\management_ext.dll
0x00007ffb87280000 - 0x00007ffb87298000 	C:\Windows\SYSTEM32\CRYPTSP.dll
0x00007ffb86990000 - 0x00007ffb869c4000 	C:\Windows\system32\rsaenh.dll
0x00007ffb87fc0000 - 0x00007ffb87fe7000 	C:\Windows\System32\bcrypt.dll
0x00007ffb87790000 - 0x00007ffb877be000 	C:\Windows\SYSTEM32\USERENV.dll
0x00007ffb87270000 - 0x00007ffb8727c000 	C:\Windows\SYSTEM32\CRYPTBASE.dll
0x00007ffb86d20000 - 0x00007ffb86d5b000 	C:\Windows\SYSTEM32\IPHLPAPI.DLL
0x00007ffb8a160000 - 0x00007ffb8a168000 	C:\Windows\System32\NSI.dll
0x00007ffb81d20000 - 0x00007ffb81d37000 	C:\Windows\SYSTEM32\dhcpcsvc6.DLL
0x00007ffb81e90000 - 0x00007ffb81ead000 	C:\Windows\SYSTEM32\dhcpcsvc.DLL
0x00007ffb86d60000 - 0x00007ffb86e2b000 	C:\Windows\SYSTEM32\DNSAPI.dll

dbghelp: loaded successfully - version: 4.0.5 - missing functions: none
symbol engine: initialized successfully - sym options: 0x614 - pdb path: .;C:\Program Files\Android\Android Studio\jre\bin;C:\Windows\SYSTEM32;C:\Program Files\Avast Software\Avast;C:\Windows\WinSxS\amd64_microsoft.windows.common-controls_6595b64144ccf1df_6.0.19041.1110_none_60b5254171f9507e;C:\Program Files\Android\Android Studio\jre\bin\server;C:\Users\user\.gradle\native\8bec1ad78214c89d9ad589b4d07fe93259594b29d510b10fafb7a158f7737e5d\windows-amd64;C:\Users\user\.gradle\native\53dbd7edfb1c66fb8903c78663c9afc45aea4f116125fa6feffd364cf09443e8\windows-amd64

VM Arguments:
jvm_args: --add-opens=java.base/java.util=ALL-UNNAMED --add-opens=java.base/java.lang=ALL-UNNAMED --add-opens=java.base/java.lang.invoke=ALL-UNNAMED --add-opens=java.base/java.util=ALL-UNNAMED --add-opens=java.prefs/java.util.prefs=ALL-UNNAMED --add-opens=java.prefs/java.util.prefs=ALL-UNNAMED --add-opens=java.base/java.nio.charset=ALL-UNNAMED --add-opens=java.base/java.net=ALL-UNNAMED --add-opens=java.base/java.util.concurrent.atomic=ALL-UNNAMED -Xmx2048m -Dfile.encoding=UTF-8 -Duser.country=US -Duser.language=en -Duser.variant 
java_command: org.gradle.launcher.daemon.bootstrap.GradleDaemon 7.0.2
java_class_path (initial): C:\Users\user\.gradle\wrapper\dists\gradle-7.0.2-bin\857tjihv64xamwrf0h14cai3r\gradle-7.0.2\lib\gradle-launcher-7.0.2.jar
Launcher Type: SUN_STANDARD

[Global flags]
     intx CICompilerCount                          = 4                                         {product} {ergonomic}
     uint ConcGCThreads                            = 3                                         {product} {ergonomic}
     uint G1ConcRefinementThreads                  = 10                                        {product} {ergonomic}
   size_t G1HeapRegionSize                         = 1048576                                   {product} {ergonomic}
    uintx GCDrainStackTargetSize                   = 64                                        {product} {ergonomic}
   size_t InitialHeapSize                          = 132120576                                 {product} {ergonomic}
   size_t MarkStackSize                            = 4194304                                   {product} {ergonomic}
   size_t MaxHeapSize                              = 2147483648                                {product} {command line}
   size_t MaxNewSize                               = 1287651328                                {product} {ergonomic}
   size_t MinHeapDeltaBytes                        = 1048576                                   {product} {ergonomic}
    uintx NonNMethodCodeHeapSize                   = 5836300                                {pd product} {ergonomic}
    uintx NonProfiledCodeHeapSize                  = 122910970                              {pd product} {ergonomic}
    uintx ProfiledCodeHeapSize                     = 122910970                              {pd product} {ergonomic}
    uintx ReservedCodeCacheSize                    = 251658240                              {pd product} {ergonomic}
     bool SegmentedCodeCache                       = true                                      {product} {ergonomic}
     bool UseCompressedClassPointers               = true                                 {lp64_product} {ergonomic}
     bool UseCompressedOops                        = true                                 {lp64_product} {ergonomic}
     bool UseG1GC                                  = true                                      {product} {ergonomic}
     bool UseLargePagesIndividualAllocation        = false                                  {pd product} {ergonomic}

Logging:
Log output configuration:
 #0: stdout all=warning uptime,level,tags
 #1: stderr all=off uptime,level,tags

Environment Variables:
JAVA_HOME=C:\Users\user\AppData\Local\Programs\Eclipse Adoptium\jdk-11.0.13.8-hotspot\
PATH=C:\Program Files (x86)\Common Files\Oracle\Java\javapath;C:\Windows\system32;C:\Windows;C:\Windows\System32\Wbem;C:\Windows\System32\WindowsPowerShell\v1.0\;C:\Windows\System32\OpenSSH\;C:\Program Files (x86)\NVIDIA Corporation\PhysX\Common;C:\Program Files\NVIDIA Corporation\NVIDIA NvDLISR;C:\Program Files\Git\cmd;C:\Program Files\nodejs\;C:\ProgramData\chocolatey\bin;C:\Users\user\AppData\Local\Programs\Eclipse Adoptium\jdk-11.0.13.8-hotspot\bin;C:\Users\user\AppData\Local\Microsoft\WindowsApps;C:\Users\user\AppData\Local\Programs\Microsoft VS Code\bin;C:\Users\user\AppData\Local\GitHubDesktop\bin;C:\xampp\php;C:\Users\user\AppData\Local\ComposerSetup\bin;C:\Users\user\AppData\Roaming\Composer\vendor\bin;C:\Users\user\AppData\Roaming\npm
USERNAME=user
OS=Windows_NT
PROCESSOR_IDENTIFIER=Intel64 Family 6 Model 165 Stepping 2, GenuineIntel



---------------  S Y S T E M  ---------------

OS: Windows 10 , 64 bit Build 19041 (10.0.19041.1348)
OS uptime: 0 days 15:52 hours

CPU:total 12 (initial active 12) (6 cores per cpu, 2 threads per core) family 6 model 165 stepping 2 microcode 0xc8, cmov, cx8, fxsr, mmx, sse, sse2, sse3, ssse3, sse4.1, sse4.2, popcnt, avx, avx2, aes, clmul, erms, 3dnowpref, lzcnt, ht, tsc, tscinvbit, bmi1, bmi2, adx, fma

Memory: 4k page, system-wide physical 8013M (541M free)
TotalPageFile size 16666M (AvailPageFile size 5M)
current process WorkingSet (physical memory assigned to process): 481M, peak: 483M
current process commit charge ("private bytes"): 528M, peak: 530M

vm_info: OpenJDK 64-Bit Server VM (11.0.10+0-b96-7249189) for windows-amd64 JRE (11.0.10+0-b96-7249189), built on Mar 31 2021 21:44:00 by "builder" with MS VC++ 14.0 (VS2015)

END.
